
254502 : 0x15c662a29449f : 1 : spill_jit_data :  Jit agent is not initialized
254481 : 0x15c662a295bfc : 2 : ittapi_config_mask_get :  --itt-config mask to be applied: 55
254481 : 0x15c662a296d6c : 2 : ittapi_config_apply_per_lib :  ITTAPI function instrumented: __itt_domain_create
254481 : 0x15c662a29725a : 2 : ittapi_config_apply_per_lib :  ITTAPI function instrumented: __itt_module_load_with_sections
254481 : 0x15c662a29805d : 2 : ittapi_config_apply_per_lib :  ITTAPI function not implemented: __itt_module_unload_with_sections
254481 : 0x15c662a2984dc : 2 : ittapi_config_apply_per_lib :  ITTAPI function instrumented: __itt_string_handle_create
254481 : 0x15c662a298821 : 2 : ittapi_config_apply_per_lib :  ITTAPI function instrumented: __itt_counter_create
254481 : 0x15c662a298b08 : 2 : ittapi_config_apply_per_lib :  ITTAPI function instrumented: __itt_counter_create_typed
254481 : 0x15c662a298e5d : 2 : ittapi_config_apply_per_lib :  ITTAPI function instrumented: __itt_pause
254481 : 0x15c662a299152 : 2 : ittapi_config_apply_per_lib :  ITTAPI function instrumented: __itt_resume
254481 : 0x15c662a29b710 : 2 : ittapi_config_apply_per_lib :  ITTAPI function instrumented: __itt_thread_set_name
254481 : 0x15c662a29ba8e : 2 : ittapi_config_apply_per_lib :  ITTAPI function instrumented: __itt_thread_ignore
254481 : 0x15c662a29be52 : 2 : ittapi_config_apply_per_lib :  ITTAPI function instrumented: __itt_thr_name_set
254481 : 0x15c662a29c15f : 2 : ittapi_config_apply_per_lib :  ITTAPI function instrumented: __itt_thr_ignore
254481 : 0x15c662a29c446 : 2 : ittapi_config_apply_per_lib :  ITTAPI function instrumented: __itt_histogram_create
254481 : 0x15c662a29c8ed : 2 : ittapi_config_apply_per_lib :  ITTAPI function not implemented: __itt_enable_attach
254481 : 0x15c662a29cc52 : 2 : ittapi_config_apply_per_lib :  ITTAPI function instrumented: __itt_detach
254481 : 0x15c662a29ced0 : 2 : ittapi_config_apply_per_lib :  ITTAPI function NOT instrumented (not matched by --itt-config option): __itt_sync_create

254481 : 0x15c662a29d19c : 2 : ittapi_config_apply_per_lib :  ITTAPI function NOT instrumented (not matched by --itt-config option): __itt_sync_rename

254481 : 0x15c662a29d3d1 : 2 : ittapi_config_apply_per_lib :  ITTAPI function NOT instrumented (not matched by --itt-config option): __itt_sync_destroy

254481 : 0x15c662a29e130 : 2 : ittapi_config_apply_per_lib :  ITTAPI function NOT instrumented (not matched by --itt-config option): __itt_sync_prepare

254481 : 0x15c662a29e3b5 : 2 : ittapi_config_apply_per_lib :  ITTAPI function NOT instrumented (not matched by --itt-config option): __itt_sync_cancel

254481 : 0x15c662a29e5d3 : 2 : ittapi_config_apply_per_lib :  ITTAPI function NOT instrumented (not matched by --itt-config option): __itt_sync_acquired

254481 : 0x15c662a29e7e5 : 2 : ittapi_config_apply_per_lib :  ITTAPI function NOT instrumented (not matched by --itt-config option): __itt_sync_releasing

254481 : 0x15c662a29eb89 : 2 : ittapi_config_apply_per_lib :  ITTAPI function not implemented: __itt_suppress_push
254481 : 0x15c662a29efce : 2 : ittapi_config_apply_per_lib :  ITTAPI function not implemented: __itt_suppress_pop
254481 : 0x15c662a29f36c : 2 : ittapi_config_apply_per_lib :  ITTAPI function not implemented: __itt_suppress_mark_range
254481 : 0x15c662a29f6d5 : 2 : ittapi_config_apply_per_lib :  ITTAPI function not implemented: __itt_suppress_clear_range
254481 : 0x15c662a29f8f7 : 2 : ittapi_config_apply_per_lib :  ITTAPI function NOT instrumented (not matched by --itt-config option): __itt_sync_prepare

254481 : 0x15c662a29fb19 : 2 : ittapi_config_apply_per_lib :  ITTAPI function NOT instrumented (not matched by --itt-config option): __itt_sync_cancel

254481 : 0x15c662a2a04e3 : 2 : ittapi_config_apply_per_lib :  ITTAPI function NOT instrumented (not matched by --itt-config option): __itt_sync_acquired

254481 : 0x15c662a2a071d : 2 : ittapi_config_apply_per_lib :  ITTAPI function NOT instrumented (not matched by --itt-config option): __itt_sync_releasing

254481 : 0x15c662a2a0991 : 2 : ittapi_config_apply_per_lib :  ITTAPI function NOT instrumented (not matched by --itt-config option): __itt_model_site_begin

254481 : 0x15c662a2a0bf9 : 2 : ittapi_config_apply_per_lib :  ITTAPI function NOT instrumented (not matched by --itt-config option): __itt_model_site_end

254481 : 0x15c662a2a0e21 : 2 : ittapi_config_apply_per_lib :  ITTAPI function NOT instrumented (not matched by --itt-config option): __itt_model_task_begin

254481 : 0x15c662a2a1030 : 2 : ittapi_config_apply_per_lib :  ITTAPI function NOT instrumented (not matched by --itt-config option): __itt_model_task_end

254481 : 0x15c662a2a124b : 2 : ittapi_config_apply_per_lib :  ITTAPI function NOT instrumented (not matched by --itt-config option): __itt_model_lock_acquire

254481 : 0x15c662a2a1492 : 2 : ittapi_config_apply_per_lib :  ITTAPI function NOT instrumented (not matched by --itt-config option): __itt_model_lock_release

254481 : 0x15c662a2a1687 : 2 : ittapi_config_apply_per_lib :  ITTAPI function NOT instrumented (not matched by --itt-config option): __itt_model_record_allocation

254481 : 0x15c662a2a187f : 2 : ittapi_config_apply_per_lib :  ITTAPI function NOT instrumented (not matched by --itt-config option): __itt_model_record_deallocation

254481 : 0x15c662a2a28b1 : 2 : ittapi_config_apply_per_lib :  ITTAPI function NOT instrumented (not matched by --itt-config option): __itt_model_induction_uses

254481 : 0x15c662a2a2b36 : 2 : ittapi_config_apply_per_lib :  ITTAPI function NOT instrumented (not matched by --itt-config option): __itt_model_reduction_uses

254481 : 0x15c662a2a2d69 : 2 : ittapi_config_apply_per_lib :  ITTAPI function NOT instrumented (not matched by --itt-config option): __itt_model_observe_uses

254481 : 0x15c662a2a2f8b : 2 : ittapi_config_apply_per_lib :  ITTAPI function NOT instrumented (not matched by --itt-config option): __itt_model_clear_uses

254481 : 0x15c662a2a31a2 : 2 : ittapi_config_apply_per_lib :  ITTAPI function NOT instrumented (not matched by --itt-config option): __itt_model_site_beginA

254481 : 0x15c662a2a33bb : 2 : ittapi_config_apply_per_lib :  ITTAPI function NOT instrumented (not matched by --itt-config option): __itt_model_site_beginAL

254481 : 0x15c662a2a35bd : 2 : ittapi_config_apply_per_lib :  ITTAPI function NOT instrumented (not matched by --itt-config option): __itt_model_task_beginA

254481 : 0x15c662a2a37cc : 2 : ittapi_config_apply_per_lib :  ITTAPI function NOT instrumented (not matched by --itt-config option): __itt_model_task_beginAL

254481 : 0x15c662a2a39dc : 2 : ittapi_config_apply_per_lib :  ITTAPI function NOT instrumented (not matched by --itt-config option): __itt_model_iteration_taskA

254481 : 0x15c662a2a3bde : 2 : ittapi_config_apply_per_lib :  ITTAPI function NOT instrumented (not matched by --itt-config option): __itt_model_iteration_taskAL

254481 : 0x15c662a2a4614 : 2 : ittapi_config_apply_per_lib :  ITTAPI function NOT instrumented (not matched by --itt-config option): __itt_model_site_end_2

254481 : 0x15c662a2a486b : 2 : ittapi_config_apply_per_lib :  ITTAPI function NOT instrumented (not matched by --itt-config option): __itt_model_task_end_2

254481 : 0x15c662a2a4a73 : 2 : ittapi_config_apply_per_lib :  ITTAPI function NOT instrumented (not matched by --itt-config option): __itt_model_lock_acquire_2

254481 : 0x15c662a2a4c8c : 2 : ittapi_config_apply_per_lib :  ITTAPI function NOT instrumented (not matched by --itt-config option): __itt_model_lock_release_2

254481 : 0x15c662a2a4e9b : 2 : ittapi_config_apply_per_lib :  ITTAPI function NOT instrumented (not matched by --itt-config option): __itt_model_aggregate_task

254481 : 0x15c662a2a50cb : 2 : ittapi_config_apply_per_lib :  ITTAPI function NOT instrumented (not matched by --itt-config option): __itt_model_disable_push

254481 : 0x15c662a2a52de : 2 : ittapi_config_apply_per_lib :  ITTAPI function NOT instrumented (not matched by --itt-config option): __itt_model_disable_pop

254481 : 0x15c662a2a55bb : 2 : ittapi_config_apply_per_lib :  ITTAPI function instrumented: __itt_heap_function_create
254481 : 0x15c662a2a58d6 : 2 : ittapi_config_apply_per_lib :  ITTAPI function instrumented: __itt_heap_allocate_begin
254481 : 0x15c662a2a5be2 : 2 : ittapi_config_apply_per_lib :  ITTAPI function instrumented: __itt_heap_allocate_end
254481 : 0x15c662a2a6e8a : 2 : ittapi_config_apply_per_lib :  ITTAPI function instrumented: __itt_heap_free_begin
254481 : 0x15c662a2a71b5 : 2 : ittapi_config_apply_per_lib :  ITTAPI function instrumented: __itt_heap_free_end
254481 : 0x15c662a2a74ce : 2 : ittapi_config_apply_per_lib :  ITTAPI function instrumented: __itt_heap_reallocate_begin
254481 : 0x15c662a2a7761 : 2 : ittapi_config_apply_per_lib :  ITTAPI function instrumented: __itt_heap_reallocate_end
254481 : 0x15c662a2a7ad8 : 2 : ittapi_config_apply_per_lib :  ITTAPI function not implemented: __itt_heap_internal_access_begin
254481 : 0x15c662a2a7e32 : 2 : ittapi_config_apply_per_lib :  ITTAPI function not implemented: __itt_heap_internal_access_end
254481 : 0x15c662a2a8193 : 2 : ittapi_config_apply_per_lib :  ITTAPI function not implemented: __itt_heap_record_memory_growth_begin
254481 : 0x15c662a2a84e0 : 2 : ittapi_config_apply_per_lib :  ITTAPI function not implemented: __itt_heap_record_memory_growth_end
254481 : 0x15c662a2a8841 : 2 : ittapi_config_apply_per_lib :  ITTAPI function not implemented: __itt_heap_reset_detection
254481 : 0x15c662a2a8baf : 2 : ittapi_config_apply_per_lib :  ITTAPI function not implemented: __itt_heap_record
254481 : 0x15c662a2a9729 : 2 : ittapi_config_apply_per_lib :  ITTAPI function not implemented: __itt_id_create
254481 : 0x15c662a2a9b05 : 2 : ittapi_config_apply_per_lib :  ITTAPI function not implemented: __itt_id_destroy
254481 : 0x15c662a2a9e17 : 2 : ittapi_config_apply_per_lib :  ITTAPI function instrumented: __itt_get_timestamp
254481 : 0x15c662a2aa165 : 2 : ittapi_config_apply_per_lib :  ITTAPI function not implemented: __itt_region_begin
254481 : 0x15c662a2aa49a : 2 : ittapi_config_apply_per_lib :  ITTAPI function not implemented: __itt_region_end
254481 : 0x15c662a2aa7e7 : 2 : ittapi_config_apply_per_lib :  ITTAPI function instrumented: __itt_frame_begin_v3
254481 : 0x15c662a2aab39 : 2 : ittapi_config_apply_per_lib :  ITTAPI function instrumented: __itt_frame_end_v3
254481 : 0x15c662a2aae36 : 2 : ittapi_config_apply_per_lib :  ITTAPI function instrumented: __itt_frame_submit_v3
254481 : 0x15c662a2ab1d3 : 2 : ittapi_config_apply_per_lib :  ITTAPI function not implemented: __itt_task_group
254481 : 0x15c662a2ab4eb : 2 : ittapi_config_apply_per_lib :  ITTAPI function instrumented: __itt_task_begin
254481 : 0x15c662a2abed7 : 2 : ittapi_config_apply_per_lib :  ITTAPI function instrumented: __itt_task_begin_fn
254481 : 0x15c662a2ac1f0 : 2 : ittapi_config_apply_per_lib :  ITTAPI function instrumented: __itt_task_end
254481 : 0x15c662a2ac577 : 2 : ittapi_config_apply_per_lib :  ITTAPI function not implemented: __itt_counter_inc_v3
254481 : 0x15c662a2ac92b : 2 : ittapi_config_apply_per_lib :  ITTAPI function not implemented: __itt_counter_inc_delta_v3
254481 : 0x15c662a2acca0 : 2 : ittapi_config_apply_per_lib :  ITTAPI function not implemented: __itt_counter_dec_v3
254481 : 0x15c662a2acfe6 : 2 : ittapi_config_apply_per_lib :  ITTAPI function not implemented: __itt_counter_dec_delta_v3
254481 : 0x15c662a2ad353 : 2 : ittapi_config_apply_per_lib :  ITTAPI function not implemented: __itt_marker
254481 : 0x15c662a2ad649 : 2 : ittapi_config_apply_per_lib :  ITTAPI function instrumented: __itt_metadata_add
254481 : 0x15c662a2ad9f6 : 2 : ittapi_config_apply_per_lib :  ITTAPI function not implemented: __itt_metadata_str_add
254481 : 0x15c662a2add1d : 2 : ittapi_config_apply_per_lib :  ITTAPI function not implemented: __itt_relation_add_to_current
254481 : 0x15c662a2ae80c : 2 : ittapi_config_apply_per_lib :  ITTAPI function not implemented: __itt_relation_add
254481 : 0x15c662a2aeb40 : 2 : ittapi_config_apply_per_lib :  ITTAPI function instrumented: __itt_event_create
254481 : 0x15c662a2aee38 : 2 : ittapi_config_apply_per_lib :  ITTAPI function instrumented: __itt_event_start
254481 : 0x15c662a2af145 : 2 : ittapi_config_apply_per_lib :  ITTAPI function instrumented: __itt_event_end
254481 : 0x15c662a2af374 : 2 : ittapi_config_apply_per_lib :  ITTAPI function NOT instrumented (not matched by --itt-config option): __itt_sync_set_name

254481 : 0x15c662a2af5d2 : 2 : ittapi_config_apply_per_lib :  ITTAPI function NOT instrumented (not matched by --itt-config option): __itt_notify_sync_name

254481 : 0x15c662a2af7ed : 2 : ittapi_config_apply_per_lib :  ITTAPI function NOT instrumented (not matched by --itt-config option): __itt_notify_sync_prepare

254481 : 0x15c662a2afa1f : 2 : ittapi_config_apply_per_lib :  ITTAPI function NOT instrumented (not matched by --itt-config option): __itt_notify_sync_cancel

254481 : 0x15c662a2afc1e : 2 : ittapi_config_apply_per_lib :  ITTAPI function NOT instrumented (not matched by --itt-config option): __itt_notify_sync_acquired

254481 : 0x15c662a2afe57 : 2 : ittapi_config_apply_per_lib :  ITTAPI function NOT instrumented (not matched by --itt-config option): __itt_notify_sync_releasing

254481 : 0x15c662a2b0e8d : 2 : ittapi_config_apply_per_lib :  ITTAPI function not implemented: __itt_memory_read
254481 : 0x15c662a2b1271 : 2 : ittapi_config_apply_per_lib :  ITTAPI function not implemented: __itt_memory_write
254481 : 0x15c662a2b15c6 : 2 : ittapi_config_apply_per_lib :  ITTAPI function not implemented: __itt_memory_update
254481 : 0x15c662a2b198b : 2 : ittapi_config_apply_per_lib :  ITTAPI function not implemented: __itt_state_get
254481 : 0x15c662a2b1ca5 : 2 : ittapi_config_apply_per_lib :  ITTAPI function not implemented: __itt_state_set
254481 : 0x15c662a2b2026 : 2 : ittapi_config_apply_per_lib :  ITTAPI function not implemented: __itt_obj_mode_set
254481 : 0x15c662a2b238c : 2 : ittapi_config_apply_per_lib :  ITTAPI function not implemented: __itt_thr_mode_set
254481 : 0x15c662a2b2645 : 2 : ittapi_config_apply_per_lib :  ITTAPI function instrumented: __itt_frame_create
254481 : 0x15c662a2b290b : 2 : ittapi_config_apply_per_lib :  ITTAPI function instrumented: __itt_pt_region_create
254481 : 0x15c662a2b2bed : 2 : ittapi_config_apply_per_lib :  ITTAPI function instrumented: __itt_frame_begin
254481 : 0x15c662a2b36bb : 2 : ittapi_config_apply_per_lib :  ITTAPI function instrumented: __itt_frame_end
254481 : 0x15c662a2b3a81 : 2 : ittapi_config_apply_per_lib :  ITTAPI function not implemented: __itt_counter_destroy
254481 : 0x15c662a2b3dbb : 2 : ittapi_config_apply_per_lib :  ITTAPI function instrumented: __itt_counter_inc
254481 : 0x15c662a2b40da : 2 : ittapi_config_apply_per_lib :  ITTAPI function instrumented: __itt_counter_inc_delta
254481 : 0x15c662a2b439d : 2 : ittapi_config_apply_per_lib :  ITTAPI function instrumented: __itt_counter_dec
254481 : 0x15c662a2b46c6 : 2 : ittapi_config_apply_per_lib :  ITTAPI function instrumented: __itt_counter_dec_delta
254481 : 0x15c662a2b49a7 : 2 : ittapi_config_apply_per_lib :  ITTAPI function instrumented: __itt_counter_set_value
254481 : 0x15c662a2b4ccb : 2 : ittapi_config_apply_per_lib :  ITTAPI function not implemented: __itt_counter_set_value_ex
254481 : 0x15c662a2b4fd7 : 2 : ittapi_config_apply_per_lib :  ITTAPI function not implemented: __itt_mark_create
254481 : 0x15c662a2b5328 : 2 : ittapi_config_apply_per_lib :  ITTAPI function not implemented: __itt_mark
254481 : 0x15c662a2b5d5a : 2 : ittapi_config_apply_per_lib :  ITTAPI function not implemented: __itt_mark_off
254481 : 0x15c662a2b60d9 : 2 : ittapi_config_apply_per_lib :  ITTAPI function not implemented: __itt_mark_global
254481 : 0x15c662a2b6438 : 2 : ittapi_config_apply_per_lib :  ITTAPI function not implemented: __itt_mark_global_off
254481 : 0x15c662a2b67d2 : 2 : ittapi_config_apply_per_lib :  ITTAPI function instrumented: __itt_stack_caller_create
254481 : 0x15c662a2b6aef : 2 : ittapi_config_apply_per_lib :  ITTAPI function instrumented: __itt_stack_caller_destroy
254481 : 0x15c662a2b6e0b : 2 : ittapi_config_apply_per_lib :  ITTAPI function instrumented: __itt_stack_callee_enter
254481 : 0x15c662a2b70c5 : 2 : ittapi_config_apply_per_lib :  ITTAPI function instrumented: __itt_stack_callee_leave
254481 : 0x15c662a2b73f3 : 2 : ittapi_config_apply_per_lib :  ITTAPI function not implemented: __itt_clock_domain_create
254481 : 0x15c662a2b775b : 2 : ittapi_config_apply_per_lib :  ITTAPI function not implemented: __itt_clock_domain_reset
254481 : 0x15c662a2b7a97 : 2 : ittapi_config_apply_per_lib :  ITTAPI function not implemented: __itt_id_create_ex
254481 : 0x15c662a2b87fa : 2 : ittapi_config_apply_per_lib :  ITTAPI function not implemented: __itt_id_destroy_ex
254481 : 0x15c662a2b8bb6 : 2 : ittapi_config_apply_per_lib :  ITTAPI function not implemented: __itt_task_begin_ex
254481 : 0x15c662a2b8f16 : 2 : ittapi_config_apply_per_lib :  ITTAPI function not implemented: __itt_task_begin_fn_ex
254481 : 0x15c662a2b9263 : 2 : ittapi_config_apply_per_lib :  ITTAPI function not implemented: __itt_task_end_ex
254481 : 0x15c662a2b9578 : 2 : ittapi_config_apply_per_lib :  ITTAPI function instrumented: __itt_task_begin_overlapped
254481 : 0x15c662a2b98d1 : 2 : ittapi_config_apply_per_lib :  ITTAPI function not implemented: __itt_task_begin_overlapped_ex
254481 : 0x15c662a2b9bfd : 2 : ittapi_config_apply_per_lib :  ITTAPI function instrumented: __itt_task_end_overlapped
254481 : 0x15c662a2b9f5b : 2 : ittapi_config_apply_per_lib :  ITTAPI function not implemented: __itt_task_end_overlapped_ex
254481 : 0x15c662a2ba291 : 2 : ittapi_config_apply_per_lib :  ITTAPI function not implemented: __itt_marker_ex
254481 : 0x15c662a2ba5fe : 2 : ittapi_config_apply_per_lib :  ITTAPI function not implemented: __itt_metadata_add_with_scope
254481 : 0x15c662a2bb0c6 : 2 : ittapi_config_apply_per_lib :  ITTAPI function not implemented: __itt_metadata_str_add_with_scope
254481 : 0x15c662a2bb476 : 2 : ittapi_config_apply_per_lib :  ITTAPI function not implemented: __itt_relation_add_to_current_ex
254481 : 0x15c662a2bb7c6 : 2 : ittapi_config_apply_per_lib :  ITTAPI function not implemented: __itt_relation_add_ex
254481 : 0x15c662a2bbb2d : 2 : ittapi_config_apply_per_lib :  ITTAPI function not implemented: __itt_track_group_create
254481 : 0x15c662a2bbe23 : 2 : ittapi_config_apply_per_lib :  ITTAPI function not implemented: __itt_track_create
254481 : 0x15c662a2bc188 : 2 : ittapi_config_apply_per_lib :  ITTAPI function not implemented: __itt_set_track
254481 : 0x15c662a2bc49a : 2 : ittapi_config_apply_per_lib :  ITTAPI function instrumented: __itt_api_version
254481 : 0x15c662a2bc7ed : 2 : ittapi_config_apply_per_lib :  ITTAPI function not implemented: __itt_av_save
254481 : 0x15c662a2bcb09 : 2 : ittapi_config_apply_per_lib :  ITTAPI function instrumented: __itt_module_load
254481 : 0x15c662a2bce69 : 2 : ittapi_config_apply_per_lib :  ITTAPI function not implemented: __itt_module_unload
254481 : 0x15c662a2bd781 : 2 : ittapi_config_apply_per_lib :  ITTAPI function NOT instrumented (not matched by --itt-config option): __itt_histogram_submit

254481 : 0x15c662a2ec659 : 2 : ittapi_config_mask_get :  --itt-config mask to be applied: 55
254481 : 0x15c662a2ecb5e : 2 : ittapi_config_apply_per_lib :  ITTAPI function instrumented: __itt_domain_create
254481 : 0x15c662a2eced7 : 2 : ittapi_config_apply_per_lib :  ITTAPI function instrumented: __itt_module_load_with_sections
254481 : 0x15c662a2ed2b6 : 2 : ittapi_config_apply_per_lib :  ITTAPI function not implemented: __itt_module_unload_with_sections
254481 : 0x15c662a2ed596 : 2 : ittapi_config_apply_per_lib :  ITTAPI function instrumented: __itt_string_handle_create
254481 : 0x15c662a2ed85f : 2 : ittapi_config_apply_per_lib :  ITTAPI function instrumented: __itt_counter_create
254481 : 0x15c662a2edb27 : 2 : ittapi_config_apply_per_lib :  ITTAPI function instrumented: __itt_counter_create_typed
254481 : 0x15c662a2ede05 : 2 : ittapi_config_apply_per_lib :  ITTAPI function instrumented: __itt_pause
254481 : 0x15c662a2ee0bc : 2 : ittapi_config_apply_per_lib :  ITTAPI function instrumented: __itt_resume
254481 : 0x15c662a2eef02 : 2 : ittapi_config_apply_per_lib :  ITTAPI function instrumented: __itt_thread_set_name
254481 : 0x15c662a2ef1f3 : 2 : ittapi_config_apply_per_lib :  ITTAPI function instrumented: __itt_thread_ignore
254481 : 0x15c662a2ef4cc : 2 : ittapi_config_apply_per_lib :  ITTAPI function instrumented: __itt_thr_name_set
254481 : 0x15c662a2ef76d : 2 : ittapi_config_apply_per_lib :  ITTAPI function instrumented: __itt_thr_ignore
254481 : 0x15c662a2efa22 : 2 : ittapi_config_apply_per_lib :  ITTAPI function instrumented: __itt_histogram_create
254481 : 0x15c662a2efd7d : 2 : ittapi_config_apply_per_lib :  ITTAPI function not implemented: __itt_enable_attach
254481 : 0x15c662a2f007b : 2 : ittapi_config_apply_per_lib :  ITTAPI function instrumented: __itt_detach
254481 : 0x15c662a2f02ce : 2 : ittapi_config_apply_per_lib :  ITTAPI function NOT instrumented (not matched by --itt-config option): __itt_sync_create

254481 : 0x15c662a2f04fd : 2 : ittapi_config_apply_per_lib :  ITTAPI function NOT instrumented (not matched by --itt-config option): __itt_sync_rename

254481 : 0x15c662a2f0718 : 2 : ittapi_config_apply_per_lib :  ITTAPI function NOT instrumented (not matched by --itt-config option): __itt_sync_destroy

254481 : 0x15c662a2f1742 : 2 : ittapi_config_apply_per_lib :  ITTAPI function NOT instrumented (not matched by --itt-config option): __itt_sync_prepare

254481 : 0x15c662a2f19e4 : 2 : ittapi_config_apply_per_lib :  ITTAPI function NOT instrumented (not matched by --itt-config option): __itt_sync_cancel

254481 : 0x15c662a2f1bea : 2 : ittapi_config_apply_per_lib :  ITTAPI function NOT instrumented (not matched by --itt-config option): __itt_sync_acquired

254481 : 0x15c662a2f1df1 : 2 : ittapi_config_apply_per_lib :  ITTAPI function NOT instrumented (not matched by --itt-config option): __itt_sync_releasing

254481 : 0x15c662a2f2124 : 2 : ittapi_config_apply_per_lib :  ITTAPI function not implemented: __itt_suppress_push
254481 : 0x15c662a2f24a0 : 2 : ittapi_config_apply_per_lib :  ITTAPI function not implemented: __itt_suppress_pop
254481 : 0x15c662a2f27e3 : 2 : ittapi_config_apply_per_lib :  ITTAPI function not implemented: __itt_suppress_mark_range
254481 : 0x15c662a2f2b44 : 2 : ittapi_config_apply_per_lib :  ITTAPI function not implemented: __itt_suppress_clear_range
254481 : 0x15c662a2f2d81 : 2 : ittapi_config_apply_per_lib :  ITTAPI function NOT instrumented (not matched by --itt-config option): __itt_sync_prepare

254481 : 0x15c662a2f2f8b : 2 : ittapi_config_apply_per_lib :  ITTAPI function NOT instrumented (not matched by --itt-config option): __itt_sync_cancel

254481 : 0x15c662a2f395e : 2 : ittapi_config_apply_per_lib :  ITTAPI function NOT instrumented (not matched by --itt-config option): __itt_sync_acquired

254481 : 0x15c662a2f3ba2 : 2 : ittapi_config_apply_per_lib :  ITTAPI function NOT instrumented (not matched by --itt-config option): __itt_sync_releasing

254481 : 0x15c662a2f3dde : 2 : ittapi_config_apply_per_lib :  ITTAPI function NOT instrumented (not matched by --itt-config option): __itt_model_site_begin

254481 : 0x15c662a2f4005 : 2 : ittapi_config_apply_per_lib :  ITTAPI function NOT instrumented (not matched by --itt-config option): __itt_model_site_end

254481 : 0x15c662a2f4212 : 2 : ittapi_config_apply_per_lib :  ITTAPI function NOT instrumented (not matched by --itt-config option): __itt_model_task_begin

254481 : 0x15c662a2f4416 : 2 : ittapi_config_apply_per_lib :  ITTAPI function NOT instrumented (not matched by --itt-config option): __itt_model_task_end

254481 : 0x15c662a2f461c : 2 : ittapi_config_apply_per_lib :  ITTAPI function NOT instrumented (not matched by --itt-config option): __itt_model_lock_acquire

254481 : 0x15c662a2f486e : 2 : ittapi_config_apply_per_lib :  ITTAPI function NOT instrumented (not matched by --itt-config option): __itt_model_lock_release

254481 : 0x15c662a2f4a76 : 2 : ittapi_config_apply_per_lib :  ITTAPI function NOT instrumented (not matched by --itt-config option): __itt_model_record_allocation

254481 : 0x15c662a2f4c6e : 2 : ittapi_config_apply_per_lib :  ITTAPI function NOT instrumented (not matched by --itt-config option): __itt_model_record_deallocation

254481 : 0x15c662a2f557e : 2 : ittapi_config_apply_per_lib :  ITTAPI function NOT instrumented (not matched by --itt-config option): __itt_model_induction_uses

254481 : 0x15c662a2f57e6 : 2 : ittapi_config_apply_per_lib :  ITTAPI function NOT instrumented (not matched by --itt-config option): __itt_model_reduction_uses

254481 : 0x15c662a2f5a0f : 2 : ittapi_config_apply_per_lib :  ITTAPI function NOT instrumented (not matched by --itt-config option): __itt_model_observe_uses

254481 : 0x15c662a2f5c2c : 2 : ittapi_config_apply_per_lib :  ITTAPI function NOT instrumented (not matched by --itt-config option): __itt_model_clear_uses

254481 : 0x15c662a2f5e40 : 2 : ittapi_config_apply_per_lib :  ITTAPI function NOT instrumented (not matched by --itt-config option): __itt_model_site_beginA

254481 : 0x15c662a2f6053 : 2 : ittapi_config_apply_per_lib :  ITTAPI function NOT instrumented (not matched by --itt-config option): __itt_model_site_beginAL

254481 : 0x15c662a2f6254 : 2 : ittapi_config_apply_per_lib :  ITTAPI function NOT instrumented (not matched by --itt-config option): __itt_model_task_beginA

254481 : 0x15c662a2f6465 : 2 : ittapi_config_apply_per_lib :  ITTAPI function NOT instrumented (not matched by --itt-config option): __itt_model_task_beginAL

254481 : 0x15c662a2f667a : 2 : ittapi_config_apply_per_lib :  ITTAPI function NOT instrumented (not matched by --itt-config option): __itt_model_iteration_taskA

254481 : 0x15c662a2f6894 : 2 : ittapi_config_apply_per_lib :  ITTAPI function NOT instrumented (not matched by --itt-config option): __itt_model_iteration_taskAL

254481 : 0x15c662a2f751e : 2 : ittapi_config_apply_per_lib :  ITTAPI function NOT instrumented (not matched by --itt-config option): __itt_model_site_end_2

254481 : 0x15c662a2f777f : 2 : ittapi_config_apply_per_lib :  ITTAPI function NOT instrumented (not matched by --itt-config option): __itt_model_task_end_2

254481 : 0x15c662a2f798c : 2 : ittapi_config_apply_per_lib :  ITTAPI function NOT instrumented (not matched by --itt-config option): __itt_model_lock_acquire_2

254481 : 0x15c662a2f7baa : 2 : ittapi_config_apply_per_lib :  ITTAPI function NOT instrumented (not matched by --itt-config option): __itt_model_lock_release_2

254481 : 0x15c662a2f7dbe : 2 : ittapi_config_apply_per_lib :  ITTAPI function NOT instrumented (not matched by --itt-config option): __itt_model_aggregate_task

254481 : 0x15c662a2f7fd0 : 2 : ittapi_config_apply_per_lib :  ITTAPI function NOT instrumented (not matched by --itt-config option): __itt_model_disable_push

254481 : 0x15c662a2f81d6 : 2 : ittapi_config_apply_per_lib :  ITTAPI function NOT instrumented (not matched by --itt-config option): __itt_model_disable_pop

254481 : 0x15c662a2f847e : 2 : ittapi_config_apply_per_lib :  ITTAPI function instrumented: __itt_heap_function_create
254481 : 0x15c662a2f8746 : 2 : ittapi_config_apply_per_lib :  ITTAPI function instrumented: __itt_heap_allocate_begin
254481 : 0x15c662a2f8a14 : 2 : ittapi_config_apply_per_lib :  ITTAPI function instrumented: __itt_heap_allocate_end
254481 : 0x15c662a2f942d : 2 : ittapi_config_apply_per_lib :  ITTAPI function instrumented: __itt_heap_free_begin
254481 : 0x15c662a2f9730 : 2 : ittapi_config_apply_per_lib :  ITTAPI function instrumented: __itt_heap_free_end
254481 : 0x15c662a2f9a01 : 2 : ittapi_config_apply_per_lib :  ITTAPI function instrumented: __itt_heap_reallocate_begin
254481 : 0x15c662a2f9c97 : 2 : ittapi_config_apply_per_lib :  ITTAPI function instrumented: __itt_heap_reallocate_end
254481 : 0x15c662a2f9ff1 : 2 : ittapi_config_apply_per_lib :  ITTAPI function not implemented: __itt_heap_internal_access_begin
254481 : 0x15c662a2fa339 : 2 : ittapi_config_apply_per_lib :  ITTAPI function not implemented: __itt_heap_internal_access_end
254481 : 0x15c662a2fa699 : 2 : ittapi_config_apply_per_lib :  ITTAPI function not implemented: __itt_heap_record_memory_growth_begin
254481 : 0x15c662a2faa10 : 2 : ittapi_config_apply_per_lib :  ITTAPI function not implemented: __itt_heap_record_memory_growth_end
254481 : 0x15c662a2fad40 : 2 : ittapi_config_apply_per_lib :  ITTAPI function not implemented: __itt_heap_reset_detection
254481 : 0x15c662a2fb0af : 2 : ittapi_config_apply_per_lib :  ITTAPI function not implemented: __itt_heap_record
254481 : 0x15c662a2fbfbe : 2 : ittapi_config_apply_per_lib :  ITTAPI function not implemented: __itt_id_create
254481 : 0x15c662a2fc353 : 2 : ittapi_config_apply_per_lib :  ITTAPI function not implemented: __itt_id_destroy
254481 : 0x15c662a2fc60f : 2 : ittapi_config_apply_per_lib :  ITTAPI function instrumented: __itt_get_timestamp
254481 : 0x15c662a2fc94d : 2 : ittapi_config_apply_per_lib :  ITTAPI function not implemented: __itt_region_begin
254481 : 0x15c662a2fcc8e : 2 : ittapi_config_apply_per_lib :  ITTAPI function not implemented: __itt_region_end
254481 : 0x15c662a2fcf4d : 2 : ittapi_config_apply_per_lib :  ITTAPI function instrumented: __itt_frame_begin_v3
254481 : 0x15c662a2fd231 : 2 : ittapi_config_apply_per_lib :  ITTAPI function instrumented: __itt_frame_end_v3
254481 : 0x15c662a2fd4ef : 2 : ittapi_config_apply_per_lib :  ITTAPI function instrumented: __itt_frame_submit_v3
254481 : 0x15c662a2fd83c : 2 : ittapi_config_apply_per_lib :  ITTAPI function not implemented: __itt_task_group
254481 : 0x15c662a2fdb1a : 2 : ittapi_config_apply_per_lib :  ITTAPI function instrumented: __itt_task_begin
254481 : 0x15c662a2fe567 : 2 : ittapi_config_apply_per_lib :  ITTAPI function instrumented: __itt_task_begin_fn
254481 : 0x15c662a2fe856 : 2 : ittapi_config_apply_per_lib :  ITTAPI function instrumented: __itt_task_end
254481 : 0x15c662a2febc2 : 2 : ittapi_config_apply_per_lib :  ITTAPI function not implemented: __itt_counter_inc_v3
254481 : 0x15c662a2fef66 : 2 : ittapi_config_apply_per_lib :  ITTAPI function not implemented: __itt_counter_inc_delta_v3
254481 : 0x15c662a2ff2b6 : 2 : ittapi_config_apply_per_lib :  ITTAPI function not implemented: __itt_counter_dec_v3
254481 : 0x15c662a2ff60a : 2 : ittapi_config_apply_per_lib :  ITTAPI function not implemented: __itt_counter_dec_delta_v3
254481 : 0x15c662a2ff93f : 2 : ittapi_config_apply_per_lib :  ITTAPI function not implemented: __itt_marker
254481 : 0x15c662a2ffc02 : 2 : ittapi_config_apply_per_lib :  ITTAPI function instrumented: __itt_metadata_add
254481 : 0x15c662a2fff6c : 2 : ittapi_config_apply_per_lib :  ITTAPI function not implemented: __itt_metadata_str_add
254481 : 0x15c662a300288 : 2 : ittapi_config_apply_per_lib :  ITTAPI function not implemented: __itt_relation_add_to_current
254481 : 0x15c662a300d25 : 2 : ittapi_config_apply_per_lib :  ITTAPI function not implemented: __itt_relation_add
254481 : 0x15c662a30100c : 2 : ittapi_config_apply_per_lib :  ITTAPI function instrumented: __itt_event_create
254481 : 0x15c662a3012f0 : 2 : ittapi_config_apply_per_lib :  ITTAPI function instrumented: __itt_event_start
254481 : 0x15c662a3015e1 : 2 : ittapi_config_apply_per_lib :  ITTAPI function instrumented: __itt_event_end
254481 : 0x15c662a301804 : 2 : ittapi_config_apply_per_lib :  ITTAPI function NOT instrumented (not matched by --itt-config option): __itt_sync_set_name

254481 : 0x15c662a301a38 : 2 : ittapi_config_apply_per_lib :  ITTAPI function NOT instrumented (not matched by --itt-config option): __itt_notify_sync_name

254481 : 0x15c662a301c4c : 2 : ittapi_config_apply_per_lib :  ITTAPI function NOT instrumented (not matched by --itt-config option): __itt_notify_sync_prepare

254481 : 0x15c662a301e64 : 2 : ittapi_config_apply_per_lib :  ITTAPI function NOT instrumented (not matched by --itt-config option): __itt_notify_sync_cancel

254481 : 0x15c662a302068 : 2 : ittapi_config_apply_per_lib :  ITTAPI function NOT instrumented (not matched by --itt-config option): __itt_notify_sync_acquired

254481 : 0x15c662a30229b : 2 : ittapi_config_apply_per_lib :  ITTAPI function NOT instrumented (not matched by --itt-config option): __itt_notify_sync_releasing

254481 : 0x15c662a302ceb : 2 : ittapi_config_apply_per_lib :  ITTAPI function not implemented: __itt_memory_read
254481 : 0x15c662a30307b : 2 : ittapi_config_apply_per_lib :  ITTAPI function not implemented: __itt_memory_write
254481 : 0x15c662a3033a3 : 2 : ittapi_config_apply_per_lib :  ITTAPI function not implemented: __itt_memory_update
254481 : 0x15c662a3036db : 2 : ittapi_config_apply_per_lib :  ITTAPI function not implemented: __itt_state_get
254481 : 0x15c662a3039eb : 2 : ittapi_config_apply_per_lib :  ITTAPI function not implemented: __itt_state_set
254481 : 0x15c662a303d65 : 2 : ittapi_config_apply_per_lib :  ITTAPI function not implemented: __itt_obj_mode_set
254481 : 0x15c662a3040bd : 2 : ittapi_config_apply_per_lib :  ITTAPI function not implemented: __itt_thr_mode_set
254481 : 0x15c662a30436f : 2 : ittapi_config_apply_per_lib :  ITTAPI function instrumented: __itt_frame_create
254481 : 0x15c662a304623 : 2 : ittapi_config_apply_per_lib :  ITTAPI function instrumented: __itt_pt_region_create
254481 : 0x15c662a3048ed : 2 : ittapi_config_apply_per_lib :  ITTAPI function instrumented: __itt_frame_begin
254481 : 0x15c662a30578f : 2 : ittapi_config_apply_per_lib :  ITTAPI function instrumented: __itt_frame_end
254481 : 0x15c662a305b11 : 2 : ittapi_config_apply_per_lib :  ITTAPI function not implemented: __itt_counter_destroy
254481 : 0x15c662a305e37 : 2 : ittapi_config_apply_per_lib :  ITTAPI function instrumented: __itt_counter_inc
254481 : 0x15c662a306133 : 2 : ittapi_config_apply_per_lib :  ITTAPI function instrumented: __itt_counter_inc_delta
254481 : 0x15c662a306405 : 2 : ittapi_config_apply_per_lib :  ITTAPI function instrumented: __itt_counter_dec
254481 : 0x15c662a3066ec : 2 : ittapi_config_apply_per_lib :  ITTAPI function instrumented: __itt_counter_dec_delta
254481 : 0x15c662a3069a8 : 2 : ittapi_config_apply_per_lib :  ITTAPI function instrumented: __itt_counter_set_value
254481 : 0x15c662a306cd4 : 2 : ittapi_config_apply_per_lib :  ITTAPI function not implemented: __itt_counter_set_value_ex
254481 : 0x15c662a306fd1 : 2 : ittapi_config_apply_per_lib :  ITTAPI function not implemented: __itt_mark_create
254481 : 0x15c662a307328 : 2 : ittapi_config_apply_per_lib :  ITTAPI function not implemented: __itt_mark
254481 : 0x15c662a307efc : 2 : ittapi_config_apply_per_lib :  ITTAPI function not implemented: __itt_mark_off
254481 : 0x15c662a308262 : 2 : ittapi_config_apply_per_lib :  ITTAPI function not implemented: __itt_mark_global
254481 : 0x15c662a3085b8 : 2 : ittapi_config_apply_per_lib :  ITTAPI function not implemented: __itt_mark_global_off
254481 : 0x15c662a3088dc : 2 : ittapi_config_apply_per_lib :  ITTAPI function instrumented: __itt_stack_caller_create
254481 : 0x15c662a308bd0 : 2 : ittapi_config_apply_per_lib :  ITTAPI function instrumented: __itt_stack_caller_destroy
254481 : 0x15c662a308e96 : 2 : ittapi_config_apply_per_lib :  ITTAPI function instrumented: __itt_stack_callee_enter
254481 : 0x15c662a309145 : 2 : ittapi_config_apply_per_lib :  ITTAPI function instrumented: __itt_stack_callee_leave
254481 : 0x15c662a30945c : 2 : ittapi_config_apply_per_lib :  ITTAPI function not implemented: __itt_clock_domain_create
254481 : 0x15c662a3097d6 : 2 : ittapi_config_apply_per_lib :  ITTAPI function not implemented: __itt_clock_domain_reset
254481 : 0x15c662a309ae9 : 2 : ittapi_config_apply_per_lib :  ITTAPI function not implemented: __itt_id_create_ex
254481 : 0x15c662a30a57b : 2 : ittapi_config_apply_per_lib :  ITTAPI function not implemented: __itt_id_destroy_ex
254481 : 0x15c662a30a8ee : 2 : ittapi_config_apply_per_lib :  ITTAPI function not implemented: __itt_task_begin_ex
254481 : 0x15c662a30ac21 : 2 : ittapi_config_apply_per_lib :  ITTAPI function not implemented: __itt_task_begin_fn_ex
254481 : 0x15c662a30af52 : 2 : ittapi_config_apply_per_lib :  ITTAPI function not implemented: __itt_task_end_ex
254481 : 0x15c662a30b21a : 2 : ittapi_config_apply_per_lib :  ITTAPI function instrumented: __itt_task_begin_overlapped
254481 : 0x15c662a30b578 : 2 : ittapi_config_apply_per_lib :  ITTAPI function not implemented: __itt_task_begin_overlapped_ex
254481 : 0x15c662a30b860 : 2 : ittapi_config_apply_per_lib :  ITTAPI function instrumented: __itt_task_end_overlapped
254481 : 0x15c662a30bba9 : 2 : ittapi_config_apply_per_lib :  ITTAPI function not implemented: __itt_task_end_overlapped_ex
254481 : 0x15c662a30bec1 : 2 : ittapi_config_apply_per_lib :  ITTAPI function not implemented: __itt_marker_ex
254481 : 0x15c662a30c226 : 2 : ittapi_config_apply_per_lib :  ITTAPI function not implemented: __itt_metadata_add_with_scope
254481 : 0x15c662a30d059 : 2 : ittapi_config_apply_per_lib :  ITTAPI function not implemented: __itt_metadata_str_add_with_scope
254481 : 0x15c662a30d407 : 2 : ittapi_config_apply_per_lib :  ITTAPI function not implemented: __itt_relation_add_to_current_ex
254481 : 0x15c662a30d750 : 2 : ittapi_config_apply_per_lib :  ITTAPI function not implemented: __itt_relation_add_ex
254481 : 0x15c662a30da92 : 2 : ittapi_config_apply_per_lib :  ITTAPI function not implemented: __itt_track_group_create
254481 : 0x15c662a30dd84 : 2 : ittapi_config_apply_per_lib :  ITTAPI function not implemented: __itt_track_create
254481 : 0x15c662a30e0d6 : 2 : ittapi_config_apply_per_lib :  ITTAPI function not implemented: __itt_set_track
254481 : 0x15c662a30e3c4 : 2 : ittapi_config_apply_per_lib :  ITTAPI function instrumented: __itt_api_version
254481 : 0x15c662a30e70c : 2 : ittapi_config_apply_per_lib :  ITTAPI function not implemented: __itt_av_save
254481 : 0x15c662a30e9f5 : 2 : ittapi_config_apply_per_lib :  ITTAPI function instrumented: __itt_module_load
254481 : 0x15c662a30ed4f : 2 : ittapi_config_apply_per_lib :  ITTAPI function not implemented: __itt_module_unload
254481 : 0x15c662a30f72d : 2 : ittapi_config_apply_per_lib :  ITTAPI function NOT instrumented (not matched by --itt-config option): __itt_histogram_submit
