
25847 : 0x5910154b5f6 : 1 : spill_jit_data :  Jit agent is not initialized
25826 : 0x5910154e200 : 2 : ittapi_config_mask_get :  --itt-config mask to be applied: 55
25826 : 0x591015519fd : 2 : ittapi_config_apply_per_lib :  ITTAPI function instrumented: __itt_domain_create
25826 : 0x5910155227c : 2 : ittapi_config_apply_per_lib :  ITTAPI function instrumented: __itt_module_load_with_sections
25826 : 0x59101553a24 : 2 : ittapi_config_apply_per_lib :  ITTAPI function not implemented: __itt_module_unload_with_sections
25826 : 0x59101554674 : 2 : ittapi_config_apply_per_lib :  ITTAPI function instrumented: __itt_string_handle_create
25826 : 0x59101554c32 : 2 : ittapi_config_apply_per_lib :  ITTAPI function instrumented: __itt_counter_create
25826 : 0x59101555287 : 2 : ittapi_config_apply_per_lib :  ITTAPI function instrumented: __itt_counter_create_typed
25826 : 0x591015559ee : 2 : ittapi_config_apply_per_lib :  ITTAPI function instrumented: __itt_pause
25826 : 0x59101555f90 : 2 : ittapi_config_apply_per_lib :  ITTAPI function instrumented: __itt_resume
25826 : 0x5910155c9f8 : 2 : ittapi_config_apply_per_lib :  ITTAPI function instrumented: __itt_thread_set_name
25826 : 0x5910155cffa : 2 : ittapi_config_apply_per_lib :  ITTAPI function instrumented: __itt_thread_ignore
25826 : 0x5910155d518 : 2 : ittapi_config_apply_per_lib :  ITTAPI function instrumented: __itt_thr_name_set
25826 : 0x5910155da29 : 2 : ittapi_config_apply_per_lib :  ITTAPI function instrumented: __itt_thr_ignore
25826 : 0x5910155ded5 : 2 : ittapi_config_apply_per_lib :  ITTAPI function instrumented: __itt_histogram_create
25826 : 0x5910155e688 : 2 : ittapi_config_apply_per_lib :  ITTAPI function not implemented: __itt_enable_attach
25826 : 0x5910155ed03 : 2 : ittapi_config_apply_per_lib :  ITTAPI function instrumented: __itt_detach
25826 : 0x5910155f0d0 : 2 : ittapi_config_apply_per_lib :  ITTAPI function NOT instrumented (not matched by --itt-config option): __itt_sync_create

25826 : 0x5910155f5af : 2 : ittapi_config_apply_per_lib :  ITTAPI function NOT instrumented (not matched by --itt-config option): __itt_sync_rename

25826 : 0x5910155f9e8 : 2 : ittapi_config_apply_per_lib :  ITTAPI function NOT instrumented (not matched by --itt-config option): __itt_sync_destroy

25826 : 0x59101561932 : 2 : ittapi_config_apply_per_lib :  ITTAPI function NOT instrumented (not matched by --itt-config option): __itt_sync_prepare

25826 : 0x59101561d1c : 2 : ittapi_config_apply_per_lib :  ITTAPI function NOT instrumented (not matched by --itt-config option): __itt_sync_cancel

25826 : 0x591015620f8 : 2 : ittapi_config_apply_per_lib :  ITTAPI function NOT instrumented (not matched by --itt-config option): __itt_sync_acquired

25826 : 0x5910156248e : 2 : ittapi_config_apply_per_lib :  ITTAPI function NOT instrumented (not matched by --itt-config option): __itt_sync_releasing

25826 : 0x59101562c48 : 2 : ittapi_config_apply_per_lib :  ITTAPI function not implemented: __itt_suppress_push
25826 : 0x591015633f4 : 2 : ittapi_config_apply_per_lib :  ITTAPI function not implemented: __itt_suppress_pop
25826 : 0x591015639c5 : 2 : ittapi_config_apply_per_lib :  ITTAPI function not implemented: __itt_suppress_mark_range
25826 : 0x59101564054 : 2 : ittapi_config_apply_per_lib :  ITTAPI function not implemented: __itt_suppress_clear_range
25826 : 0x591015643e1 : 2 : ittapi_config_apply_per_lib :  ITTAPI function NOT instrumented (not matched by --itt-config option): __itt_sync_prepare

25826 : 0x5910156478e : 2 : ittapi_config_apply_per_lib :  ITTAPI function NOT instrumented (not matched by --itt-config option): __itt_sync_cancel

25826 : 0x5910156560d : 2 : ittapi_config_apply_per_lib :  ITTAPI function NOT instrumented (not matched by --itt-config option): __itt_sync_acquired

25826 : 0x59101565a02 : 2 : ittapi_config_apply_per_lib :  ITTAPI function NOT instrumented (not matched by --itt-config option): __itt_sync_releasing

25826 : 0x59101565e44 : 2 : ittapi_config_apply_per_lib :  ITTAPI function NOT instrumented (not matched by --itt-config option): __itt_model_site_begin

25826 : 0x5910156629f : 2 : ittapi_config_apply_per_lib :  ITTAPI function NOT instrumented (not matched by --itt-config option): __itt_model_site_end

25826 : 0x591015666ac : 2 : ittapi_config_apply_per_lib :  ITTAPI function NOT instrumented (not matched by --itt-config option): __itt_model_task_begin

25826 : 0x59101566a89 : 2 : ittapi_config_apply_per_lib :  ITTAPI function NOT instrumented (not matched by --itt-config option): __itt_model_task_end

25826 : 0x59101566e86 : 2 : ittapi_config_apply_per_lib :  ITTAPI function NOT instrumented (not matched by --itt-config option): __itt_model_lock_acquire

25826 : 0x59101567241 : 2 : ittapi_config_apply_per_lib :  ITTAPI function NOT instrumented (not matched by --itt-config option): __itt_model_lock_release

25826 : 0x591015675e3 : 2 : ittapi_config_apply_per_lib :  ITTAPI function NOT instrumented (not matched by --itt-config option): __itt_model_record_allocation

25826 : 0x5910156795f : 2 : ittapi_config_apply_per_lib :  ITTAPI function NOT instrumented (not matched by --itt-config option): __itt_model_record_deallocation

25826 : 0x59101569341 : 2 : ittapi_config_apply_per_lib :  ITTAPI function NOT instrumented (not matched by --itt-config option): __itt_model_induction_uses

25826 : 0x59101569798 : 2 : ittapi_config_apply_per_lib :  ITTAPI function NOT instrumented (not matched by --itt-config option): __itt_model_reduction_uses

25826 : 0x59101569bb4 : 2 : ittapi_config_apply_per_lib :  ITTAPI function NOT instrumented (not matched by --itt-config option): __itt_model_observe_uses

25826 : 0x5910156a0a1 : 2 : ittapi_config_apply_per_lib :  ITTAPI function NOT instrumented (not matched by --itt-config option): __itt_model_clear_uses

25826 : 0x5910156a454 : 2 : ittapi_config_apply_per_lib :  ITTAPI function NOT instrumented (not matched by --itt-config option): __itt_model_site_beginA

25826 : 0x5910156a909 : 2 : ittapi_config_apply_per_lib :  ITTAPI function NOT instrumented (not matched by --itt-config option): __itt_model_site_beginAL

25826 : 0x5910156acae : 2 : ittapi_config_apply_per_lib :  ITTAPI function NOT instrumented (not matched by --itt-config option): __itt_model_task_beginA

25826 : 0x5910156b04a : 2 : ittapi_config_apply_per_lib :  ITTAPI function NOT instrumented (not matched by --itt-config option): __itt_model_task_beginAL

25826 : 0x5910156b4ce : 2 : ittapi_config_apply_per_lib :  ITTAPI function NOT instrumented (not matched by --itt-config option): __itt_model_iteration_taskA

25826 : 0x5910156b862 : 2 : ittapi_config_apply_per_lib :  ITTAPI function NOT instrumented (not matched by --itt-config option): __itt_model_iteration_taskAL

25826 : 0x5910156c796 : 2 : ittapi_config_apply_per_lib :  ITTAPI function NOT instrumented (not matched by --itt-config option): __itt_model_site_end_2

25826 : 0x5910156cbc7 : 2 : ittapi_config_apply_per_lib :  ITTAPI function NOT instrumented (not matched by --itt-config option): __itt_model_task_end_2

25826 : 0x5910156cf89 : 2 : ittapi_config_apply_per_lib :  ITTAPI function NOT instrumented (not matched by --itt-config option): __itt_model_lock_acquire_2

25826 : 0x5910156d337 : 2 : ittapi_config_apply_per_lib :  ITTAPI function NOT instrumented (not matched by --itt-config option): __itt_model_lock_release_2

25826 : 0x5910156d775 : 2 : ittapi_config_apply_per_lib :  ITTAPI function NOT instrumented (not matched by --itt-config option): __itt_model_aggregate_task

25826 : 0x5910156dc34 : 2 : ittapi_config_apply_per_lib :  ITTAPI function NOT instrumented (not matched by --itt-config option): __itt_model_disable_push

25826 : 0x5910156dfe3 : 2 : ittapi_config_apply_per_lib :  ITTAPI function NOT instrumented (not matched by --itt-config option): __itt_model_disable_pop

25826 : 0x5910156e49f : 2 : ittapi_config_apply_per_lib :  ITTAPI function instrumented: __itt_heap_function_create
25826 : 0x5910156ea99 : 2 : ittapi_config_apply_per_lib :  ITTAPI function instrumented: __itt_heap_allocate_begin
25826 : 0x5910156ef1f : 2 : ittapi_config_apply_per_lib :  ITTAPI function instrumented: __itt_heap_allocate_end
25826 : 0x5910156fdfd : 2 : ittapi_config_apply_per_lib :  ITTAPI function instrumented: __itt_heap_free_begin
25826 : 0x591015702d8 : 2 : ittapi_config_apply_per_lib :  ITTAPI function instrumented: __itt_heap_free_end
25826 : 0x59101570869 : 2 : ittapi_config_apply_per_lib :  ITTAPI function instrumented: __itt_heap_reallocate_begin
25826 : 0x59101570c8f : 2 : ittapi_config_apply_per_lib :  ITTAPI function instrumented: __itt_heap_reallocate_end
25826 : 0x59101571243 : 2 : ittapi_config_apply_per_lib :  ITTAPI function not implemented: __itt_heap_internal_access_begin
25826 : 0x59101571788 : 2 : ittapi_config_apply_per_lib :  ITTAPI function not implemented: __itt_heap_internal_access_end
25826 : 0x59101571da6 : 2 : ittapi_config_apply_per_lib :  ITTAPI function not implemented: __itt_heap_record_memory_growth_begin
25826 : 0x59101572312 : 2 : ittapi_config_apply_per_lib :  ITTAPI function not implemented: __itt_heap_record_memory_growth_end
25826 : 0x591015728a9 : 2 : ittapi_config_apply_per_lib :  ITTAPI function not implemented: __itt_heap_reset_detection
25826 : 0x59101572f96 : 2 : ittapi_config_apply_per_lib :  ITTAPI function not implemented: __itt_heap_record
25826 : 0x591015749dd : 2 : ittapi_config_apply_per_lib :  ITTAPI function not implemented: __itt_id_create
25826 : 0x59101575025 : 2 : ittapi_config_apply_per_lib :  ITTAPI function not implemented: __itt_id_destroy
25826 : 0x591015754df : 2 : ittapi_config_apply_per_lib :  ITTAPI function instrumented: __itt_get_timestamp
25826 : 0x59101575afa : 2 : ittapi_config_apply_per_lib :  ITTAPI function not implemented: __itt_region_begin
25826 : 0x5910157606c : 2 : ittapi_config_apply_per_lib :  ITTAPI function not implemented: __itt_region_end
25826 : 0x59101576695 : 2 : ittapi_config_apply_per_lib :  ITTAPI function instrumented: __itt_frame_begin_v3
25826 : 0x59101576b4e : 2 : ittapi_config_apply_per_lib :  ITTAPI function instrumented: __itt_frame_end_v3
25826 : 0x591015770ce : 2 : ittapi_config_apply_per_lib :  ITTAPI function instrumented: __itt_frame_submit_v3
25826 : 0x59101577690 : 2 : ittapi_config_apply_per_lib :  ITTAPI function not implemented: __itt_task_group
25826 : 0x59101577c46 : 2 : ittapi_config_apply_per_lib :  ITTAPI function instrumented: __itt_task_begin
25826 : 0x59101578ca2 : 2 : ittapi_config_apply_per_lib :  ITTAPI function instrumented: __itt_task_begin_fn
25826 : 0x5910157920d : 2 : ittapi_config_apply_per_lib :  ITTAPI function instrumented: __itt_task_end
25826 : 0x591015798b9 : 2 : ittapi_config_apply_per_lib :  ITTAPI function not implemented: __itt_counter_inc_v3
25826 : 0x59101579f02 : 2 : ittapi_config_apply_per_lib :  ITTAPI function not implemented: __itt_counter_inc_delta_v3
25826 : 0x5910157a448 : 2 : ittapi_config_apply_per_lib :  ITTAPI function not implemented: __itt_counter_dec_v3
25826 : 0x5910157a9b7 : 2 : ittapi_config_apply_per_lib :  ITTAPI function not implemented: __itt_counter_dec_delta_v3
25826 : 0x5910157afc4 : 2 : ittapi_config_apply_per_lib :  ITTAPI function not implemented: __itt_marker
25826 : 0x5910157b530 : 2 : ittapi_config_apply_per_lib :  ITTAPI function instrumented: __itt_metadata_add
25826 : 0x5910157bae3 : 2 : ittapi_config_apply_per_lib :  ITTAPI function not implemented: __itt_metadata_str_add
25826 : 0x5910157c06b : 2 : ittapi_config_apply_per_lib :  ITTAPI function not implemented: __itt_relation_add_to_current
25826 : 0x5910157d125 : 2 : ittapi_config_apply_per_lib :  ITTAPI function not implemented: __itt_relation_add
25826 : 0x5910157d719 : 2 : ittapi_config_apply_per_lib :  ITTAPI function instrumented: __itt_event_create
25826 : 0x5910157dbff : 2 : ittapi_config_apply_per_lib :  ITTAPI function instrumented: __itt_event_start
25826 : 0x5910157e0cf : 2 : ittapi_config_apply_per_lib :  ITTAPI function instrumented: __itt_event_end
25826 : 0x5910157e497 : 2 : ittapi_config_apply_per_lib :  ITTAPI function NOT instrumented (not matched by --itt-config option): __itt_sync_set_name

25826 : 0x5910157e88e : 2 : ittapi_config_apply_per_lib :  ITTAPI function NOT instrumented (not matched by --itt-config option): __itt_notify_sync_name

25826 : 0x5910157ecb3 : 2 : ittapi_config_apply_per_lib :  ITTAPI function NOT instrumented (not matched by --itt-config option): __itt_notify_sync_prepare

25826 : 0x5910157f126 : 2 : ittapi_config_apply_per_lib :  ITTAPI function NOT instrumented (not matched by --itt-config option): __itt_notify_sync_cancel

25826 : 0x5910157f4e8 : 2 : ittapi_config_apply_per_lib :  ITTAPI function NOT instrumented (not matched by --itt-config option): __itt_notify_sync_acquired

25826 : 0x5910157f8cf : 2 : ittapi_config_apply_per_lib :  ITTAPI function NOT instrumented (not matched by --itt-config option): __itt_notify_sync_releasing

25826 : 0x59101581286 : 2 : ittapi_config_apply_per_lib :  ITTAPI function not implemented: __itt_memory_read
25826 : 0x59101581873 : 2 : ittapi_config_apply_per_lib :  ITTAPI function not implemented: __itt_memory_write
25826 : 0x59101581dbb : 2 : ittapi_config_apply_per_lib :  ITTAPI function not implemented: __itt_memory_update
25826 : 0x59101582400 : 2 : ittapi_config_apply_per_lib :  ITTAPI function not implemented: __itt_state_get
25826 : 0x591015829ec : 2 : ittapi_config_apply_per_lib :  ITTAPI function not implemented: __itt_state_set
25826 : 0x59101582ff4 : 2 : ittapi_config_apply_per_lib :  ITTAPI function not implemented: __itt_obj_mode_set
25826 : 0x5910158356a : 2 : ittapi_config_apply_per_lib :  ITTAPI function not implemented: __itt_thr_mode_set
25826 : 0x591015839f2 : 2 : ittapi_config_apply_per_lib :  ITTAPI function instrumented: __itt_frame_create
25826 : 0x59101583e89 : 2 : ittapi_config_apply_per_lib :  ITTAPI function instrumented: __itt_pt_region_create
25826 : 0x5910158435c : 2 : ittapi_config_apply_per_lib :  ITTAPI function instrumented: __itt_frame_begin
25826 : 0x591015852f1 : 2 : ittapi_config_apply_per_lib :  ITTAPI function instrumented: __itt_frame_end
25826 : 0x591015858b6 : 2 : ittapi_config_apply_per_lib :  ITTAPI function not implemented: __itt_counter_destroy
25826 : 0x59101585e52 : 2 : ittapi_config_apply_per_lib :  ITTAPI function instrumented: __itt_counter_inc
25826 : 0x59101586308 : 2 : ittapi_config_apply_per_lib :  ITTAPI function instrumented: __itt_counter_inc_delta
25826 : 0x591015867df : 2 : ittapi_config_apply_per_lib :  ITTAPI function instrumented: __itt_counter_dec
25826 : 0x59101586ce0 : 2 : ittapi_config_apply_per_lib :  ITTAPI function instrumented: __itt_counter_dec_delta
25826 : 0x59101587187 : 2 : ittapi_config_apply_per_lib :  ITTAPI function instrumented: __itt_counter_set_value
25826 : 0x59101587687 : 2 : ittapi_config_apply_per_lib :  ITTAPI function not implemented: __itt_counter_set_value_ex
25826 : 0x59101587b8a : 2 : ittapi_config_apply_per_lib :  ITTAPI function not implemented: __itt_mark_create
25826 : 0x5910158823e : 2 : ittapi_config_apply_per_lib :  ITTAPI function not implemented: __itt_mark
25826 : 0x59101589247 : 2 : ittapi_config_apply_per_lib :  ITTAPI function not implemented: __itt_mark_off
25826 : 0x591015897b1 : 2 : ittapi_config_apply_per_lib :  ITTAPI function not implemented: __itt_mark_global
25826 : 0x59101589daa : 2 : ittapi_config_apply_per_lib :  ITTAPI function not implemented: __itt_mark_global_off
25826 : 0x5910158a338 : 2 : ittapi_config_apply_per_lib :  ITTAPI function instrumented: __itt_stack_caller_create
25826 : 0x5910158a81e : 2 : ittapi_config_apply_per_lib :  ITTAPI function instrumented: __itt_stack_caller_destroy
25826 : 0x5910158ad8c : 2 : ittapi_config_apply_per_lib :  ITTAPI function instrumented: __itt_stack_callee_enter
25826 : 0x5910158b245 : 2 : ittapi_config_apply_per_lib :  ITTAPI function instrumented: __itt_stack_callee_leave
25826 : 0x5910158b785 : 2 : ittapi_config_apply_per_lib :  ITTAPI function not implemented: __itt_clock_domain_create
25826 : 0x5910158bcf3 : 2 : ittapi_config_apply_per_lib :  ITTAPI function not implemented: __itt_clock_domain_reset
25826 : 0x5910158c1ca : 2 : ittapi_config_apply_per_lib :  ITTAPI function not implemented: __itt_id_create_ex
25826 : 0x5910158d12e : 2 : ittapi_config_apply_per_lib :  ITTAPI function not implemented: __itt_id_destroy_ex
25826 : 0x5910158d6cb : 2 : ittapi_config_apply_per_lib :  ITTAPI function not implemented: __itt_task_begin_ex
25826 : 0x5910158dbf3 : 2 : ittapi_config_apply_per_lib :  ITTAPI function not implemented: __itt_task_begin_fn_ex
25826 : 0x5910158e195 : 2 : ittapi_config_apply_per_lib :  ITTAPI function not implemented: __itt_task_end_ex
25826 : 0x5910158e69a : 2 : ittapi_config_apply_per_lib :  ITTAPI function instrumented: __itt_task_begin_overlapped
25826 : 0x5910158ecd5 : 2 : ittapi_config_apply_per_lib :  ITTAPI function not implemented: __itt_task_begin_overlapped_ex
25826 : 0x5910158f1ff : 2 : ittapi_config_apply_per_lib :  ITTAPI function instrumented: __itt_task_end_overlapped
25826 : 0x5910158f781 : 2 : ittapi_config_apply_per_lib :  ITTAPI function not implemented: __itt_task_end_overlapped_ex
25826 : 0x5910158fdf1 : 2 : ittapi_config_apply_per_lib :  ITTAPI function not implemented: __itt_marker_ex
25826 : 0x591015904c1 : 2 : ittapi_config_apply_per_lib :  ITTAPI function not implemented: __itt_metadata_add_with_scope
25826 : 0x59101591bf4 : 2 : ittapi_config_apply_per_lib :  ITTAPI function not implemented: __itt_metadata_str_add_with_scope
25826 : 0x591015921f6 : 2 : ittapi_config_apply_per_lib :  ITTAPI function not implemented: __itt_relation_add_to_current_ex
25826 : 0x59101592726 : 2 : ittapi_config_apply_per_lib :  ITTAPI function not implemented: __itt_relation_add_ex
25826 : 0x59101592c55 : 2 : ittapi_config_apply_per_lib :  ITTAPI function not implemented: __itt_track_group_create
25826 : 0x591015930e2 : 2 : ittapi_config_apply_per_lib :  ITTAPI function not implemented: __itt_track_create
25826 : 0x591015935d4 : 2 : ittapi_config_apply_per_lib :  ITTAPI function not implemented: __itt_set_track
25826 : 0x59101593bdd : 2 : ittapi_config_apply_per_lib :  ITTAPI function instrumented: __itt_api_version
25826 : 0x59101594221 : 2 : ittapi_config_apply_per_lib :  ITTAPI function not implemented: __itt_av_save
25826 : 0x59101594933 : 2 : ittapi_config_apply_per_lib :  ITTAPI function instrumented: __itt_module_load
25826 : 0x59101594eb5 : 2 : ittapi_config_apply_per_lib :  ITTAPI function not implemented: __itt_module_unload
25826 : 0x59101595e5a : 2 : ittapi_config_apply_per_lib :  ITTAPI function NOT instrumented (not matched by --itt-config option): __itt_histogram_submit

25826 : 0x591016d1a28 : 2 : ittapi_config_mask_get :  --itt-config mask to be applied: 55
25826 : 0x591016d22ed : 2 : ittapi_config_apply_per_lib :  ITTAPI function instrumented: __itt_domain_create
25826 : 0x591016d2a12 : 2 : ittapi_config_apply_per_lib :  ITTAPI function instrumented: __itt_module_load_with_sections
25826 : 0x591016d2f4a : 2 : ittapi_config_apply_per_lib :  ITTAPI function not implemented: __itt_module_unload_with_sections
25826 : 0x591016d348a : 2 : ittapi_config_apply_per_lib :  ITTAPI function instrumented: __itt_string_handle_create
25826 : 0x591016d3839 : 2 : ittapi_config_apply_per_lib :  ITTAPI function instrumented: __itt_counter_create
25826 : 0x591016d3c2a : 2 : ittapi_config_apply_per_lib :  ITTAPI function instrumented: __itt_counter_create_typed
25826 : 0x591016d411b : 2 : ittapi_config_apply_per_lib :  ITTAPI function instrumented: __itt_pause
25826 : 0x591016d4491 : 2 : ittapi_config_apply_per_lib :  ITTAPI function instrumented: __itt_resume
25826 : 0x591016d66cc : 2 : ittapi_config_apply_per_lib :  ITTAPI function instrumented: __itt_thread_set_name
25826 : 0x591016d6d71 : 2 : ittapi_config_apply_per_lib :  ITTAPI function instrumented: __itt_thread_ignore
25826 : 0x591016d7152 : 2 : ittapi_config_apply_per_lib :  ITTAPI function instrumented: __itt_thr_name_set
25826 : 0x591016d7526 : 2 : ittapi_config_apply_per_lib :  ITTAPI function instrumented: __itt_thr_ignore
25826 : 0x591016d79ab : 2 : ittapi_config_apply_per_lib :  ITTAPI function not implemented: __itt_enable_attach
25826 : 0x591016d7d88 : 2 : ittapi_config_apply_per_lib :  ITTAPI function instrumented: __itt_detach
25826 : 0x591016d8099 : 2 : ittapi_config_apply_per_lib :  ITTAPI function NOT instrumented (not matched by --itt-config option): __itt_sync_create

25826 : 0x591016d83b9 : 2 : ittapi_config_apply_per_lib :  ITTAPI function NOT instrumented (not matched by --itt-config option): __itt_sync_rename

25826 : 0x591016d86cc : 2 : ittapi_config_apply_per_lib :  ITTAPI function NOT instrumented (not matched by --itt-config option): __itt_sync_destroy

25826 : 0x591016d89f1 : 2 : ittapi_config_apply_per_lib :  ITTAPI function NOT instrumented (not matched by --itt-config option): __itt_sync_prepare

25826 : 0x591016da7e1 : 2 : ittapi_config_apply_per_lib :  ITTAPI function NOT instrumented (not matched by --itt-config option): __itt_sync_cancel

25826 : 0x591016dab10 : 2 : ittapi_config_apply_per_lib :  ITTAPI function NOT instrumented (not matched by --itt-config option): __itt_sync_acquired

25826 : 0x591016dadf6 : 2 : ittapi_config_apply_per_lib :  ITTAPI function NOT instrumented (not matched by --itt-config option): __itt_sync_releasing

25826 : 0x591016db2fa : 2 : ittapi_config_apply_per_lib :  ITTAPI function not implemented: __itt_suppress_push
25826 : 0x591016db810 : 2 : ittapi_config_apply_per_lib :  ITTAPI function not implemented: __itt_suppress_pop
25826 : 0x591016dbcee : 2 : ittapi_config_apply_per_lib :  ITTAPI function not implemented: __itt_suppress_mark_range
25826 : 0x591016dc1dd : 2 : ittapi_config_apply_per_lib :  ITTAPI function not implemented: __itt_suppress_clear_range
25826 : 0x591016dc4ef : 2 : ittapi_config_apply_per_lib :  ITTAPI function NOT instrumented (not matched by --itt-config option): __itt_sync_prepare

25826 : 0x591016dc7f2 : 2 : ittapi_config_apply_per_lib :  ITTAPI function NOT instrumented (not matched by --itt-config option): __itt_sync_cancel

25826 : 0x591016dcaad : 2 : ittapi_config_apply_per_lib :  ITTAPI function NOT instrumented (not matched by --itt-config option): __itt_sync_acquired

25826 : 0x591016ddbf4 : 2 : ittapi_config_apply_per_lib :  ITTAPI function NOT instrumented (not matched by --itt-config option): __itt_sync_releasing

25826 : 0x591016de0a7 : 2 : ittapi_config_apply_per_lib :  ITTAPI function NOT instrumented (not matched by --itt-config option): __itt_model_site_begin

25826 : 0x591016de3f7 : 2 : ittapi_config_apply_per_lib :  ITTAPI function NOT instrumented (not matched by --itt-config option): __itt_model_site_end

25826 : 0x591016de6c0 : 2 : ittapi_config_apply_per_lib :  ITTAPI function NOT instrumented (not matched by --itt-config option): __itt_model_task_begin

25826 : 0x591016de9a2 : 2 : ittapi_config_apply_per_lib :  ITTAPI function NOT instrumented (not matched by --itt-config option): __itt_model_task_end

25826 : 0x591016dec52 : 2 : ittapi_config_apply_per_lib :  ITTAPI function NOT instrumented (not matched by --itt-config option): __itt_model_lock_acquire

25826 : 0x591016def40 : 2 : ittapi_config_apply_per_lib :  ITTAPI function NOT instrumented (not matched by --itt-config option): __itt_model_lock_release

25826 : 0x591016df222 : 2 : ittapi_config_apply_per_lib :  ITTAPI function NOT instrumented (not matched by --itt-config option): __itt_model_record_allocation

25826 : 0x591016df4e8 : 2 : ittapi_config_apply_per_lib :  ITTAPI function NOT instrumented (not matched by --itt-config option): __itt_model_record_deallocation

25826 : 0x591016df7b9 : 2 : ittapi_config_apply_per_lib :  ITTAPI function NOT instrumented (not matched by --itt-config option): __itt_model_induction_uses

25826 : 0x591016e054d : 2 : ittapi_config_apply_per_lib :  ITTAPI function NOT instrumented (not matched by --itt-config option): __itt_model_reduction_uses

25826 : 0x591016e08a8 : 2 : ittapi_config_apply_per_lib :  ITTAPI function NOT instrumented (not matched by --itt-config option): __itt_model_observe_uses

25826 : 0x591016e0b9d : 2 : ittapi_config_apply_per_lib :  ITTAPI function NOT instrumented (not matched by --itt-config option): __itt_model_clear_uses

25826 : 0x591016e0ea5 : 2 : ittapi_config_apply_per_lib :  ITTAPI function NOT instrumented (not matched by --itt-config option): __itt_model_site_beginA

25826 : 0x591016e117e : 2 : ittapi_config_apply_per_lib :  ITTAPI function NOT instrumented (not matched by --itt-config option): __itt_model_site_beginAL

25826 : 0x591016e1464 : 2 : ittapi_config_apply_per_lib :  ITTAPI function NOT instrumented (not matched by --itt-config option): __itt_model_task_beginA

25826 : 0x591016e1720 : 2 : ittapi_config_apply_per_lib :  ITTAPI function NOT instrumented (not matched by --itt-config option): __itt_model_task_beginAL

25826 : 0x591016e1abf : 2 : ittapi_config_apply_per_lib :  ITTAPI function NOT instrumented (not matched by --itt-config option): __itt_model_iteration_taskA

25826 : 0x591016e1d90 : 2 : ittapi_config_apply_per_lib :  ITTAPI function NOT instrumented (not matched by --itt-config option): __itt_model_iteration_taskAL

25826 : 0x591016e205a : 2 : ittapi_config_apply_per_lib :  ITTAPI function NOT instrumented (not matched by --itt-config option): __itt_model_site_end_2

25826 : 0x591016e3724 : 2 : ittapi_config_apply_per_lib :  ITTAPI function NOT instrumented (not matched by --itt-config option): __itt_model_task_end_2

25826 : 0x591016e3a53 : 2 : ittapi_config_apply_per_lib :  ITTAPI function NOT instrumented (not matched by --itt-config option): __itt_model_lock_acquire_2

25826 : 0x591016e3d73 : 2 : ittapi_config_apply_per_lib :  ITTAPI function NOT instrumented (not matched by --itt-config option): __itt_model_lock_release_2

25826 : 0x591016e403f : 2 : ittapi_config_apply_per_lib :  ITTAPI function NOT instrumented (not matched by --itt-config option): __itt_model_aggregate_task

25826 : 0x591016e4312 : 2 : ittapi_config_apply_per_lib :  ITTAPI function NOT instrumented (not matched by --itt-config option): __itt_model_disable_push

25826 : 0x591016e45ed : 2 : ittapi_config_apply_per_lib :  ITTAPI function NOT instrumented (not matched by --itt-config option): __itt_model_disable_pop

25826 : 0x591016e49db : 2 : ittapi_config_apply_per_lib :  ITTAPI function instrumented: __itt_heap_function_create
25826 : 0x591016e4e3b : 2 : ittapi_config_apply_per_lib :  ITTAPI function instrumented: __itt_heap_allocate_begin
25826 : 0x591016e5263 : 2 : ittapi_config_apply_per_lib :  ITTAPI function instrumented: __itt_heap_allocate_end
25826 : 0x591016e5640 : 2 : ittapi_config_apply_per_lib :  ITTAPI function instrumented: __itt_heap_free_begin
25826 : 0x591016e6545 : 2 : ittapi_config_apply_per_lib :  ITTAPI function instrumented: __itt_heap_free_end
25826 : 0x591016e699b : 2 : ittapi_config_apply_per_lib :  ITTAPI function instrumented: __itt_heap_reallocate_begin
25826 : 0x591016e6d61 : 2 : ittapi_config_apply_per_lib :  ITTAPI function instrumented: __itt_heap_reallocate_end
25826 : 0x591016e7210 : 2 : ittapi_config_apply_per_lib :  ITTAPI function not implemented: __itt_heap_internal_access_begin
25826 : 0x591016e76d7 : 2 : ittapi_config_apply_per_lib :  ITTAPI function not implemented: __itt_heap_internal_access_end
25826 : 0x591016e7bac : 2 : ittapi_config_apply_per_lib :  ITTAPI function not implemented: __itt_heap_record_memory_growth_begin
25826 : 0x591016e805e : 2 : ittapi_config_apply_per_lib :  ITTAPI function not implemented: __itt_heap_record_memory_growth_end
25826 : 0x591016e84d3 : 2 : ittapi_config_apply_per_lib :  ITTAPI function not implemented: __itt_heap_reset_detection
25826 : 0x591016e89b2 : 2 : ittapi_config_apply_per_lib :  ITTAPI function not implemented: __itt_heap_record
25826 : 0x591016e8e9f : 2 : ittapi_config_apply_per_lib :  ITTAPI function not implemented: __itt_id_create
25826 : 0x591016e9d4c : 2 : ittapi_config_apply_per_lib :  ITTAPI function not implemented: __itt_id_destroy
25826 : 0x591016ea1ad : 2 : ittapi_config_apply_per_lib :  ITTAPI function instrumented: __itt_get_timestamp
25826 : 0x591016ea633 : 2 : ittapi_config_apply_per_lib :  ITTAPI function not implemented: __itt_region_begin
25826 : 0x591016eaa80 : 2 : ittapi_config_apply_per_lib :  ITTAPI function not implemented: __itt_region_end
25826 : 0x591016eaf43 : 2 : ittapi_config_apply_per_lib :  ITTAPI function instrumented: __itt_frame_begin_v3
25826 : 0x591016eb381 : 2 : ittapi_config_apply_per_lib :  ITTAPI function instrumented: __itt_frame_end_v3
25826 : 0x591016eb83d : 2 : ittapi_config_apply_per_lib :  ITTAPI function instrumented: __itt_frame_submit_v3
25826 : 0x591016ebd1e : 2 : ittapi_config_apply_per_lib :  ITTAPI function not implemented: __itt_task_group
25826 : 0x591016ec1b2 : 2 : ittapi_config_apply_per_lib :  ITTAPI function instrumented: __itt_task_begin
25826 : 0x591016ec5e5 : 2 : ittapi_config_apply_per_lib :  ITTAPI function instrumented: __itt_task_begin_fn
25826 : 0x591016edd49 : 2 : ittapi_config_apply_per_lib :  ITTAPI function instrumented: __itt_task_end
25826 : 0x591016ee273 : 2 : ittapi_config_apply_per_lib :  ITTAPI function not implemented: __itt_counter_inc_v3
25826 : 0x591016ee747 : 2 : ittapi_config_apply_per_lib :  ITTAPI function not implemented: __itt_counter_inc_delta_v3
25826 : 0x591016eebf0 : 2 : ittapi_config_apply_per_lib :  ITTAPI function not implemented: __itt_counter_dec_v3
25826 : 0x591016ef06a : 2 : ittapi_config_apply_per_lib :  ITTAPI function not implemented: __itt_counter_dec_delta_v3
25826 : 0x591016ef509 : 2 : ittapi_config_apply_per_lib :  ITTAPI function not implemented: __itt_marker
25826 : 0x591016efa9c : 2 : ittapi_config_apply_per_lib :  ITTAPI function instrumented: __itt_metadata_add
25826 : 0x591016eff05 : 2 : ittapi_config_apply_per_lib :  ITTAPI function not implemented: __itt_metadata_str_add
25826 : 0x591016f0368 : 2 : ittapi_config_apply_per_lib :  ITTAPI function not implemented: __itt_relation_add_to_current
25826 : 0x591016f07f5 : 2 : ittapi_config_apply_per_lib :  ITTAPI function not implemented: __itt_relation_add
25826 : 0x591016f18b0 : 2 : ittapi_config_apply_per_lib :  ITTAPI function instrumented: __itt_event_create
25826 : 0x591016f1d03 : 2 : ittapi_config_apply_per_lib :  ITTAPI function instrumented: __itt_event_start
25826 : 0x591016f21f5 : 2 : ittapi_config_apply_per_lib :  ITTAPI function instrumented: __itt_event_end
25826 : 0x591016f24f5 : 2 : ittapi_config_apply_per_lib :  ITTAPI function NOT instrumented (not matched by --itt-config option): __itt_sync_set_name

25826 : 0x591016f282e : 2 : ittapi_config_apply_per_lib :  ITTAPI function NOT instrumented (not matched by --itt-config option): __itt_notify_sync_name

25826 : 0x591016f2b1b : 2 : ittapi_config_apply_per_lib :  ITTAPI function NOT instrumented (not matched by --itt-config option): __itt_notify_sync_prepare

25826 : 0x591016f2e10 : 2 : ittapi_config_apply_per_lib :  ITTAPI function NOT instrumented (not matched by --itt-config option): __itt_notify_sync_cancel

25826 : 0x591016f30de : 2 : ittapi_config_apply_per_lib :  ITTAPI function NOT instrumented (not matched by --itt-config option): __itt_notify_sync_acquired

25826 : 0x591016f33b9 : 2 : ittapi_config_apply_per_lib :  ITTAPI function NOT instrumented (not matched by --itt-config option): __itt_notify_sync_releasing

25826 : 0x591016f3803 : 2 : ittapi_config_apply_per_lib :  ITTAPI function not implemented: __itt_memory_read
25826 : 0x591016f4d84 : 2 : ittapi_config_apply_per_lib :  ITTAPI function not implemented: __itt_memory_write
25826 : 0x591016f5296 : 2 : ittapi_config_apply_per_lib :  ITTAPI function not implemented: __itt_memory_update
25826 : 0x591016f5720 : 2 : ittapi_config_apply_per_lib :  ITTAPI function not implemented: __itt_state_get
25826 : 0x591016f5b5c : 2 : ittapi_config_apply_per_lib :  ITTAPI function not implemented: __itt_state_set
25826 : 0x591016f5fe4 : 2 : ittapi_config_apply_per_lib :  ITTAPI function not implemented: __itt_obj_mode_set
25826 : 0x591016f644a : 2 : ittapi_config_apply_per_lib :  ITTAPI function not implemented: __itt_thr_mode_set
25826 : 0x591016f67f9 : 2 : ittapi_config_apply_per_lib :  ITTAPI function instrumented: __itt_frame_create
25826 : 0x591016f6bbf : 2 : ittapi_config_apply_per_lib :  ITTAPI function instrumented: __itt_pt_region_create
25826 : 0x591016f6f75 : 2 : ittapi_config_apply_per_lib :  ITTAPI function instrumented: __itt_frame_begin
25826 : 0x591016f7383 : 2 : ittapi_config_apply_per_lib :  ITTAPI function instrumented: __itt_frame_end
25826 : 0x591016f85ae : 2 : ittapi_config_apply_per_lib :  ITTAPI function not implemented: __itt_counter_destroy
25826 : 0x591016f8a2d : 2 : ittapi_config_apply_per_lib :  ITTAPI function instrumented: __itt_counter_inc
25826 : 0x591016f8e27 : 2 : ittapi_config_apply_per_lib :  ITTAPI function instrumented: __itt_counter_inc_delta
25826 : 0x591016f9237 : 2 : ittapi_config_apply_per_lib :  ITTAPI function instrumented: __itt_counter_dec
25826 : 0x591016f9642 : 2 : ittapi_config_apply_per_lib :  ITTAPI function instrumented: __itt_counter_dec_delta
25826 : 0x591016f9a15 : 2 : ittapi_config_apply_per_lib :  ITTAPI function instrumented: __itt_counter_set_value
25826 : 0x591016f9e7e : 2 : ittapi_config_apply_per_lib :  ITTAPI function not implemented: __itt_counter_set_value_ex
25826 : 0x591016fa2ac : 2 : ittapi_config_apply_per_lib :  ITTAPI function not implemented: __itt_mark_create
25826 : 0x591016fa73b : 2 : ittapi_config_apply_per_lib :  ITTAPI function not implemented: __itt_mark
25826 : 0x591016fac36 : 2 : ittapi_config_apply_per_lib :  ITTAPI function not implemented: __itt_mark_off
25826 : 0x591016fc380 : 2 : ittapi_config_apply_per_lib :  ITTAPI function not implemented: __itt_mark_global
25826 : 0x591016fc879 : 2 : ittapi_config_apply_per_lib :  ITTAPI function not implemented: __itt_mark_global_off
25826 : 0x591016fccd9 : 2 : ittapi_config_apply_per_lib :  ITTAPI function instrumented: __itt_stack_caller_create
25826 : 0x591016fd0ad : 2 : ittapi_config_apply_per_lib :  ITTAPI function instrumented: __itt_stack_caller_destroy
25826 : 0x591016fd4b5 : 2 : ittapi_config_apply_per_lib :  ITTAPI function instrumented: __itt_stack_callee_enter
25826 : 0x591016fd8dd : 2 : ittapi_config_apply_per_lib :  ITTAPI function instrumented: __itt_stack_callee_leave
25826 : 0x59101701893 : 2 : ittapi_config_apply_per_lib :  ITTAPI function not implemented: __itt_clock_domain_create
25826 : 0x59101701d27 : 2 : ittapi_config_apply_per_lib :  ITTAPI function not implemented: __itt_clock_domain_reset
25826 : 0x59101702190 : 2 : ittapi_config_apply_per_lib :  ITTAPI function not implemented: __itt_id_create_ex
25826 : 0x591017025fd : 2 : ittapi_config_apply_per_lib :  ITTAPI function not implemented: __itt_id_destroy_ex
25826 : 0x5910170371b : 2 : ittapi_config_apply_per_lib :  ITTAPI function not implemented: __itt_task_begin_ex
25826 : 0x59101703c32 : 2 : ittapi_config_apply_per_lib :  ITTAPI function not implemented: __itt_task_begin_fn_ex
25826 : 0x591017040c2 : 2 : ittapi_config_apply_per_lib :  ITTAPI function not implemented: __itt_task_end_ex
25826 : 0x591017044da : 2 : ittapi_config_apply_per_lib :  ITTAPI function instrumented: __itt_task_begin_overlapped
25826 : 0x5910170497f : 2 : ittapi_config_apply_per_lib :  ITTAPI function not implemented: __itt_task_begin_overlapped_ex
25826 : 0x59101704da7 : 2 : ittapi_config_apply_per_lib :  ITTAPI function instrumented: __itt_task_end_overlapped
25826 : 0x59101705241 : 2 : ittapi_config_apply_per_lib :  ITTAPI function not implemented: __itt_task_end_overlapped_ex
25826 : 0x5910170568f : 2 : ittapi_config_apply_per_lib :  ITTAPI function not implemented: __itt_marker_ex
25826 : 0x59101705d0d : 2 : ittapi_config_apply_per_lib :  ITTAPI function not implemented: __itt_metadata_add_with_scope
25826 : 0x591017061db : 2 : ittapi_config_apply_per_lib :  ITTAPI function not implemented: __itt_metadata_str_add_with_scope