12 [140070142736064] INFO perfrun.launcher <> - Launcher main begin
18 [140070142736064] INFO perfrun.launcher <> - MessageCatalogInit finished
18 [140070142736064] INFO perfrun.launcher <> - Launcher instance created
18 [140070142736064] INFO perfrun.launcher <> - argc = 7; cmdline = /usr/local/software/intel/oneapi/2022.1/vtune/2022.1.0/bin64/amplxe-runss --ui-output-format xml --ui-output-fd 6 --option-file /home/xx823/Advanced-Computing/profiling_results_omp_csd3/vtune/threading/config/runss.options 
66 [140070142736064] INFO perfrun.launcher <> - create msngr2::ICliToolContext
66 [140070142736064] INFO perfrun.launcher <> - create file finder object
66 [140070142736064] INFO perfrun.launcher <> - create a result directory: pattern = /home/xx823/Advanced-Computing/profiling_results_omp_csd3/vtune/threading pid = 4294967295
81 [140070142736064] INFO perfrun.sdk <> - checked that the directory /home/xx823/Advanced-Computing/profiling_results_omp_csd3/vtune/threading is a local directory
82 [140070142736064] INFO perfrun.sdk <> - the directory /home/xx823/Advanced-Computing/profiling_results_omp_csd3/vtune/threading is located on a share or its FS ID is unknown 26985
82 [140070142736064] INFO perfrun.sdk <> - checked that the directory /tmp/amplxe-tmp-xx823 is a local directory
82 [140070142736064] INFO perfrun.sdk <> - the directory /tmp/amplxe-tmp-xx823 is a local directory with FS type ID 16914836
82 [140070142736064] INFO perfrun.launcher <> - Create a local result directory /tmp/amplxe-tmp-xx823/amplxe-res-254394-993939953712239 due to the user result path /home/xx823/Advanced-Computing/profiling_results_omp_csd3/vtune/threading is located on a share
82 [140070142736064] INFO perfrun.launcher <> - create data directory = /tmp/amplxe-tmp-xx823/amplxe-res-254394-993939953712239/data.0
84 [140070142736064] INFO perfrun.launcher <> - create data directory = /home/xx823/Advanced-Computing/profiling_results_omp_csd3/vtune/threading/data.0
86 [140070142736064] INFO perfrun.launcher <> - Creating the master collection flag
92 [140070142736064] INFO perfrun.launcher <> - Done creating the master collection flag
108 [140070006740736] INFO perfrun.launcher <> - plugin [remoteplug] was disabled because it doesn't support the given collection type.
108 [140070006740736] INFO perfrun.sdk <> - Allocating TMU :/tmp/amplxe-tmp-xx823/amplxe-res-254394-993939953712239/data.0/systemcollector-254394-cpu-q-132.sc
108 [140070006740736] INFO perfrun.system <> - Tpss based collection
109 [140070006740736] INFO perfrun.launcher <> - plugin [ptracecollector] was disabled because it doesn't support the given collection type.
109 [140070006740736] INFO perfrun.launcher <> - plugin [gpu] was disabled because it doesn't support the given collection type.
109 [140070006740736] INFO perfrun.launcher <> - plugin [] was disabled because it doesn't support the given collection type.
109 [140070006740736] INFO perfrun.launcher <> - plugin [] was disabled because it doesn't support the given collection type.
109 [140070006740736] INFO perfrun.launcher <> - plugin [] was disabled because it doesn't support the given collection type.
109 [140070006740736] INFO perfrun.mrte <> - system-wide mode is 0
109 [140070006740736] INFO perfrun.mrte <> - Getting  mrte profiling environment ...
166 [140070006740736] INFO perfrun.mrte <> - INTEL_MRTE_DATA_DIR=/tmp/amplxe-tmp-xx823/amplxe-res-254394-993939953712239/data.0
166 [140070006740736] INFO perfrun.mrte <> - INTEL_MRTE_HOST_NAME=cpu-q-132
166 [140070006740736] INFO perfrun.mrte <> - JAVA_TOOL_OPTIONS=-agentlib:amplxe_tpssmrte_javaprof_1.0 -Dsun.boot.library.path=/usr/local/software/intel/oneapi/2022.1/vtune/2022.1.0/lib32/runtime:/usr/local/software/intel/oneapi/2022.1/vtune/2022.1.0/lib64/runtime
166 [140070006740736] INFO perfrun.mrte <> - LD_LIBRARY_PATH=/usr/local/software/intel/oneapi/2022.1/vtune/2022.1.0/lib32/runtime:/usr/local/software/intel/oneapi/2022.1/vtune/2022.1.0/lib64/runtime
166 [140070006740736] INFO perfrun.mrte <> - CORECLR_ENABLE_PROFILING=1
166 [140070006740736] INFO perfrun.mrte <> - CORECLR_PROFILER={AA5E4821-E3B1-479c-B7FF-5AD047D22CED}
166 [140070006740736] INFO perfrun.mrte <> - CORECLR_PROFILER_PATH=/usr/local/software/intel/oneapi/2022.1/vtune/2022.1.0/lib64/libamplxe_samplingmrte_clrprof_1.0.so
166 [140070006740736] INFO perfrun.mrte <> - INTEL_MRTE_PROFILER_MODE=mixed
166 [140070006740736] INFO perfrun.mrte <> - Data directory: /tmp/amplxe-tmp-xx823/amplxe-res-254394-993939953712239/data.0
166 [140070006740736] INFO perfrun.mrte <> - Mrte plugin is initialized
166 [140070006740736] INFO perfrun.launcher <> - plugin [emon] was disabled because it doesn't support the given collection type.
166 [140070006740736] INFO perfrun.launcher <> - plugin [cuscol] was disabled because it doesn't support the given collection type.
166 [140070006740736] INFO perfrun.launcher <> - plugin [stdsrc] was disabled because it doesn't support the given collection type.
166 [140070006740736] INFO perfrun.launcher <> - plugin [sep] was disabled because it doesn't support the given collection type.
166 [140070006740736] INFO perfrun.launcher <> - plugin [vtsspp] was disabled because it doesn't support the given collection type.
166 [140070006740736] INFO perfrun.launcher <> - plugin [perf] was disabled because it doesn't support the given collection type.
166 [140070006740736] INFO perfrun.launcher <> - plugin [aoclprofile] was disabled because it doesn't support the given collection type.
166 [140070006740736] INFO perfrun.tpss <> - initialize tpss controller
166 [140070006740736] INFO perfrun.tpss <> - configure collection mode: value = cpu:counters:nostack
166 [140070006740736] INFO perfrun.tpss <> - configure collection mode: value = cpu:stack
166 [140070006740736] INFO perfrun.tpss <> - configure collection mode: value = threading:stack
166 [140070006740736] INFO perfrun.tpss <> - configure collection mode: value = waiting:stack
166 [140070006740736] INFO perfrun.tpss <> - configure collection mode: value = io:stack
166 [140070006740736] INFO perfrun.tpss <> - default obj-size-min=1024
166 [140070006740736] INFO perfrun.tpss <> - default hash-table-size=0
166 [140070006740736] INFO perfrun.launcher <> - plugin [media] was disabled because it doesn't support the given collection type.
166 [140070006740736] INFO perfrun.launcher <> - plugin [] was disabled because it doesn't support the given collection type.
166 [140070006740736] INFO perfrun.launcher <> - plugin [] was disabled because it doesn't support the given collection type.
166 [140070006740736] INFO perfrun.launcher <> - plugin [parallelfs] was disabled because it doesn't support the given collection type.
166 [140070006740736] INFO perfrun.launcher <> - plugin [power] was disabled because it doesn't support the given collection type.
166 [140070006740736] INFO perfrun.launcher <> - plugin [hwloc] was disabled because it doesn't support the given collection type.
166 [140070006740736] INFO perfrun.launcher <> - plugin [ipmwatch] was disabled because it doesn't support the given collection type.
166 [140070006740736] INFO perfrun.launcher <> - plugin [os_counters] was disabled because it doesn't support the given collection type.
166 [140070006740736] INFO perfrun.launcher <> - plugin [l0_metrics] was disabled because it doesn't support the given collection type.
166 [140070142736064] INFO perfrun.launcher <> - set environment variable: LD_LIBRARY_PATH = /usr/local/software/intel/oneapi/2022.1/vtune/2022.1.0/lib32/runtime:/usr/local/software/intel/oneapi/2022.1/vtune/2022.1.0/lib64/runtime
166 [140070142736064] INFO perfrun.launcher <> - set environment variable: INTEL_LIBITTNOTIFY32 = /usr/local/software/intel/oneapi/2022.1/vtune/2022.1.0/lib32/runtime/libittnotify_collector.so
166 [140070142736064] INFO perfrun.launcher <> - set environment variable: INTEL_LIBITTNOTIFY64 = /usr/local/software/intel/oneapi/2022.1/vtune/2022.1.0/lib64/runtime/libittnotify_collector.so
166 [140070142736064] INFO perfrun.launcher <> - set environment variable: INTEL_ITTNOTIFY_GROUPS = 
166 [140070142736064] INFO perfrun.launcher <> - set environment variable: INTEL_JIT_PROFILER32 = /usr/local/software/intel/oneapi/2022.1/vtune/2022.1.0/lib32/runtime/libittnotify_collector.so
166 [140070142736064] INFO perfrun.launcher <> - set environment variable: INTEL_JIT_PROFILER64 = /usr/local/software/intel/oneapi/2022.1/vtune/2022.1.0/lib64/runtime/libittnotify_collector.so
166 [140070142736064] INFO perfrun.launcher <> - set environment variable: VS_PROFILER = libittnotify_collector.so
166 [140070142736064] INFO perfrun.launcher <> - set environment variable: OMP_TOOL_LIBRARIES = /usr/local/software/intel/oneapi/2022.1/vtune/2022.1.0/lib32/runtime/libittnotify_collector.so:/usr/local/software/intel/oneapi/2022.1/vtune/2022.1.0/lib64/runtime/libittnotify_collector.so
166 [140070142736064] INFO perfrun.launcher <> - set environment variable: ENABLE_JITPROFILING = 1
166 [140070142736064] INFO perfrun.launcher <> - set environment variable: CL_CONFIG_USE_VTUNE = True
166 [140070142736064] INFO perfrun.launcher <> - set environment variable: INTEL_MRTE_DATA_DIR = /tmp/amplxe-tmp-xx823/amplxe-res-254394-993939953712239/data.0
166 [140070142736064] INFO perfrun.launcher <> - set environment variable: INTEL_MRTE_HOST_NAME = cpu-q-132
166 [140070142736064] INFO perfrun.launcher <> - set environment variable: JAVA_TOOL_OPTIONS = -agentlib:amplxe_tpssmrte_javaprof_1.0 -Dsun.boot.library.path=/usr/local/software/intel/oneapi/2022.1/vtune/2022.1.0/lib32/runtime:/usr/local/software/intel/oneapi/2022.1/vtune/2022.1.0/lib64/runtime
166 [140070142736064] INFO perfrun.launcher <> - set environment variable: LD_LIBRARY_PATH = /usr/local/software/intel/oneapi/2022.1/vtune/2022.1.0/lib32/runtime:/usr/local/software/intel/oneapi/2022.1/vtune/2022.1.0/lib64/runtime
166 [140070142736064] INFO perfrun.launcher <> - set environment variable: CORECLR_ENABLE_PROFILING = 1
166 [140070142736064] INFO perfrun.launcher <> - set environment variable: CORECLR_PROFILER = {AA5E4821-E3B1-479c-B7FF-5AD047D22CED}
166 [140070142736064] INFO perfrun.launcher <> - set environment variable: CORECLR_PROFILER_PATH = /usr/local/software/intel/oneapi/2022.1/vtune/2022.1.0/lib64/libamplxe_samplingmrte_clrprof_1.0.so
166 [140070142736064] INFO perfrun.launcher <> - set environment variable: INTEL_MRTE_PROFILER_MODE = mixed
166 [140070142736064] INFO perfrun.launcher <> - RpcServer: run RPC server to handle requests
169 [140070142736064] INFO perfrun.launcher <> - Launcher: command line to start before modification = ./heat_diffusion_openmp_benchmark --width 1000 --height 1000 --frames 100 --runs 1
169 [140070142736064] INFO perfrun.launcher <> - Launcher: command line to start after modification = /usr/local/software/intel/oneapi/2022.1/vtune/2022.1.0/bin64/pin -error_file /tmp/amplxe-tmp-xx823/amplxe-res-254394-993939953712239/data.0/pinerr.tpsslog -detach_reattach -follow_execv -tool_load_option deepbind -t64 /usr/local/software/intel/oneapi/2022.1/vtune/2022.1.0/lib64/libtpsstool.so -t /usr/local/software/intel/oneapi/2022.1/vtune/2022.1.0/lib32/libtpsstool.so -server_name tpss_ipc.254394 -prd_dir /usr/local/software/intel/oneapi/2022.1/vtune/2022.1.0 -- ./heat_diffusion_openmp_benchmark --width 1000 --height 1000 --frames 100 --runs 1
169 [140070142736064] INFO perfrun.launcher <> - ProcessCreator object was created
170 [140070142736064] INFO perfrun.launcher <> - Launcher: the process was started in suspend mode
185 [140070006740736] WARN perfrun.system <> - Could not do anything with /sys/kernel/debug/kvm: boost::filesystem::status: Permission denied: "/sys/kernel/debug/kvm", at file: vcs/perfrun1/plugins/system/src/trace_writer.cpp:797
185 [140070006740736] WARN perfrun.system <> - Folder "/var/run/libvirt/qemu/"doesn't exist, at file: vcs/perfrun1/plugins/system/src/trace_writer.cpp:810
189 [140070006740736] INFO perfrun.sdk <> - runCmd: "/usr/local/software/intel/oneapi/2022.1/vtune/2022.1.0/bin64/sep" -platform-info
190 [140070006740736] INFO perfrun.sdk <> - runCmd started PID 254400
199 [140070006740736] WARN perfrun.sdk <> - SEP driver is not available, at file: vcs/perfrun1/plugins/pluginsdk/src/device_mapper.cpp:756
199 [140070006740736] INFO perfrun.sdk <> - runCmd: "/usr/local/software/intel/oneapi/2022.1/vtune/2022.1.0/bin64/amplxe-perf" stat --iiostat=show
199 [140070006740736] INFO perfrun.sdk <> - runCmd started PID 254401
240 [140070006740736] INFO perfrun.sdk <> - runCmd: "/usr/local/software/intel/oneapi/2022.1/vtune/2022.1.0/bin64/sep" -platform-info
241 [140070006740736] INFO perfrun.sdk <> - runCmd started PID 254402
248 [140070006740736] WARN perfrun.sdk <> - SEP driver is not available, at file: vcs/perfrun1/plugins/pluginsdk/src/device_mapper.cpp:756
248 [140070006740736] INFO perfrun.sdk <> - runCmd: "/usr/local/software/intel/oneapi/2022.1/vtune/2022.1.0/bin64/sep" -platform-info
248 [140070006740736] INFO perfrun.sdk <> - runCmd started PID 254403
255 [140070006740736] WARN perfrun.sdk <> - SEP driver is not available, at file: vcs/perfrun1/plugins/pluginsdk/src/device_mapper.cpp:756
255 [140070006740736] WARN perfrun.sdk <> - Failed to find xl binary on any of the system paths: /bin, /sbin, /usr/bin, /usr/sbin., at file: vcs/perfrun1/sdk/src/utils.cpp:198
255 [140070006740736] WARN perfrun.system <> - Could not start ContainerMapping collector, at file: vcs/perfrun1/plugins/system/src/controller.cpp:458
258 [140070006740736] INFO perfrun.vdso <> - Helper runtool '/usr/local/software/intel/oneapi/2022.1/vtune/2022.1.0/bin32/amplxe-runss -dump-vdso -r /tmp/amplxe-tmp-xx823/amplxe-res-254394-993939953712239 --tmp-dir /tmp/amplxe-tmp-xx823' returned 1
357 [140070006740736] INFO perfrun.vdso <> - Helper runtool '/usr/local/software/intel/oneapi/2022.1/vtune/2022.1.0/bin64/amplxe-runss -dump-vdso -r /tmp/amplxe-tmp-xx823/amplxe-res-254394-993939953712239 --tmp-dir /tmp/amplxe-tmp-xx823' returned 0
357 [140070006740736] INFO perfrun.itt <> - start itt controller for pid #254399
357 [140070006740736] INFO perfrun.tpss <> - start tpss controller for pid #254399
408 [140070142736064] INFO perfrun.launcher <> - Launcher: all plugins were started
408 [140070142736064] INFO perfrun.launcher <> - DirectoryMonitor object was created
408 [140070142736064] INFO perfrun.launcher <> - DirectoryMonitor: a callback was added
408 [140070142736064] INFO perfrun.launcher <> - DirectoryMonitor was started with pingTime = 1000
408 [140070142736064] INFO perfrun.launcher <> - DeadlineTimer is going to be constructed
408 [140070142736064] INFO perfrun.launcher <> - DeadlineTimer: a callback was added
415 [140070142736064] INFO perfrun.launcher <> - Launcher: resume the profiled application and  wait its termination or stop command
615 [140070142736064] INFO perfrun.launcher <> - Launcher: the profiled application was terminated  with exit code = 0
624 [140070006740736] INFO perfrun.itt <> - detach itt controller
624 [140070006740736] INFO perfrun.itt <> - detach itt controller done
624 [140070006740736] INFO perfrun.tpss <> - stop tpss controller
624 [140070006740736] INFO perfrun.sdk <> - De-allocating TMU: /tmp/amplxe-tmp-xx823/amplxe-res-254394-993939953712239/data.0/systemcollector-254394-cpu-q-132.sc
624 [140070006740736] INFO perfrun.system <> - closed the system trace file: /tmp/amplxe-tmp-xx823/amplxe-res-254394-993939953712239/data.0/systemcollector-254394-cpu-q-132.sc
624 [140070142736064] INFO perfrun.launcher <> - Launcher: all plugins were stopped.
624 [140070142736064] INFO perfrun.launcher <> - DeadlineTimer is going to be destroyed
624 [140070142736064] INFO perfrun.launcher <> - DeadlineTimer was destroyed
624 [140070142736064] INFO perfrun.launcher <> - DirectoryMonitor object was destroyed
624 [140070142736064] WARN perfrun.launcher <> - Stop command is ignored because it is received when collection is already stopped, at file: vcs/perfrun1/launcher/src/command_handler.cpp:212
851 [140070142736064] INFO perfrun.launcher <> - Application exit code: 0
851 [140070142736064] INFO perfrun.launcher <> - Exit code: 0
