18 [140372710529984] INFO perfrun.launcher <> - Launcher main begin
23 [140372710529984] INFO perfrun.launcher <> - MessageCatalogInit finished
23 [140372710529984] INFO perfrun.launcher <> - Launcher instance created
23 [140372710529984] INFO perfrun.launcher <> - argc = 7; cmdline = /usr/local/software/intel/oneapi/2022.1/vtune/2022.1.0/bin64/amplxe-runss --ui-output-format xml --ui-output-fd 6 --option-file /home/xx823/Advanced-Computing/profiling_results_omp_csd3/vtune/threading/config/runss.options 
97 [140372710529984] INFO perfrun.launcher <> - create msngr2::ICliToolContext
98 [140372710529984] INFO perfrun.launcher <> - create file finder object
98 [140372710529984] INFO perfrun.launcher <> - create a result directory: pattern = /home/xx823/Advanced-Computing/profiling_results_omp_csd3/vtune/threading pid = 4294967295
101 [140372710529984] INFO perfrun.sdk <> - checked that the directory /home/xx823/Advanced-Computing/profiling_results_omp_csd3/vtune/threading is a local directory
102 [140372710529984] INFO perfrun.sdk <> - the directory /home/xx823/Advanced-Computing/profiling_results_omp_csd3/vtune/threading is located on a share or its FS ID is unknown 26985
102 [140372710529984] INFO perfrun.sdk <> - checked that the directory /tmp/amplxe-tmp-xx823 is a local directory
102 [140372710529984] INFO perfrun.sdk <> - the directory /tmp/amplxe-tmp-xx823 is a local directory with FS type ID 16914836
103 [140372710529984] INFO perfrun.launcher <> - Create a local result directory /tmp/amplxe-tmp-xx823/amplxe-res-104821-206032296569695 due to the user result path /home/xx823/Advanced-Computing/profiling_results_omp_csd3/vtune/threading is located on a share
103 [140372710529984] INFO perfrun.launcher <> - create data directory = /tmp/amplxe-tmp-xx823/amplxe-res-104821-206032296569695/data.0
104 [140372710529984] INFO perfrun.launcher <> - create data directory = /home/xx823/Advanced-Computing/profiling_results_omp_csd3/vtune/threading/data.0
107 [140372710529984] INFO perfrun.launcher <> - Creating the master collection flag
169 [140372710529984] INFO perfrun.launcher <> - Done creating the master collection flag
176 [140372574545664] INFO perfrun.launcher <> - plugin [remoteplug] was disabled because it doesn't support the given collection type.
176 [140372574545664] INFO perfrun.sdk <> - Allocating TMU :/tmp/amplxe-tmp-xx823/amplxe-res-104821-206032296569695/data.0/systemcollector-104821-cpu-q-162.sc
177 [140372574545664] INFO perfrun.system <> - Tpss based collection
177 [140372574545664] INFO perfrun.launcher <> - plugin [ptracecollector] was disabled because it doesn't support the given collection type.
177 [140372574545664] INFO perfrun.launcher <> - plugin [gpu] was disabled because it doesn't support the given collection type.
177 [140372574545664] INFO perfrun.launcher <> - plugin [] was disabled because it doesn't support the given collection type.
177 [140372574545664] INFO perfrun.launcher <> - plugin [] was disabled because it doesn't support the given collection type.
177 [140372574545664] INFO perfrun.launcher <> - plugin [] was disabled because it doesn't support the given collection type.
177 [140372574545664] INFO perfrun.mrte <> - system-wide mode is 0
177 [140372574545664] INFO perfrun.mrte <> - Getting  mrte profiling environment ...
291 [140372574545664] INFO perfrun.mrte <> - INTEL_MRTE_DATA_DIR=/tmp/amplxe-tmp-xx823/amplxe-res-104821-206032296569695/data.0
291 [140372574545664] INFO perfrun.mrte <> - INTEL_MRTE_HOST_NAME=cpu-q-162
291 [140372574545664] INFO perfrun.mrte <> - JAVA_TOOL_OPTIONS=-agentlib:amplxe_tpssmrte_javaprof_1.0 -Dsun.boot.library.path=/usr/local/software/intel/oneapi/2022.1/vtune/2022.1.0/lib32/runtime:/usr/local/software/intel/oneapi/2022.1/vtune/2022.1.0/lib64/runtime
291 [140372574545664] INFO perfrun.mrte <> - LD_LIBRARY_PATH=/usr/local/software/intel/oneapi/2022.1/vtune/2022.1.0/lib32/runtime:/usr/local/software/intel/oneapi/2022.1/vtune/2022.1.0/lib64/runtime:/usr/local/software/spack/spack-views/rocky8-icelake-20220710/intel-oneapi-mpi-2021.6.0/intel-2021.6.0/guxuvcpmykplbrr2e3af2yd7njqhau5e/mpi/2021.6.0//libfabric/lib:/usr/local/software/spack/spack-views/rocky8-icelake-20220710/intel-oneapi-mpi-2021.6.0/intel-2021.6.0/guxuvcpmykplbrr2e3af2yd7njqhau5e/mpi/2021.6.0//lib/release:/usr/local/software/spack/spack-views/rocky8-icelake-20220710/intel-oneapi-mpi-2021.6.0/intel-2021.6.0/guxuvcpmykplbrr2e3af2yd7njqhau5e/mpi/2021.6.0//lib:/usr/local/software/spack/csd3/spack-views/ucx-2024-08-19/ucx-1.15.0/gcc-8.5.0/3odtpik4wnhzdj6fgnc5ujwcmmnx4yjl/lib:/usr/local/software/spack/spack-views/rocky8-icelake-20220710/intel-oneapi-compilers-2022.1.0/gcc-11.3.0/b6zld2mz7cid27yloxznoidymd7vywwz/compiler/2022.1.0/linux/lib:/usr/local/software/spack/spack-views/rocky8-icelake-20220710/intel-oneapi-compilers-2022.1.0/gcc-11.3.0/b6zld2mz7cid27yloxznoidymd7vywwz/compiler/2022.1.0/linux/lib/x64:/usr/local/software/spack/spack-views/rocky8-icelake-20220710/intel-oneapi-compilers-2022.1.0/gcc-11.3.0/b6zld2mz7cid27yloxznoidymd7vywwz/compiler/2022.1.0/linux/lib/oclfpga/host/linux64/lib:/usr/local/software/spack/spack-views/rocky8-icelake-20220710/intel-oneapi-compilers-2022.1.0/gcc-11.3.0/b6zld2mz7cid27yloxznoidymd7vywwz/compiler/2022.1.0/linux/compiler/lib/intel64_lin:/usr/local/software/spack/spack-views/rocky8-icelake-20220710/intel-oneapi-compilers-2022.1.0/gcc-11.3.0/b6zld2mz7cid27yloxznoidymd7vywwz/lib:/usr/local/Cluster-Apps/vgl/2.5.1/64/lib:/usr/local/software/cuda/11.4/lib64:/usr/local/software/cuda/11.4/lib:/usr/local/software/cuda/11.4/nvvm/lib64:/usr/local/software/global-rhel8/lib:/usr/local/software/slurm/current-rhel8/lib
291 [140372574545664] INFO perfrun.mrte <> - CORECLR_ENABLE_PROFILING=1
291 [140372574545664] INFO perfrun.mrte <> - CORECLR_PROFILER={AA5E4821-E3B1-479c-B7FF-5AD047D22CED}
291 [140372574545664] INFO perfrun.mrte <> - CORECLR_PROFILER_PATH=/usr/local/software/intel/oneapi/2022.1/vtune/2022.1.0/lib64/libamplxe_samplingmrte_clrprof_1.0.so
291 [140372574545664] INFO perfrun.mrte <> - INTEL_MRTE_PROFILER_MODE=mixed
291 [140372574545664] INFO perfrun.mrte <> - Data directory: /tmp/amplxe-tmp-xx823/amplxe-res-104821-206032296569695/data.0
291 [140372574545664] INFO perfrun.mrte <> - Mrte plugin is initialized
291 [140372574545664] INFO perfrun.launcher <> - plugin [emon] was disabled because it doesn't support the given collection type.
291 [140372574545664] INFO perfrun.launcher <> - plugin [cuscol] was disabled because it doesn't support the given collection type.
291 [140372574545664] INFO perfrun.launcher <> - plugin [stdsrc] was disabled because it doesn't support the given collection type.
291 [140372574545664] INFO perfrun.launcher <> - plugin [sep] was disabled because it doesn't support the given collection type.
291 [140372574545664] INFO perfrun.launcher <> - plugin [vtsspp] was disabled because it doesn't support the given collection type.
291 [140372574545664] INFO perfrun.launcher <> - plugin [perf] was disabled because it doesn't support the given collection type.
291 [140372574545664] INFO perfrun.launcher <> - plugin [aoclprofile] was disabled because it doesn't support the given collection type.
291 [140372574545664] INFO perfrun.tpss <> - initialize tpss controller
291 [140372574545664] INFO perfrun.tpss <> - configure collection mode: value = cpu:counters:nostack
292 [140372574545664] INFO perfrun.tpss <> - configure collection mode: value = cpu:stack
292 [140372574545664] INFO perfrun.tpss <> - configure collection mode: value = threading:stack
292 [140372574545664] INFO perfrun.tpss <> - configure collection mode: value = waiting:stack
292 [140372574545664] INFO perfrun.tpss <> - configure collection mode: value = io:stack
292 [140372574545664] INFO perfrun.tpss <> - default obj-size-min=1024
292 [140372574545664] INFO perfrun.tpss <> - default hash-table-size=0
292 [140372574545664] INFO perfrun.launcher <> - plugin [media] was disabled because it doesn't support the given collection type.
292 [140372574545664] INFO perfrun.launcher <> - plugin [] was disabled because it doesn't support the given collection type.
292 [140372574545664] INFO perfrun.launcher <> - plugin [] was disabled because it doesn't support the given collection type.
292 [140372574545664] INFO perfrun.launcher <> - plugin [parallelfs] was disabled because it doesn't support the given collection type.
292 [140372574545664] INFO perfrun.launcher <> - plugin [power] was disabled because it doesn't support the given collection type.
292 [140372574545664] INFO perfrun.launcher <> - plugin [hwloc] was disabled because it doesn't support the given collection type.
292 [140372574545664] INFO perfrun.launcher <> - plugin [ipmwatch] was disabled because it doesn't support the given collection type.
292 [140372574545664] INFO perfrun.launcher <> - plugin [os_counters] was disabled because it doesn't support the given collection type.
292 [140372574545664] INFO perfrun.launcher <> - plugin [l0_metrics] was disabled because it doesn't support the given collection type.
292 [140372710529984] INFO perfrun.launcher <> - set environment variable: LD_LIBRARY_PATH = /usr/local/software/intel/oneapi/2022.1/vtune/2022.1.0/lib32/runtime:/usr/local/software/intel/oneapi/2022.1/vtune/2022.1.0/lib64/runtime:/usr/local/software/spack/spack-views/rocky8-icelake-20220710/intel-oneapi-mpi-2021.6.0/intel-2021.6.0/guxuvcpmykplbrr2e3af2yd7njqhau5e/mpi/2021.6.0//libfabric/lib:/usr/local/software/spack/spack-views/rocky8-icelake-20220710/intel-oneapi-mpi-2021.6.0/intel-2021.6.0/guxuvcpmykplbrr2e3af2yd7njqhau5e/mpi/2021.6.0//lib/release:/usr/local/software/spack/spack-views/rocky8-icelake-20220710/intel-oneapi-mpi-2021.6.0/intel-2021.6.0/guxuvcpmykplbrr2e3af2yd7njqhau5e/mpi/2021.6.0//lib:/usr/local/software/spack/csd3/spack-views/ucx-2024-08-19/ucx-1.15.0/gcc-8.5.0/3odtpik4wnhzdj6fgnc5ujwcmmnx4yjl/lib:/usr/local/software/spack/spack-views/rocky8-icelake-20220710/intel-oneapi-compilers-2022.1.0/gcc-11.3.0/b6zld2mz7cid27yloxznoidymd7vywwz/compiler/2022.1.0/linux/lib:/usr/local/software/spack/spack-views/rocky8-icelake-20220710/intel-oneapi-compilers-2022.1.0/gcc-11.3.0/b6zld2mz7cid27yloxznoidymd7vywwz/compiler/2022.1.0/linux/lib/x64:/usr/local/software/spack/spack-views/rocky8-icelake-20220710/intel-oneapi-compilers-2022.1.0/gcc-11.3.0/b6zld2mz7cid27yloxznoidymd7vywwz/compiler/2022.1.0/linux/lib/oclfpga/host/linux64/lib:/usr/local/software/spack/spack-views/rocky8-icelake-20220710/intel-oneapi-compilers-2022.1.0/gcc-11.3.0/b6zld2mz7cid27yloxznoidymd7vywwz/compiler/2022.1.0/linux/compiler/lib/intel64_lin:/usr/local/software/spack/spack-views/rocky8-icelake-20220710/intel-oneapi-compilers-2022.1.0/gcc-11.3.0/b6zld2mz7cid27yloxznoidymd7vywwz/lib:/usr/local/Cluster-Apps/vgl/2.5.1/64/lib:/usr/local/software/cuda/11.4/lib64:/usr/local/software/cuda/11.4/lib:/usr/local/software/cuda/11.4/nvvm/lib64:/usr/local/software/global-rhel8/lib:/usr/local/software/slurm/current-rhel8/lib
292 [140372710529984] INFO perfrun.launcher <> - set environment variable: INTEL_LIBITTNOTIFY32 = /usr/local/software/intel/oneapi/2022.1/vtune/2022.1.0/lib32/runtime/libittnotify_collector.so
292 [140372710529984] INFO perfrun.launcher <> - set environment variable: INTEL_LIBITTNOTIFY64 = /usr/local/software/intel/oneapi/2022.1/vtune/2022.1.0/lib64/runtime/libittnotify_collector.so
292 [140372710529984] INFO perfrun.launcher <> - set environment variable: INTEL_ITTNOTIFY_GROUPS = 
292 [140372710529984] INFO perfrun.launcher <> - set environment variable: INTEL_JIT_PROFILER32 = /usr/local/software/intel/oneapi/2022.1/vtune/2022.1.0/lib32/runtime/libittnotify_collector.so
292 [140372710529984] INFO perfrun.launcher <> - set environment variable: INTEL_JIT_PROFILER64 = /usr/local/software/intel/oneapi/2022.1/vtune/2022.1.0/lib64/runtime/libittnotify_collector.so
292 [140372710529984] INFO perfrun.launcher <> - set environment variable: VS_PROFILER = libittnotify_collector.so
292 [140372710529984] INFO perfrun.launcher <> - set environment variable: OMP_TOOL_LIBRARIES = /usr/local/software/intel/oneapi/2022.1/vtune/2022.1.0/lib32/runtime/libittnotify_collector.so:/usr/local/software/intel/oneapi/2022.1/vtune/2022.1.0/lib64/runtime/libittnotify_collector.so
292 [140372710529984] INFO perfrun.launcher <> - set environment variable: ENABLE_JITPROFILING = 1
292 [140372710529984] INFO perfrun.launcher <> - set environment variable: CL_CONFIG_USE_VTUNE = True
292 [140372710529984] INFO perfrun.launcher <> - set environment variable: INTEL_MRTE_DATA_DIR = /tmp/amplxe-tmp-xx823/amplxe-res-104821-206032296569695/data.0
292 [140372710529984] INFO perfrun.launcher <> - set environment variable: INTEL_MRTE_HOST_NAME = cpu-q-162
292 [140372710529984] INFO perfrun.launcher <> - set environment variable: JAVA_TOOL_OPTIONS = -agentlib:amplxe_tpssmrte_javaprof_1.0 -Dsun.boot.library.path=/usr/local/software/intel/oneapi/2022.1/vtune/2022.1.0/lib32/runtime:/usr/local/software/intel/oneapi/2022.1/vtune/2022.1.0/lib64/runtime
292 [140372710529984] INFO perfrun.launcher <> - set environment variable: LD_LIBRARY_PATH = /usr/local/software/intel/oneapi/2022.1/vtune/2022.1.0/lib32/runtime:/usr/local/software/intel/oneapi/2022.1/vtune/2022.1.0/lib64/runtime:/usr/local/software/spack/spack-views/rocky8-icelake-20220710/intel-oneapi-mpi-2021.6.0/intel-2021.6.0/guxuvcpmykplbrr2e3af2yd7njqhau5e/mpi/2021.6.0//libfabric/lib:/usr/local/software/spack/spack-views/rocky8-icelake-20220710/intel-oneapi-mpi-2021.6.0/intel-2021.6.0/guxuvcpmykplbrr2e3af2yd7njqhau5e/mpi/2021.6.0//lib/release:/usr/local/software/spack/spack-views/rocky8-icelake-20220710/intel-oneapi-mpi-2021.6.0/intel-2021.6.0/guxuvcpmykplbrr2e3af2yd7njqhau5e/mpi/2021.6.0//lib:/usr/local/software/spack/csd3/spack-views/ucx-2024-08-19/ucx-1.15.0/gcc-8.5.0/3odtpik4wnhzdj6fgnc5ujwcmmnx4yjl/lib:/usr/local/software/spack/spack-views/rocky8-icelake-20220710/intel-oneapi-compilers-2022.1.0/gcc-11.3.0/b6zld2mz7cid27yloxznoidymd7vywwz/compiler/2022.1.0/linux/lib:/usr/local/software/spack/spack-views/rocky8-icelake-20220710/intel-oneapi-compilers-2022.1.0/gcc-11.3.0/b6zld2mz7cid27yloxznoidymd7vywwz/compiler/2022.1.0/linux/lib/x64:/usr/local/software/spack/spack-views/rocky8-icelake-20220710/intel-oneapi-compilers-2022.1.0/gcc-11.3.0/b6zld2mz7cid27yloxznoidymd7vywwz/compiler/2022.1.0/linux/lib/oclfpga/host/linux64/lib:/usr/local/software/spack/spack-views/rocky8-icelake-20220710/intel-oneapi-compilers-2022.1.0/gcc-11.3.0/b6zld2mz7cid27yloxznoidymd7vywwz/compiler/2022.1.0/linux/compiler/lib/intel64_lin:/usr/local/software/spack/spack-views/rocky8-icelake-20220710/intel-oneapi-compilers-2022.1.0/gcc-11.3.0/b6zld2mz7cid27yloxznoidymd7vywwz/lib:/usr/local/Cluster-Apps/vgl/2.5.1/64/lib:/usr/local/software/cuda/11.4/lib64:/usr/local/software/cuda/11.4/lib:/usr/local/software/cuda/11.4/nvvm/lib64:/usr/local/software/global-rhel8/lib:/usr/local/software/slurm/current-rhel8/lib
292 [140372710529984] INFO perfrun.launcher <> - set environment variable: CORECLR_ENABLE_PROFILING = 1
292 [140372710529984] INFO perfrun.launcher <> - set environment variable: CORECLR_PROFILER = {AA5E4821-E3B1-479c-B7FF-5AD047D22CED}
292 [140372710529984] INFO perfrun.launcher <> - set environment variable: CORECLR_PROFILER_PATH = /usr/local/software/intel/oneapi/2022.1/vtune/2022.1.0/lib64/libamplxe_samplingmrte_clrprof_1.0.so
292 [140372710529984] INFO perfrun.launcher <> - set environment variable: INTEL_MRTE_PROFILER_MODE = mixed
292 [140372710529984] INFO perfrun.launcher <> - RpcServer: run RPC server to handle requests
295 [140372710529984] INFO perfrun.launcher <> - Launcher: command line to start before modification = ./heat_diffusion_openmp_benchmark --width 100000 --height 100000 --frames 1000 --runs 1
297 [140372710529984] INFO perfrun.launcher <> - Launcher: command line to start after modification = /usr/local/software/intel/oneapi/2022.1/vtune/2022.1.0/bin64/pin -error_file /tmp/amplxe-tmp-xx823/amplxe-res-104821-206032296569695/data.0/pinerr.tpsslog -detach_reattach -follow_execv -tool_load_option deepbind -t64 /usr/local/software/intel/oneapi/2022.1/vtune/2022.1.0/lib64/libtpsstool.so -t /usr/local/software/intel/oneapi/2022.1/vtune/2022.1.0/lib32/libtpsstool.so -server_name tpss_ipc.104821 -prd_dir /usr/local/software/intel/oneapi/2022.1/vtune/2022.1.0 -- ./heat_diffusion_openmp_benchmark --width 100000 --height 100000 --frames 1000 --runs 1
297 [140372710529984] INFO perfrun.launcher <> - ProcessCreator object was created
298 [140372710529984] INFO perfrun.launcher <> - Launcher: the process was started in suspend mode
312 [140372574545664] WARN perfrun.system <> - Could not do anything with /sys/kernel/debug/kvm: boost::filesystem::status: Permission denied: "/sys/kernel/debug/kvm", at file: vcs/perfrun1/plugins/system/src/trace_writer.cpp:797
312 [140372574545664] WARN perfrun.system <> - Folder "/var/run/libvirt/qemu/"doesn't exist, at file: vcs/perfrun1/plugins/system/src/trace_writer.cpp:810
318 [140372574545664] INFO perfrun.sdk <> - runCmd: "/usr/local/software/intel/oneapi/2022.1/vtune/2022.1.0/bin64/sep" -platform-info
318 [140372574545664] INFO perfrun.sdk <> - runCmd started PID 104872
341 [140372574545664] WARN perfrun.sdk <> - SEP driver is not available, at file: vcs/perfrun1/plugins/pluginsdk/src/device_mapper.cpp:756
341 [140372574545664] INFO perfrun.sdk <> - runCmd: "/usr/local/software/intel/oneapi/2022.1/vtune/2022.1.0/bin64/amplxe-perf" stat --iiostat=show
341 [140372574545664] INFO perfrun.sdk <> - runCmd started PID 104873
415 [140372574545664] INFO perfrun.sdk <> - runCmd: "/usr/local/software/intel/oneapi/2022.1/vtune/2022.1.0/bin64/sep" -platform-info
415 [140372574545664] INFO perfrun.sdk <> - runCmd started PID 104874
434 [140372574545664] WARN perfrun.sdk <> - SEP driver is not available, at file: vcs/perfrun1/plugins/pluginsdk/src/device_mapper.cpp:756
434 [140372574545664] INFO perfrun.sdk <> - runCmd: "/usr/local/software/intel/oneapi/2022.1/vtune/2022.1.0/bin64/sep" -platform-info
434 [140372574545664] INFO perfrun.sdk <> - runCmd started PID 104875
446 [140372574545664] WARN perfrun.sdk <> - SEP driver is not available, at file: vcs/perfrun1/plugins/pluginsdk/src/device_mapper.cpp:756
446 [140372574545664] WARN perfrun.sdk <> - Failed to find xl binary on any of the system paths: /bin, /sbin, /usr/bin, /usr/sbin., at file: vcs/perfrun1/sdk/src/utils.cpp:198
447 [140372574545664] WARN perfrun.system <> - Could not start ContainerMapping collector, at file: vcs/perfrun1/plugins/system/src/controller.cpp:458
455 [140372574545664] INFO perfrun.vdso <> - Helper runtool '/usr/local/software/intel/oneapi/2022.1/vtune/2022.1.0/bin32/amplxe-runss -dump-vdso -r /tmp/amplxe-tmp-xx823/amplxe-res-104821-206032296569695 --tmp-dir /tmp/amplxe-tmp-xx823' returned 1
587 [140372574545664] INFO perfrun.vdso <> - Helper runtool '/usr/local/software/intel/oneapi/2022.1/vtune/2022.1.0/bin64/amplxe-runss -dump-vdso -r /tmp/amplxe-tmp-xx823/amplxe-res-104821-206032296569695 --tmp-dir /tmp/amplxe-tmp-xx823' returned 0
587 [140372574545664] INFO perfrun.itt <> - start itt controller for pid #104871
587 [140372574545664] INFO perfrun.tpss <> - start tpss controller for pid #104871
637 [140372710529984] INFO perfrun.launcher <> - Launcher: all plugins were started
637 [140372710529984] INFO perfrun.launcher <> - DirectoryMonitor object was created
637 [140372710529984] INFO perfrun.launcher <> - DirectoryMonitor: a callback was added
637 [140372710529984] INFO perfrun.launcher <> - DirectoryMonitor was started with pingTime = 1000
637 [140372710529984] INFO perfrun.launcher <> - DeadlineTimer is going to be constructed
638 [140372710529984] INFO perfrun.launcher <> - DeadlineTimer: a callback was added
650 [140372710529984] INFO perfrun.launcher <> - Launcher: resume the profiled application and  wait its termination or stop command
16392 [140372710529984] INFO perfrun.launcher <> - Launcher: the profiled application was terminated  with exit code = 137
16438 [140372574545664] WARN perfrun.launcher <> - can't send #0 signal to the process with pid #104871 - , at file: vcs/perfrun1/launcher/src/signal_handler_lin.cpp:65
16468 [140372574545664] WARN perfrun.launcher <> - can't send #0 signal to the process with pid #104871 - , at file: vcs/perfrun1/launcher/src/signal_handler_lin.cpp:65
16558 [140372574545664] INFO perfrun.itt <> - detach itt controller
16558 [140372574545664] INFO perfrun.itt <> - detach itt controller done
16560 [140372574545664] INFO perfrun.tpss <> - stop tpss controller
16570 [140372574545664] INFO perfrun.sdk <> - De-allocating TMU: /tmp/amplxe-tmp-xx823/amplxe-res-104821-206032296569695/data.0/systemcollector-104821-cpu-q-162.sc
16570 [140372574545664] INFO perfrun.system <> - closed the system trace file: /tmp/amplxe-tmp-xx823/amplxe-res-104821-206032296569695/data.0/systemcollector-104821-cpu-q-162.sc
16573 [140372710529984] INFO perfrun.launcher <> - Launcher: all plugins were stopped.
16573 [140372710529984] INFO perfrun.launcher <> - DeadlineTimer is going to be destroyed
16573 [140372710529984] INFO perfrun.launcher <> - DeadlineTimer was destroyed
16573 [140372710529984] INFO perfrun.launcher <> - DirectoryMonitor object was destroyed
16573 [140372710529984] WARN perfrun.launcher <> - Stop command is ignored because it is received when collection is already stopped, at file: vcs/perfrun1/launcher/src/command_handler.cpp:212
16861 [140372710529984] INFO perfrun.launcher <> - Application exit code: 137
16861 [140372710529984] INFO perfrun.launcher <> - Exit code: 4
