
254416 : 0x15c64feeaf0c3 : 1 : spill_jit_data :  Jit agent is not initialized
254399 : 0x15c64feeb0ed3 : 2 : ittapi_config_mask_get :  --itt-config mask to be applied: 55
254399 : 0x15c64feeb2429 : 2 : ittapi_config_apply_per_lib :  ITTAPI function instrumented: __itt_domain_create
254399 : 0x15c64feeb2b6b : 2 : ittapi_config_apply_per_lib :  ITTAPI function instrumented: __itt_module_load_with_sections
254399 : 0x15c64feeb3bfa : 2 : ittapi_config_apply_per_lib :  ITTAPI function not implemented: __itt_module_unload_with_sections
254399 : 0x15c64feeb4327 : 2 : ittapi_config_apply_per_lib :  ITTAPI function instrumented: __itt_string_handle_create
254399 : 0x15c64feeb47f5 : 2 : ittapi_config_apply_per_lib :  ITTAPI function instrumented: __itt_counter_create
254399 : 0x15c64feeb4c8b : 2 : ittapi_config_apply_per_lib :  ITTAPI function instrumented: __itt_counter_create_typed
254399 : 0x15c64feeb51a8 : 2 : ittapi_config_apply_per_lib :  ITTAPI function instrumented: __itt_pause
254399 : 0x15c64feeb5666 : 2 : ittapi_config_apply_per_lib :  ITTAPI function instrumented: __itt_resume
254399 : 0x15c64feeb7edb : 2 : ittapi_config_apply_per_lib :  ITTAPI function instrumented: __itt_thread_set_name
254399 : 0x15c64feeb83ea : 2 : ittapi_config_apply_per_lib :  ITTAPI function instrumented: __itt_thread_ignore
254399 : 0x15c64feeb897e : 2 : ittapi_config_apply_per_lib :  ITTAPI function instrumented: __itt_thr_name_set
254399 : 0x15c64feeb8e55 : 2 : ittapi_config_apply_per_lib :  ITTAPI function instrumented: __itt_thr_ignore
254399 : 0x15c64feeb9306 : 2 : ittapi_config_apply_per_lib :  ITTAPI function instrumented: __itt_histogram_create
254399 : 0x15c64feeb9976 : 2 : ittapi_config_apply_per_lib :  ITTAPI function not implemented: __itt_enable_attach
254399 : 0x15c64feeb9e96 : 2 : ittapi_config_apply_per_lib :  ITTAPI function instrumented: __itt_detach
254399 : 0x15c64feeba166 : 2 : ittapi_config_apply_per_lib :  ITTAPI function NOT instrumented (not matched by --itt-config option): __itt_sync_create

254399 : 0x15c64feeba497 : 2 : ittapi_config_apply_per_lib :  ITTAPI function NOT instrumented (not matched by --itt-config option): __itt_sync_rename

254399 : 0x15c64feeba72b : 2 : ittapi_config_apply_per_lib :  ITTAPI function NOT instrumented (not matched by --itt-config option): __itt_sync_destroy

254399 : 0x15c64feebb62f : 2 : ittapi_config_apply_per_lib :  ITTAPI function NOT instrumented (not matched by --itt-config option): __itt_sync_prepare

254399 : 0x15c64feebb906 : 2 : ittapi_config_apply_per_lib :  ITTAPI function NOT instrumented (not matched by --itt-config option): __itt_sync_cancel

254399 : 0x15c64feebbb97 : 2 : ittapi_config_apply_per_lib :  ITTAPI function NOT instrumented (not matched by --itt-config option): __itt_sync_acquired

254399 : 0x15c64feebbe0b : 2 : ittapi_config_apply_per_lib :  ITTAPI function NOT instrumented (not matched by --itt-config option): __itt_sync_releasing

254399 : 0x15c64feebc3d5 : 2 : ittapi_config_apply_per_lib :  ITTAPI function not implemented: __itt_suppress_push
254399 : 0x15c64feebca2d : 2 : ittapi_config_apply_per_lib :  ITTAPI function not implemented: __itt_suppress_pop
254399 : 0x15c64feebcfc7 : 2 : ittapi_config_apply_per_lib :  ITTAPI function not implemented: __itt_suppress_mark_range
254399 : 0x15c64feebd527 : 2 : ittapi_config_apply_per_lib :  ITTAPI function not implemented: __itt_suppress_clear_range
254399 : 0x15c64feebd7a0 : 2 : ittapi_config_apply_per_lib :  ITTAPI function NOT instrumented (not matched by --itt-config option): __itt_sync_prepare

254399 : 0x15c64feebda0f : 2 : ittapi_config_apply_per_lib :  ITTAPI function NOT instrumented (not matched by --itt-config option): __itt_sync_cancel

254399 : 0x15c64feebe572 : 2 : ittapi_config_apply_per_lib :  ITTAPI function NOT instrumented (not matched by --itt-config option): __itt_sync_acquired

254399 : 0x15c64feebe7f2 : 2 : ittapi_config_apply_per_lib :  ITTAPI function NOT instrumented (not matched by --itt-config option): __itt_sync_releasing

254399 : 0x15c64feebeab2 : 2 : ittapi_config_apply_per_lib :  ITTAPI function NOT instrumented (not matched by --itt-config option): __itt_model_site_begin

254399 : 0x15c64feebed58 : 2 : ittapi_config_apply_per_lib :  ITTAPI function NOT instrumented (not matched by --itt-config option): __itt_model_site_end

254399 : 0x15c64feebefdd : 2 : ittapi_config_apply_per_lib :  ITTAPI function NOT instrumented (not matched by --itt-config option): __itt_model_task_begin

254399 : 0x15c64feebf233 : 2 : ittapi_config_apply_per_lib :  ITTAPI function NOT instrumented (not matched by --itt-config option): __itt_model_task_end

254399 : 0x15c64feebf49e : 2 : ittapi_config_apply_per_lib :  ITTAPI function NOT instrumented (not matched by --itt-config option): __itt_model_lock_acquire

254399 : 0x15c64feebf75f : 2 : ittapi_config_apply_per_lib :  ITTAPI function NOT instrumented (not matched by --itt-config option): __itt_model_lock_release

254399 : 0x15c64feebf9a7 : 2 : ittapi_config_apply_per_lib :  ITTAPI function NOT instrumented (not matched by --itt-config option): __itt_model_record_allocation

254399 : 0x15c64feebfbf6 : 2 : ittapi_config_apply_per_lib :  ITTAPI function NOT instrumented (not matched by --itt-config option): __itt_model_record_deallocation

254399 : 0x15c64feec0db1 : 2 : ittapi_config_apply_per_lib :  ITTAPI function NOT instrumented (not matched by --itt-config option): __itt_model_induction_uses

254399 : 0x15c64feec10d5 : 2 : ittapi_config_apply_per_lib :  ITTAPI function NOT instrumented (not matched by --itt-config option): __itt_model_reduction_uses

254399 : 0x15c64feec135e : 2 : ittapi_config_apply_per_lib :  ITTAPI function NOT instrumented (not matched by --itt-config option): __itt_model_observe_uses

254399 : 0x15c64feec15e0 : 2 : ittapi_config_apply_per_lib :  ITTAPI function NOT instrumented (not matched by --itt-config option): __itt_model_clear_uses

254399 : 0x15c64feec1851 : 2 : ittapi_config_apply_per_lib :  ITTAPI function NOT instrumented (not matched by --itt-config option): __itt_model_site_beginA

254399 : 0x15c64feec1abf : 2 : ittapi_config_apply_per_lib :  ITTAPI function NOT instrumented (not matched by --itt-config option): __itt_model_site_beginAL

254399 : 0x15c64feec1d1b : 2 : ittapi_config_apply_per_lib :  ITTAPI function NOT instrumented (not matched by --itt-config option): __itt_model_task_beginA

254399 : 0x15c64feec1f8f : 2 : ittapi_config_apply_per_lib :  ITTAPI function NOT instrumented (not matched by --itt-config option): __itt_model_task_beginAL

254399 : 0x15c64feec21e6 : 2 : ittapi_config_apply_per_lib :  ITTAPI function NOT instrumented (not matched by --itt-config option): __itt_model_iteration_taskA

254399 : 0x15c64feec2441 : 2 : ittapi_config_apply_per_lib :  ITTAPI function NOT instrumented (not matched by --itt-config option): __itt_model_iteration_taskAL

254399 : 0x15c64feec2f95 : 2 : ittapi_config_apply_per_lib :  ITTAPI function NOT instrumented (not matched by --itt-config option): __itt_model_site_end_2

254399 : 0x15c64feec3243 : 2 : ittapi_config_apply_per_lib :  ITTAPI function NOT instrumented (not matched by --itt-config option): __itt_model_task_end_2

254399 : 0x15c64feec34ac : 2 : ittapi_config_apply_per_lib :  ITTAPI function NOT instrumented (not matched by --itt-config option): __itt_model_lock_acquire_2

254399 : 0x15c64feec371c : 2 : ittapi_config_apply_per_lib :  ITTAPI function NOT instrumented (not matched by --itt-config option): __itt_model_lock_release_2

254399 : 0x15c64feec398a : 2 : ittapi_config_apply_per_lib :  ITTAPI function NOT instrumented (not matched by --itt-config option): __itt_model_aggregate_task

254399 : 0x15c64feec3bfc : 2 : ittapi_config_apply_per_lib :  ITTAPI function NOT instrumented (not matched by --itt-config option): __itt_model_disable_push

254399 : 0x15c64feec3e59 : 2 : ittapi_config_apply_per_lib :  ITTAPI function NOT instrumented (not matched by --itt-config option): __itt_model_disable_pop

254399 : 0x15c64feec4352 : 2 : ittapi_config_apply_per_lib :  ITTAPI function instrumented: __itt_heap_function_create
254399 : 0x15c64feec4893 : 2 : ittapi_config_apply_per_lib :  ITTAPI function instrumented: __itt_heap_allocate_begin
254399 : 0x15c64feec4d69 : 2 : ittapi_config_apply_per_lib :  ITTAPI function instrumented: __itt_heap_allocate_end
254399 : 0x15c64feec5e8f : 2 : ittapi_config_apply_per_lib :  ITTAPI function instrumented: __itt_heap_free_begin
254399 : 0x15c64feec637a : 2 : ittapi_config_apply_per_lib :  ITTAPI function instrumented: __itt_heap_free_end
254399 : 0x15c64feec685e : 2 : ittapi_config_apply_per_lib :  ITTAPI function instrumented: __itt_heap_reallocate_begin
254399 : 0x15c64feec6cc5 : 2 : ittapi_config_apply_per_lib :  ITTAPI function instrumented: __itt_heap_reallocate_end
254399 : 0x15c64feec7236 : 2 : ittapi_config_apply_per_lib :  ITTAPI function not implemented: __itt_heap_internal_access_begin
254399 : 0x15c64feec7785 : 2 : ittapi_config_apply_per_lib :  ITTAPI function not implemented: __itt_heap_internal_access_end
254399 : 0x15c64feec7cc5 : 2 : ittapi_config_apply_per_lib :  ITTAPI function not implemented: __itt_heap_record_memory_growth_begin
254399 : 0x15c64feec821a : 2 : ittapi_config_apply_per_lib :  ITTAPI function not implemented: __itt_heap_record_memory_growth_end
254399 : 0x15c64feec878d : 2 : ittapi_config_apply_per_lib :  ITTAPI function not implemented: __itt_heap_reset_detection
254399 : 0x15c64feec8ce4 : 2 : ittapi_config_apply_per_lib :  ITTAPI function not implemented: __itt_heap_record
254399 : 0x15c64feec9af9 : 2 : ittapi_config_apply_per_lib :  ITTAPI function not implemented: __itt_id_create
254399 : 0x15c64feeca0b0 : 2 : ittapi_config_apply_per_lib :  ITTAPI function not implemented: __itt_id_destroy
254399 : 0x15c64feeca5b4 : 2 : ittapi_config_apply_per_lib :  ITTAPI function instrumented: __itt_get_timestamp
254399 : 0x15c64feecaade : 2 : ittapi_config_apply_per_lib :  ITTAPI function not implemented: __itt_region_begin
254399 : 0x15c64feecb00f : 2 : ittapi_config_apply_per_lib :  ITTAPI function not implemented: __itt_region_end
254399 : 0x15c64feecb516 : 2 : ittapi_config_apply_per_lib :  ITTAPI function instrumented: __itt_frame_begin_v3
254399 : 0x15c64feecba31 : 2 : ittapi_config_apply_per_lib :  ITTAPI function instrumented: __itt_frame_end_v3
254399 : 0x15c64feecbf0b : 2 : ittapi_config_apply_per_lib :  ITTAPI function instrumented: __itt_frame_submit_v3
254399 : 0x15c64feecc49d : 2 : ittapi_config_apply_per_lib :  ITTAPI function not implemented: __itt_task_group
254399 : 0x15c64feecc9e2 : 2 : ittapi_config_apply_per_lib :  ITTAPI function instrumented: __itt_task_begin
254399 : 0x15c64feecd71c : 2 : ittapi_config_apply_per_lib :  ITTAPI function instrumented: __itt_task_begin_fn
254399 : 0x15c64feecdc0b : 2 : ittapi_config_apply_per_lib :  ITTAPI function instrumented: __itt_task_end
254399 : 0x15c64feece146 : 2 : ittapi_config_apply_per_lib :  ITTAPI function not implemented: __itt_counter_inc_v3
254399 : 0x15c64feece754 : 2 : ittapi_config_apply_per_lib :  ITTAPI function not implemented: __itt_counter_inc_delta_v3
254399 : 0x15c64feecec81 : 2 : ittapi_config_apply_per_lib :  ITTAPI function not implemented: __itt_counter_dec_v3
254399 : 0x15c64feecf1ce : 2 : ittapi_config_apply_per_lib :  ITTAPI function not implemented: __itt_counter_dec_delta_v3
254399 : 0x15c64feecf734 : 2 : ittapi_config_apply_per_lib :  ITTAPI function not implemented: __itt_marker
254399 : 0x15c64feecfc28 : 2 : ittapi_config_apply_per_lib :  ITTAPI function instrumented: __itt_metadata_add
254399 : 0x15c64feed01b2 : 2 : ittapi_config_apply_per_lib :  ITTAPI function not implemented: __itt_metadata_str_add
254399 : 0x15c64feed06d3 : 2 : ittapi_config_apply_per_lib :  ITTAPI function not implemented: __itt_relation_add_to_current
254399 : 0x15c64feed1477 : 2 : ittapi_config_apply_per_lib :  ITTAPI function not implemented: __itt_relation_add
254399 : 0x15c64feed198c : 2 : ittapi_config_apply_per_lib :  ITTAPI function instrumented: __itt_event_create
254399 : 0x15c64feed1e65 : 2 : ittapi_config_apply_per_lib :  ITTAPI function instrumented: __itt_event_start
254399 : 0x15c64feed233d : 2 : ittapi_config_apply_per_lib :  ITTAPI function instrumented: __itt_event_end
254399 : 0x15c64feed25ce : 2 : ittapi_config_apply_per_lib :  ITTAPI function NOT instrumented (not matched by --itt-config option): __itt_sync_set_name

254399 : 0x15c64feed2873 : 2 : ittapi_config_apply_per_lib :  ITTAPI function NOT instrumented (not matched by --itt-config option): __itt_notify_sync_name

254399 : 0x15c64feed2ae2 : 2 : ittapi_config_apply_per_lib :  ITTAPI function NOT instrumented (not matched by --itt-config option): __itt_notify_sync_prepare

254399 : 0x15c64feed2d55 : 2 : ittapi_config_apply_per_lib :  ITTAPI function NOT instrumented (not matched by --itt-config option): __itt_notify_sync_cancel

254399 : 0x15c64feed2f9b : 2 : ittapi_config_apply_per_lib :  ITTAPI function NOT instrumented (not matched by --itt-config option): __itt_notify_sync_acquired

254399 : 0x15c64feed31eb : 2 : ittapi_config_apply_per_lib :  ITTAPI function NOT instrumented (not matched by --itt-config option): __itt_notify_sync_releasing

254399 : 0x15c64feed4308 : 2 : ittapi_config_apply_per_lib :  ITTAPI function not implemented: __itt_memory_read
254399 : 0x15c64feed48a4 : 2 : ittapi_config_apply_per_lib :  ITTAPI function not implemented: __itt_memory_write
254399 : 0x15c64feed4dc5 : 2 : ittapi_config_apply_per_lib :  ITTAPI function not implemented: __itt_memory_update
254399 : 0x15c64feed5348 : 2 : ittapi_config_apply_per_lib :  ITTAPI function not implemented: __itt_state_get
254399 : 0x15c64feed5823 : 2 : ittapi_config_apply_per_lib :  ITTAPI function not implemented: __itt_state_set
254399 : 0x15c64feed5d7d : 2 : ittapi_config_apply_per_lib :  ITTAPI function not implemented: __itt_obj_mode_set
254399 : 0x15c64feed62be : 2 : ittapi_config_apply_per_lib :  ITTAPI function not implemented: __itt_thr_mode_set
254399 : 0x15c64feed6764 : 2 : ittapi_config_apply_per_lib :  ITTAPI function instrumented: __itt_frame_create
254399 : 0x15c64feed6bf3 : 2 : ittapi_config_apply_per_lib :  ITTAPI function instrumented: __itt_pt_region_create
254399 : 0x15c64feed70c5 : 2 : ittapi_config_apply_per_lib :  ITTAPI function instrumented: __itt_frame_begin
254399 : 0x15c64feed7ec1 : 2 : ittapi_config_apply_per_lib :  ITTAPI function instrumented: __itt_frame_end
254399 : 0x15c64feed847a : 2 : ittapi_config_apply_per_lib :  ITTAPI function not implemented: __itt_counter_destroy
254399 : 0x15c64feed897e : 2 : ittapi_config_apply_per_lib :  ITTAPI function instrumented: __itt_counter_inc
254399 : 0x15c64feed8e58 : 2 : ittapi_config_apply_per_lib :  ITTAPI function instrumented: __itt_counter_inc_delta
254399 : 0x15c64feed9307 : 2 : ittapi_config_apply_per_lib :  ITTAPI function instrumented: __itt_counter_dec
254399 : 0x15c64feed97c9 : 2 : ittapi_config_apply_per_lib :  ITTAPI function instrumented: __itt_counter_dec_delta
254399 : 0x15c64feed9ca8 : 2 : ittapi_config_apply_per_lib :  ITTAPI function instrumented: __itt_counter_set_value
254399 : 0x15c64feeda1d8 : 2 : ittapi_config_apply_per_lib :  ITTAPI function not implemented: __itt_counter_set_value_ex
254399 : 0x15c64feeda6dc : 2 : ittapi_config_apply_per_lib :  ITTAPI function not implemented: __itt_mark_create
254399 : 0x15c64feedac1a : 2 : ittapi_config_apply_per_lib :  ITTAPI function not implemented: __itt_mark
254399 : 0x15c64feedb9b1 : 2 : ittapi_config_apply_per_lib :  ITTAPI function not implemented: __itt_mark_off
254399 : 0x15c64feedbee3 : 2 : ittapi_config_apply_per_lib :  ITTAPI function not implemented: __itt_mark_global
254399 : 0x15c64feedc3ee : 2 : ittapi_config_apply_per_lib :  ITTAPI function not implemented: __itt_mark_global_off
254399 : 0x15c64feedc949 : 2 : ittapi_config_apply_per_lib :  ITTAPI function instrumented: __itt_stack_caller_create
254399 : 0x15c64feedce62 : 2 : ittapi_config_apply_per_lib :  ITTAPI function instrumented: __itt_stack_caller_destroy
254399 : 0x15c64feedd35e : 2 : ittapi_config_apply_per_lib :  ITTAPI function instrumented: __itt_stack_callee_enter
254399 : 0x15c64feedd82e : 2 : ittapi_config_apply_per_lib :  ITTAPI function instrumented: __itt_stack_callee_leave
254399 : 0x15c64feeddd5a : 2 : ittapi_config_apply_per_lib :  ITTAPI function not implemented: __itt_clock_domain_create
254399 : 0x15c64feede2b9 : 2 : ittapi_config_apply_per_lib :  ITTAPI function not implemented: __itt_clock_domain_reset
254399 : 0x15c64feede7c4 : 2 : ittapi_config_apply_per_lib :  ITTAPI function not implemented: __itt_id_create_ex
254399 : 0x15c64feedf7a9 : 2 : ittapi_config_apply_per_lib :  ITTAPI function not implemented: __itt_id_destroy_ex
254399 : 0x15c64feedfd11 : 2 : ittapi_config_apply_per_lib :  ITTAPI function not implemented: __itt_task_begin_ex
254399 : 0x15c64feee0247 : 2 : ittapi_config_apply_per_lib :  ITTAPI function not implemented: __itt_task_begin_fn_ex
254399 : 0x15c64feee075e : 2 : ittapi_config_apply_per_lib :  ITTAPI function not implemented: __itt_task_end_ex
254399 : 0x15c64feee0c5b : 2 : ittapi_config_apply_per_lib :  ITTAPI function instrumented: __itt_task_begin_overlapped
254399 : 0x15c64feee1190 : 2 : ittapi_config_apply_per_lib :  ITTAPI function not implemented: __itt_task_begin_overlapped_ex
254399 : 0x15c64feee169d : 2 : ittapi_config_apply_per_lib :  ITTAPI function instrumented: __itt_task_end_overlapped
254399 : 0x15c64feee1bc7 : 2 : ittapi_config_apply_per_lib :  ITTAPI function not implemented: __itt_task_end_overlapped_ex
254399 : 0x15c64feee20e6 : 2 : ittapi_config_apply_per_lib :  ITTAPI function not implemented: __itt_marker_ex
254399 : 0x15c64feee2623 : 2 : ittapi_config_apply_per_lib :  ITTAPI function not implemented: __itt_metadata_add_with_scope
254399 : 0x15c64feee3449 : 2 : ittapi_config_apply_per_lib :  ITTAPI function not implemented: __itt_metadata_str_add_with_scope
254399 : 0x15c64feee39d8 : 2 : ittapi_config_apply_per_lib :  ITTAPI function not implemented: __itt_relation_add_to_current_ex
254399 : 0x15c64feee3efc : 2 : ittapi_config_apply_per_lib :  ITTAPI function not implemented: __itt_relation_add_ex
254399 : 0x15c64feee442a : 2 : ittapi_config_apply_per_lib :  ITTAPI function not implemented: __itt_track_group_create
254399 : 0x15c64feee48fd : 2 : ittapi_config_apply_per_lib :  ITTAPI function not implemented: __itt_track_create
254399 : 0x15c64feee4e59 : 2 : ittapi_config_apply_per_lib :  ITTAPI function not implemented: __itt_set_track
254399 : 0x15c64feee5352 : 2 : ittapi_config_apply_per_lib :  ITTAPI function instrumented: __itt_api_version
254399 : 0x15c64feee5871 : 2 : ittapi_config_apply_per_lib :  ITTAPI function not implemented: __itt_av_save
254399 : 0x15c64feee5d8c : 2 : ittapi_config_apply_per_lib :  ITTAPI function instrumented: __itt_module_load
254399 : 0x15c64feee62e8 : 2 : ittapi_config_apply_per_lib :  ITTAPI function not implemented: __itt_module_unload
254399 : 0x15c64feee6db2 : 2 : ittapi_config_apply_per_lib :  ITTAPI function NOT instrumented (not matched by --itt-config option): __itt_histogram_submit

254399 : 0x15c64fef16de1 : 2 : ittapi_config_mask_get :  --itt-config mask to be applied: 55
254399 : 0x15c64fef1748a : 2 : ittapi_config_apply_per_lib :  ITTAPI function instrumented: __itt_domain_create
254399 : 0x15c64fef17a49 : 2 : ittapi_config_apply_per_lib :  ITTAPI function instrumented: __itt_module_load_with_sections
254399 : 0x15c64fef18056 : 2 : ittapi_config_apply_per_lib :  ITTAPI function not implemented: __itt_module_unload_with_sections
254399 : 0x15c64fef18579 : 2 : ittapi_config_apply_per_lib :  ITTAPI function instrumented: __itt_string_handle_create
254399 : 0x15c64fef18a3c : 2 : ittapi_config_apply_per_lib :  ITTAPI function instrumented: __itt_counter_create
254399 : 0x15c64fef18eec : 2 : ittapi_config_apply_per_lib :  ITTAPI function instrumented: __itt_counter_create_typed
254399 : 0x15c64fef193d4 : 2 : ittapi_config_apply_per_lib :  ITTAPI function instrumented: __itt_pause
254399 : 0x15c64fef19860 : 2 : ittapi_config_apply_per_lib :  ITTAPI function instrumented: __itt_resume
254399 : 0x15c64fef1ac1e : 2 : ittapi_config_apply_per_lib :  ITTAPI function instrumented: __itt_thread_set_name
254399 : 0x15c64fef1b10c : 2 : ittapi_config_apply_per_lib :  ITTAPI function instrumented: __itt_thread_ignore
254399 : 0x15c64fef1b5ac : 2 : ittapi_config_apply_per_lib :  ITTAPI function instrumented: __itt_thr_name_set
254399 : 0x15c64fef1ba4b : 2 : ittapi_config_apply_per_lib :  ITTAPI function instrumented: __itt_thr_ignore
254399 : 0x15c64fef1bef2 : 2 : ittapi_config_apply_per_lib :  ITTAPI function instrumented: __itt_histogram_create
254399 : 0x15c64fef1c437 : 2 : ittapi_config_apply_per_lib :  ITTAPI function not implemented: __itt_enable_attach
254399 : 0x15c64fef1c8fd : 2 : ittapi_config_apply_per_lib :  ITTAPI function instrumented: __itt_detach
254399 : 0x15c64fef1cb96 : 2 : ittapi_config_apply_per_lib :  ITTAPI function NOT instrumented (not matched by --itt-config option): __itt_sync_create

254399 : 0x15c64fef1ce3b : 2 : ittapi_config_apply_per_lib :  ITTAPI function NOT instrumented (not matched by --itt-config option): __itt_sync_rename

254399 : 0x15c64fef1d0bc : 2 : ittapi_config_apply_per_lib :  ITTAPI function NOT instrumented (not matched by --itt-config option): __itt_sync_destroy

254399 : 0x15c64fef1e4d6 : 2 : ittapi_config_apply_per_lib :  ITTAPI function NOT instrumented (not matched by --itt-config option): __itt_sync_prepare

254399 : 0x15c64fef1e7bc : 2 : ittapi_config_apply_per_lib :  ITTAPI function NOT instrumented (not matched by --itt-config option): __itt_sync_cancel

254399 : 0x15c64fef1ea2d : 2 : ittapi_config_apply_per_lib :  ITTAPI function NOT instrumented (not matched by --itt-config option): __itt_sync_acquired

254399 : 0x15c64fef1ec81 : 2 : ittapi_config_apply_per_lib :  ITTAPI function NOT instrumented (not matched by --itt-config option): __itt_sync_releasing

254399 : 0x15c64fef1f202 : 2 : ittapi_config_apply_per_lib :  ITTAPI function not implemented: __itt_suppress_push
254399 : 0x15c64fef1f776 : 2 : ittapi_config_apply_per_lib :  ITTAPI function not implemented: __itt_suppress_pop
254399 : 0x15c64fef1fc9e : 2 : ittapi_config_apply_per_lib :  ITTAPI function not implemented: __itt_suppress_mark_range
254399 : 0x15c64fef20204 : 2 : ittapi_config_apply_per_lib :  ITTAPI function not implemented: __itt_suppress_clear_range
254399 : 0x15c64fef2049a : 2 : ittapi_config_apply_per_lib :  ITTAPI function NOT instrumented (not matched by --itt-config option): __itt_sync_prepare

254399 : 0x15c64fef20703 : 2 : ittapi_config_apply_per_lib :  ITTAPI function NOT instrumented (not matched by --itt-config option): __itt_sync_cancel

254399 : 0x15c64fef211eb : 2 : ittapi_config_apply_per_lib :  ITTAPI function NOT instrumented (not matched by --itt-config option): __itt_sync_acquired

254399 : 0x15c64fef21476 : 2 : ittapi_config_apply_per_lib :  ITTAPI function NOT instrumented (not matched by --itt-config option): __itt_sync_releasing

254399 : 0x15c64fef21707 : 2 : ittapi_config_apply_per_lib :  ITTAPI function NOT instrumented (not matched by --itt-config option): __itt_model_site_begin

254399 : 0x15c64fef21977 : 2 : ittapi_config_apply_per_lib :  ITTAPI function NOT instrumented (not matched by --itt-config option): __itt_model_site_end

254399 : 0x15c64fef21bf1 : 2 : ittapi_config_apply_per_lib :  ITTAPI function NOT instrumented (not matched by --itt-config option): __itt_model_task_begin

254399 : 0x15c64fef21e5b : 2 : ittapi_config_apply_per_lib :  ITTAPI function NOT instrumented (not matched by --itt-config option): __itt_model_task_end

254399 : 0x15c64fef220c8 : 2 : ittapi_config_apply_per_lib :  ITTAPI function NOT instrumented (not matched by --itt-config option): __itt_model_lock_acquire

254399 : 0x15c64fef22370 : 2 : ittapi_config_apply_per_lib :  ITTAPI function NOT instrumented (not matched by --itt-config option): __itt_model_lock_release

254399 : 0x15c64fef225b8 : 2 : ittapi_config_apply_per_lib :  ITTAPI function NOT instrumented (not matched by --itt-config option): __itt_model_record_allocation

254399 : 0x15c64fef22801 : 2 : ittapi_config_apply_per_lib :  ITTAPI function NOT instrumented (not matched by --itt-config option): __itt_model_record_deallocation

254399 : 0x15c64fef2322b : 2 : ittapi_config_apply_per_lib :  ITTAPI function NOT instrumented (not matched by --itt-config option): __itt_model_induction_uses

254399 : 0x15c64fef23503 : 2 : ittapi_config_apply_per_lib :  ITTAPI function NOT instrumented (not matched by --itt-config option): __itt_model_reduction_uses

254399 : 0x15c64fef23782 : 2 : ittapi_config_apply_per_lib :  ITTAPI function NOT instrumented (not matched by --itt-config option): __itt_model_observe_uses

254399 : 0x15c64fef239f8 : 2 : ittapi_config_apply_per_lib :  ITTAPI function NOT instrumented (not matched by --itt-config option): __itt_model_clear_uses

254399 : 0x15c64fef23c67 : 2 : ittapi_config_apply_per_lib :  ITTAPI function NOT instrumented (not matched by --itt-config option): __itt_model_site_beginA

254399 : 0x15c64fef23edd : 2 : ittapi_config_apply_per_lib :  ITTAPI function NOT instrumented (not matched by --itt-config option): __itt_model_site_beginAL

254399 : 0x15c64fef24137 : 2 : ittapi_config_apply_per_lib :  ITTAPI function NOT instrumented (not matched by --itt-config option): __itt_model_task_beginA

254399 : 0x15c64fef243b8 : 2 : ittapi_config_apply_per_lib :  ITTAPI function NOT instrumented (not matched by --itt-config option): __itt_model_task_beginAL

254399 : 0x15c64fef24617 : 2 : ittapi_config_apply_per_lib :  ITTAPI function NOT instrumented (not matched by --itt-config option): __itt_model_iteration_taskA

254399 : 0x15c64fef2487b : 2 : ittapi_config_apply_per_lib :  ITTAPI function NOT instrumented (not matched by --itt-config option): __itt_model_iteration_taskAL

254399 : 0x15c64fef25767 : 2 : ittapi_config_apply_per_lib :  ITTAPI function NOT instrumented (not matched by --itt-config option): __itt_model_site_end_2

254399 : 0x15c64fef25a0f : 2 : ittapi_config_apply_per_lib :  ITTAPI function NOT instrumented (not matched by --itt-config option): __itt_model_task_end_2

254399 : 0x15c64fef25c66 : 2 : ittapi_config_apply_per_lib :  ITTAPI function NOT instrumented (not matched by --itt-config option): __itt_model_lock_acquire_2

254399 : 0x15c64fef25ed5 : 2 : ittapi_config_apply_per_lib :  ITTAPI function NOT instrumented (not matched by --itt-config option): __itt_model_lock_release_2

254399 : 0x15c64fef2613f : 2 : ittapi_config_apply_per_lib :  ITTAPI function NOT instrumented (not matched by --itt-config option): __itt_model_aggregate_task

254399 : 0x15c64fef263af : 2 : ittapi_config_apply_per_lib :  ITTAPI function NOT instrumented (not matched by --itt-config option): __itt_model_disable_push

254399 : 0x15c64fef26603 : 2 : ittapi_config_apply_per_lib :  ITTAPI function NOT instrumented (not matched by --itt-config option): __itt_model_disable_pop

254399 : 0x15c64fef26aab : 2 : ittapi_config_apply_per_lib :  ITTAPI function instrumented: __itt_heap_function_create
254399 : 0x15c64fef26f64 : 2 : ittapi_config_apply_per_lib :  ITTAPI function instrumented: __itt_heap_allocate_begin
254399 : 0x15c64fef2741d : 2 : ittapi_config_apply_per_lib :  ITTAPI function instrumented: __itt_heap_allocate_end
254399 : 0x15c64fef28177 : 2 : ittapi_config_apply_per_lib :  ITTAPI function instrumented: __itt_heap_free_begin
254399 : 0x15c64fef28640 : 2 : ittapi_config_apply_per_lib :  ITTAPI function instrumented: __itt_heap_free_end
254399 : 0x15c64fef28ad6 : 2 : ittapi_config_apply_per_lib :  ITTAPI function instrumented: __itt_heap_reallocate_begin
254399 : 0x15c64fef28f5d : 2 : ittapi_config_apply_per_lib :  ITTAPI function instrumented: __itt_heap_reallocate_end
254399 : 0x15c64fef29480 : 2 : ittapi_config_apply_per_lib :  ITTAPI function not implemented: __itt_heap_internal_access_begin
254399 : 0x15c64fef299a9 : 2 : ittapi_config_apply_per_lib :  ITTAPI function not implemented: __itt_heap_internal_access_end
254399 : 0x15c64fef29f00 : 2 : ittapi_config_apply_per_lib :  ITTAPI function not implemented: __itt_heap_record_memory_growth_begin
254399 : 0x15c64fef2a449 : 2 : ittapi_config_apply_per_lib :  ITTAPI function not implemented: __itt_heap_record_memory_growth_end
254399 : 0x15c64fef2a96e : 2 : ittapi_config_apply_per_lib :  ITTAPI function not implemented: __itt_heap_reset_detection
254399 : 0x15c64fef2aec6 : 2 : ittapi_config_apply_per_lib :  ITTAPI function not implemented: __itt_heap_record
254399 : 0x15c64fef2c056 : 2 : ittapi_config_apply_per_lib :  ITTAPI function not implemented: __itt_id_create
254399 : 0x15c64fef2c5b2 : 2 : ittapi_config_apply_per_lib :  ITTAPI function not implemented: __itt_id_destroy
254399 : 0x15c64fef2ca62 : 2 : ittapi_config_apply_per_lib :  ITTAPI function instrumented: __itt_get_timestamp
254399 : 0x15c64fef2cf89 : 2 : ittapi_config_apply_per_lib :  ITTAPI function not implemented: __itt_region_begin
254399 : 0x15c64fef2d4b4 : 2 : ittapi_config_apply_per_lib :  ITTAPI function not implemented: __itt_region_end
254399 : 0x15c64fef2d987 : 2 : ittapi_config_apply_per_lib :  ITTAPI function instrumented: __itt_frame_begin_v3
254399 : 0x15c64fef2de80 : 2 : ittapi_config_apply_per_lib :  ITTAPI function instrumented: __itt_frame_end_v3
254399 : 0x15c64fef2e342 : 2 : ittapi_config_apply_per_lib :  ITTAPI function instrumented: __itt_frame_submit_v3
254399 : 0x15c64fef2e875 : 2 : ittapi_config_apply_per_lib :  ITTAPI function not implemented: __itt_task_group
254399 : 0x15c64fef2eda6 : 2 : ittapi_config_apply_per_lib :  ITTAPI function instrumented: __itt_task_begin
254399 : 0x15c64fef2fae6 : 2 : ittapi_config_apply_per_lib :  ITTAPI function instrumented: __itt_task_begin_fn
254399 : 0x15c64fef2ff84 : 2 : ittapi_config_apply_per_lib :  ITTAPI function instrumented: __itt_task_end
254399 : 0x15c64fef304cd : 2 : ittapi_config_apply_per_lib :  ITTAPI function not implemented: __itt_counter_inc_v3
254399 : 0x15c64fef30a52 : 2 : ittapi_config_apply_per_lib :  ITTAPI function not implemented: __itt_counter_inc_delta_v3
254399 : 0x15c64fef30f59 : 2 : ittapi_config_apply_per_lib :  ITTAPI function not implemented: __itt_counter_dec_v3
254399 : 0x15c64fef3148f : 2 : ittapi_config_apply_per_lib :  ITTAPI function not implemented: __itt_counter_dec_delta_v3
254399 : 0x15c64fef319c0 : 2 : ittapi_config_apply_per_lib :  ITTAPI function not implemented: __itt_marker
254399 : 0x15c64fef31e8f : 2 : ittapi_config_apply_per_lib :  ITTAPI function instrumented: __itt_metadata_add
254399 : 0x15c64fef323ce : 2 : ittapi_config_apply_per_lib :  ITTAPI function not implemented: __itt_metadata_str_add
254399 : 0x15c64fef328ce : 2 : ittapi_config_apply_per_lib :  ITTAPI function not implemented: __itt_relation_add_to_current
254399 : 0x15c64fef3363b : 2 : ittapi_config_apply_per_lib :  ITTAPI function not implemented: __itt_relation_add
254399 : 0x15c64fef33afd : 2 : ittapi_config_apply_per_lib :  ITTAPI function instrumented: __itt_event_create
254399 : 0x15c64fef33fee : 2 : ittapi_config_apply_per_lib :  ITTAPI function instrumented: __itt_event_start
254399 : 0x15c64fef34490 : 2 : ittapi_config_apply_per_lib :  ITTAPI function instrumented: __itt_event_end
254399 : 0x15c64fef3470c : 2 : ittapi_config_apply_per_lib :  ITTAPI function NOT instrumented (not matched by --itt-config option): __itt_sync_set_name

254399 : 0x15c64fef349a5 : 2 : ittapi_config_apply_per_lib :  ITTAPI function NOT instrumented (not matched by --itt-config option): __itt_notify_sync_name

254399 : 0x15c64fef34c09 : 2 : ittapi_config_apply_per_lib :  ITTAPI function NOT instrumented (not matched by --itt-config option): __itt_notify_sync_prepare

254399 : 0x15c64fef34e83 : 2 : ittapi_config_apply_per_lib :  ITTAPI function NOT instrumented (not matched by --itt-config option): __itt_notify_sync_cancel

254399 : 0x15c64fef350cb : 2 : ittapi_config_apply_per_lib :  ITTAPI function NOT instrumented (not matched by --itt-config option): __itt_notify_sync_acquired

254399 : 0x15c64fef35320 : 2 : ittapi_config_apply_per_lib :  ITTAPI function NOT instrumented (not matched by --itt-config option): __itt_notify_sync_releasing

254399 : 0x15c64fef36069 : 2 : ittapi_config_apply_per_lib :  ITTAPI function not implemented: __itt_memory_read
254399 : 0x15c64fef3659b : 2 : ittapi_config_apply_per_lib :  ITTAPI function not implemented: __itt_memory_write
254399 : 0x15c64fef36aa9 : 2 : ittapi_config_apply_per_lib :  ITTAPI function not implemented: __itt_memory_update
254399 : 0x15c64fef36ff9 : 2 : ittapi_config_apply_per_lib :  ITTAPI function not implemented: __itt_state_get
254399 : 0x15c64fef37546 : 2 : ittapi_config_apply_per_lib :  ITTAPI function not implemented: __itt_state_set
254399 : 0x15c64fef37a92 : 2 : ittapi_config_apply_per_lib :  ITTAPI function not implemented: __itt_obj_mode_set
254399 : 0x15c64fef37faa : 2 : ittapi_config_apply_per_lib :  ITTAPI function not implemented: __itt_thr_mode_set
254399 : 0x15c64fef3843a : 2 : ittapi_config_apply_per_lib :  ITTAPI function instrumented: __itt_frame_create
254399 : 0x15c64fef388c8 : 2 : ittapi_config_apply_per_lib :  ITTAPI function instrumented: __itt_pt_region_create
254399 : 0x15c64fef38d78 : 2 : ittapi_config_apply_per_lib :  ITTAPI function instrumented: __itt_frame_begin
254399 : 0x15c64fef39e1b : 2 : ittapi_config_apply_per_lib :  ITTAPI function instrumented: __itt_frame_end
254399 : 0x15c64fef3a387 : 2 : ittapi_config_apply_per_lib :  ITTAPI function not implemented: __itt_counter_destroy
254399 : 0x15c64fef3a8a6 : 2 : ittapi_config_apply_per_lib :  ITTAPI function instrumented: __itt_counter_inc
254399 : 0x15c64fef3ad39 : 2 : ittapi_config_apply_per_lib :  ITTAPI function instrumented: __itt_counter_inc_delta
254399 : 0x15c64fef3b1ad : 2 : ittapi_config_apply_per_lib :  ITTAPI function instrumented: __itt_counter_dec
254399 : 0x15c64fef3b66d : 2 : ittapi_config_apply_per_lib :  ITTAPI function instrumented: __itt_counter_dec_delta
254399 : 0x15c64fef3bb1c : 2 : ittapi_config_apply_per_lib :  ITTAPI function instrumented: __itt_counter_set_value
254399 : 0x15c64fef3c05b : 2 : ittapi_config_apply_per_lib :  ITTAPI function not implemented: __itt_counter_set_value_ex
254399 : 0x15c64fef3c555 : 2 : ittapi_config_apply_per_lib :  ITTAPI function not implemented: __itt_mark_create
254399 : 0x15c64fef3ca80 : 2 : ittapi_config_apply_per_lib :  ITTAPI function not implemented: __itt_mark
254399 : 0x15c64fef3d8cc : 2 : ittapi_config_apply_per_lib :  ITTAPI function not implemented: __itt_mark_off
254399 : 0x15c64fef3ddd3 : 2 : ittapi_config_apply_per_lib :  ITTAPI function not implemented: __itt_mark_global
254399 : 0x15c64fef3e2dd : 2 : ittapi_config_apply_per_lib :  ITTAPI function not implemented: __itt_mark_global_off
254399 : 0x15c64fef3e823 : 2 : ittapi_config_apply_per_lib :  ITTAPI function instrumented: __itt_stack_caller_create
254399 : 0x15c64fef3ecff : 2 : ittapi_config_apply_per_lib :  ITTAPI function instrumented: __itt_stack_caller_destroy
254399 : 0x15c64fef3f1d1 : 2 : ittapi_config_apply_per_lib :  ITTAPI function instrumented: __itt_stack_callee_enter
254399 : 0x15c64fef3f659 : 2 : ittapi_config_apply_per_lib :  ITTAPI function instrumented: __itt_stack_callee_leave
254399 : 0x15c64fef3fb5b : 2 : ittapi_config_apply_per_lib :  ITTAPI function not implemented: __itt_clock_domain_create
254399 : 0x15c64fef400b8 : 2 : ittapi_config_apply_per_lib :  ITTAPI function not implemented: __itt_clock_domain_reset
254399 : 0x15c64fef405c2 : 2 : ittapi_config_apply_per_lib :  ITTAPI function not implemented: __itt_id_create_ex
254399 : 0x15c64fef41318 : 2 : ittapi_config_apply_per_lib :  ITTAPI function not implemented: __itt_id_destroy_ex
254399 : 0x15c64fef41856 : 2 : ittapi_config_apply_per_lib :  ITTAPI function not implemented: __itt_task_begin_ex
254399 : 0x15c64fef41d6c : 2 : ittapi_config_apply_per_lib :  ITTAPI function not implemented: __itt_task_begin_fn_ex
254399 : 0x15c64fef4227a : 2 : ittapi_config_apply_per_lib :  ITTAPI function not implemented: __itt_task_end_ex
254399 : 0x15c64fef4276e : 2 : ittapi_config_apply_per_lib :  ITTAPI function instrumented: __itt_task_begin_overlapped
254399 : 0x15c64fef42c9b : 2 : ittapi_config_apply_per_lib :  ITTAPI function not implemented: __itt_task_begin_overlapped_ex
254399 : 0x15c64fef4315b : 2 : ittapi_config_apply_per_lib :  ITTAPI function instrumented: __itt_task_end_overlapped
254399 : 0x15c64fef43666 : 2 : ittapi_config_apply_per_lib :  ITTAPI function not implemented: __itt_task_end_overlapped_ex
254399 : 0x15c64fef43b6f : 2 : ittapi_config_apply_per_lib :  ITTAPI function not implemented: __itt_marker_ex
254399 : 0x15c64fef4409a : 2 : ittapi_config_apply_per_lib :  ITTAPI function not implemented: __itt_metadata_add_with_scope
254399 : 0x15c64fef451a4 : 2 : ittapi_config_apply_per_lib :  ITTAPI function not implemented: __itt_metadata_str_add_with_scope
254399 : 0x15c64fef45716 : 2 : ittapi_config_apply_per_lib :  ITTAPI function not implemented: __itt_relation_add_to_current_ex
254399 : 0x15c64fef45c22 : 2 : ittapi_config_apply_per_lib :  ITTAPI function not implemented: __itt_relation_add_ex
254399 : 0x15c64fef4614a : 2 : ittapi_config_apply_per_lib :  ITTAPI function not implemented: __itt_track_group_create
254399 : 0x15c64fef46604 : 2 : ittapi_config_apply_per_lib :  ITTAPI function not implemented: __itt_track_create
254399 : 0x15c64fef46b39 : 2 : ittapi_config_apply_per_lib :  ITTAPI function not implemented: __itt_set_track
254399 : 0x15c64fef47026 : 2 : ittapi_config_apply_per_lib :  ITTAPI function instrumented: __itt_api_version
254399 : 0x15c64fef47535 : 2 : ittapi_config_apply_per_lib :  ITTAPI function not implemented: __itt_av_save
254399 : 0x15c64fef47a58 : 2 : ittapi_config_apply_per_lib :  ITTAPI function instrumented: __itt_module_load
254399 : 0x15c64fef47f96 : 2 : ittapi_config_apply_per_lib :  ITTAPI function not implemented: __itt_module_unload
254399 : 0x15c64fef48abb : 2 : ittapi_config_apply_per_lib :  ITTAPI function NOT instrumented (not matched by --itt-config option): __itt_histogram_submit
