
104888 : 0x4822a9433d7a : 1 : spill_jit_data :  Jit agent is not initialized
104871 : 0x4822a9437d08 : 2 : ittapi_config_mask_get :  --itt-config mask to be applied: 55
104871 : 0x4822a943a89a : 2 : ittapi_config_apply_per_lib :  ITTAPI function instrumented: __itt_domain_create
104871 : 0x4822a943b367 : 2 : ittapi_config_apply_per_lib :  ITTAPI function instrumented: __itt_module_load_with_sections
104871 : 0x4822a943cb44 : 2 : ittapi_config_apply_per_lib :  ITTAPI function not implemented: __itt_module_unload_with_sections
104871 : 0x4822a943d50d : 2 : ittapi_config_apply_per_lib :  ITTAPI function instrumented: __itt_string_handle_create
104871 : 0x4822a943dc5e : 2 : ittapi_config_apply_per_lib :  ITTAPI function instrumented: __itt_counter_create
104871 : 0x4822a943e326 : 2 : ittapi_config_apply_per_lib :  ITTAPI function instrumented: __itt_counter_create_typed
104871 : 0x4822a943ea6e : 2 : ittapi_config_apply_per_lib :  ITTAPI function instrumented: __itt_pause
104871 : 0x4822a943f148 : 2 : ittapi_config_apply_per_lib :  ITTAPI function instrumented: __itt_resume
104871 : 0x4822a944103a : 2 : ittapi_config_apply_per_lib :  ITTAPI function instrumented: __itt_thread_set_name
104871 : 0x4822a94417b5 : 2 : ittapi_config_apply_per_lib :  ITTAPI function instrumented: __itt_thread_ignore
104871 : 0x4822a9441f6d : 2 : ittapi_config_apply_per_lib :  ITTAPI function instrumented: __itt_thr_name_set
104871 : 0x4822a944271a : 2 : ittapi_config_apply_per_lib :  ITTAPI function instrumented: __itt_thr_ignore
104871 : 0x4822a9442dd0 : 2 : ittapi_config_apply_per_lib :  ITTAPI function instrumented: __itt_histogram_create
104871 : 0x4822a94436c8 : 2 : ittapi_config_apply_per_lib :  ITTAPI function not implemented: __itt_enable_attach
104871 : 0x4822a9443e61 : 2 : ittapi_config_apply_per_lib :  ITTAPI function instrumented: __itt_detach
104871 : 0x4822a944429a : 2 : ittapi_config_apply_per_lib :  ITTAPI function NOT instrumented (not matched by --itt-config option): __itt_sync_create

104871 : 0x4822a944473d : 2 : ittapi_config_apply_per_lib :  ITTAPI function NOT instrumented (not matched by --itt-config option): __itt_sync_rename

104871 : 0x4822a9444acf : 2 : ittapi_config_apply_per_lib :  ITTAPI function NOT instrumented (not matched by --itt-config option): __itt_sync_destroy

104871 : 0x4822a9445be0 : 2 : ittapi_config_apply_per_lib :  ITTAPI function NOT instrumented (not matched by --itt-config option): __itt_sync_prepare

104871 : 0x4822a9446025 : 2 : ittapi_config_apply_per_lib :  ITTAPI function NOT instrumented (not matched by --itt-config option): __itt_sync_cancel

104871 : 0x4822a944641a : 2 : ittapi_config_apply_per_lib :  ITTAPI function NOT instrumented (not matched by --itt-config option): __itt_sync_acquired

104871 : 0x4822a94467b9 : 2 : ittapi_config_apply_per_lib :  ITTAPI function NOT instrumented (not matched by --itt-config option): __itt_sync_releasing

104871 : 0x4822a944706a : 2 : ittapi_config_apply_per_lib :  ITTAPI function not implemented: __itt_suppress_push
104871 : 0x4822a94479c7 : 2 : ittapi_config_apply_per_lib :  ITTAPI function not implemented: __itt_suppress_pop
104871 : 0x4822a9448203 : 2 : ittapi_config_apply_per_lib :  ITTAPI function not implemented: __itt_suppress_mark_range
104871 : 0x4822a9448a28 : 2 : ittapi_config_apply_per_lib :  ITTAPI function not implemented: __itt_suppress_clear_range
104871 : 0x4822a9448dc1 : 2 : ittapi_config_apply_per_lib :  ITTAPI function NOT instrumented (not matched by --itt-config option): __itt_sync_prepare

104871 : 0x4822a9449162 : 2 : ittapi_config_apply_per_lib :  ITTAPI function NOT instrumented (not matched by --itt-config option): __itt_sync_cancel

104871 : 0x4822a944a036 : 2 : ittapi_config_apply_per_lib :  ITTAPI function NOT instrumented (not matched by --itt-config option): __itt_sync_acquired

104871 : 0x4822a944a440 : 2 : ittapi_config_apply_per_lib :  ITTAPI function NOT instrumented (not matched by --itt-config option): __itt_sync_releasing

104871 : 0x4822a944a861 : 2 : ittapi_config_apply_per_lib :  ITTAPI function NOT instrumented (not matched by --itt-config option): __itt_model_site_begin

104871 : 0x4822a944ac41 : 2 : ittapi_config_apply_per_lib :  ITTAPI function NOT instrumented (not matched by --itt-config option): __itt_model_site_end

104871 : 0x4822a944afe5 : 2 : ittapi_config_apply_per_lib :  ITTAPI function NOT instrumented (not matched by --itt-config option): __itt_model_task_begin

104871 : 0x4822a944b374 : 2 : ittapi_config_apply_per_lib :  ITTAPI function NOT instrumented (not matched by --itt-config option): __itt_model_task_end

104871 : 0x4822a944b70f : 2 : ittapi_config_apply_per_lib :  ITTAPI function NOT instrumented (not matched by --itt-config option): __itt_model_lock_acquire

104871 : 0x4822a944bb0d : 2 : ittapi_config_apply_per_lib :  ITTAPI function NOT instrumented (not matched by --itt-config option): __itt_model_lock_release

104871 : 0x4822a944be8c : 2 : ittapi_config_apply_per_lib :  ITTAPI function NOT instrumented (not matched by --itt-config option): __itt_model_record_allocation

104871 : 0x4822a944c1eb : 2 : ittapi_config_apply_per_lib :  ITTAPI function NOT instrumented (not matched by --itt-config option): __itt_model_record_deallocation

104871 : 0x4822a944da0e : 2 : ittapi_config_apply_per_lib :  ITTAPI function NOT instrumented (not matched by --itt-config option): __itt_model_induction_uses

104871 : 0x4822a944de7b : 2 : ittapi_config_apply_per_lib :  ITTAPI function NOT instrumented (not matched by --itt-config option): __itt_model_reduction_uses

104871 : 0x4822a944e250 : 2 : ittapi_config_apply_per_lib :  ITTAPI function NOT instrumented (not matched by --itt-config option): __itt_model_observe_uses

104871 : 0x4822a944e5f8 : 2 : ittapi_config_apply_per_lib :  ITTAPI function NOT instrumented (not matched by --itt-config option): __itt_model_clear_uses

104871 : 0x4822a944e994 : 2 : ittapi_config_apply_per_lib :  ITTAPI function NOT instrumented (not matched by --itt-config option): __itt_model_site_beginA

104871 : 0x4822a944ed24 : 2 : ittapi_config_apply_per_lib :  ITTAPI function NOT instrumented (not matched by --itt-config option): __itt_model_site_beginAL

104871 : 0x4822a944f09f : 2 : ittapi_config_apply_per_lib :  ITTAPI function NOT instrumented (not matched by --itt-config option): __itt_model_task_beginA

104871 : 0x4822a944f43b : 2 : ittapi_config_apply_per_lib :  ITTAPI function NOT instrumented (not matched by --itt-config option): __itt_model_task_beginAL

104871 : 0x4822a944f7cc : 2 : ittapi_config_apply_per_lib :  ITTAPI function NOT instrumented (not matched by --itt-config option): __itt_model_iteration_taskA

104871 : 0x4822a944fb47 : 2 : ittapi_config_apply_per_lib :  ITTAPI function NOT instrumented (not matched by --itt-config option): __itt_model_iteration_taskAL

104871 : 0x4822a9450b32 : 2 : ittapi_config_apply_per_lib :  ITTAPI function NOT instrumented (not matched by --itt-config option): __itt_model_site_end_2

104871 : 0x4822a9450f1f : 2 : ittapi_config_apply_per_lib :  ITTAPI function NOT instrumented (not matched by --itt-config option): __itt_model_task_end_2

104871 : 0x4822a945128b : 2 : ittapi_config_apply_per_lib :  ITTAPI function NOT instrumented (not matched by --itt-config option): __itt_model_lock_acquire_2

104871 : 0x4822a9451623 : 2 : ittapi_config_apply_per_lib :  ITTAPI function NOT instrumented (not matched by --itt-config option): __itt_model_lock_release_2

104871 : 0x4822a94519af : 2 : ittapi_config_apply_per_lib :  ITTAPI function NOT instrumented (not matched by --itt-config option): __itt_model_aggregate_task

104871 : 0x4822a9451d45 : 2 : ittapi_config_apply_per_lib :  ITTAPI function NOT instrumented (not matched by --itt-config option): __itt_model_disable_push

104871 : 0x4822a94520d3 : 2 : ittapi_config_apply_per_lib :  ITTAPI function NOT instrumented (not matched by --itt-config option): __itt_model_disable_pop

104871 : 0x4822a9452849 : 2 : ittapi_config_apply_per_lib :  ITTAPI function instrumented: __itt_heap_function_create
104871 : 0x4822a9452f85 : 2 : ittapi_config_apply_per_lib :  ITTAPI function instrumented: __itt_heap_allocate_begin
104871 : 0x4822a945366f : 2 : ittapi_config_apply_per_lib :  ITTAPI function instrumented: __itt_heap_allocate_end
104871 : 0x4822a9454f66 : 2 : ittapi_config_apply_per_lib :  ITTAPI function instrumented: __itt_heap_free_begin
104871 : 0x4822a94556fb : 2 : ittapi_config_apply_per_lib :  ITTAPI function instrumented: __itt_heap_free_end
104871 : 0x4822a9455de9 : 2 : ittapi_config_apply_per_lib :  ITTAPI function instrumented: __itt_heap_reallocate_begin
104871 : 0x4822a945642f : 2 : ittapi_config_apply_per_lib :  ITTAPI function instrumented: __itt_heap_reallocate_end
104871 : 0x4822a9456be8 : 2 : ittapi_config_apply_per_lib :  ITTAPI function not implemented: __itt_heap_internal_access_begin
104871 : 0x4822a9457378 : 2 : ittapi_config_apply_per_lib :  ITTAPI function not implemented: __itt_heap_internal_access_end
104871 : 0x4822a9457b20 : 2 : ittapi_config_apply_per_lib :  ITTAPI function not implemented: __itt_heap_record_memory_growth_begin
104871 : 0x4822a9458319 : 2 : ittapi_config_apply_per_lib :  ITTAPI function not implemented: __itt_heap_record_memory_growth_end
104871 : 0x4822a9458ac4 : 2 : ittapi_config_apply_per_lib :  ITTAPI function not implemented: __itt_heap_reset_detection
104871 : 0x4822a94592fe : 2 : ittapi_config_apply_per_lib :  ITTAPI function not implemented: __itt_heap_record
104871 : 0x4822a945a711 : 2 : ittapi_config_apply_per_lib :  ITTAPI function not implemented: __itt_id_create
104871 : 0x4822a945af36 : 2 : ittapi_config_apply_per_lib :  ITTAPI function not implemented: __itt_id_destroy
104871 : 0x4822a945b6b4 : 2 : ittapi_config_apply_per_lib :  ITTAPI function instrumented: __itt_get_timestamp
104871 : 0x4822a945be95 : 2 : ittapi_config_apply_per_lib :  ITTAPI function not implemented: __itt_region_begin
104871 : 0x4822a945c5f6 : 2 : ittapi_config_apply_per_lib :  ITTAPI function not implemented: __itt_region_end
104871 : 0x4822a945cd24 : 2 : ittapi_config_apply_per_lib :  ITTAPI function instrumented: __itt_frame_begin_v3
104871 : 0x4822a945d481 : 2 : ittapi_config_apply_per_lib :  ITTAPI function instrumented: __itt_frame_end_v3
104871 : 0x4822a945dbb2 : 2 : ittapi_config_apply_per_lib :  ITTAPI function instrumented: __itt_frame_submit_v3
104871 : 0x4822a945e3a0 : 2 : ittapi_config_apply_per_lib :  ITTAPI function not implemented: __itt_task_group
104871 : 0x4822a945eae3 : 2 : ittapi_config_apply_per_lib :  ITTAPI function instrumented: __itt_task_begin
104871 : 0x4822a945fed4 : 2 : ittapi_config_apply_per_lib :  ITTAPI function instrumented: __itt_task_begin_fn
104871 : 0x4822a94606b0 : 2 : ittapi_config_apply_per_lib :  ITTAPI function instrumented: __itt_task_end
104871 : 0x4822a9460e96 : 2 : ittapi_config_apply_per_lib :  ITTAPI function not implemented: __itt_counter_inc_v3
104871 : 0x4822a9461684 : 2 : ittapi_config_apply_per_lib :  ITTAPI function not implemented: __itt_counter_inc_delta_v3
104871 : 0x4822a9461df0 : 2 : ittapi_config_apply_per_lib :  ITTAPI function not implemented: __itt_counter_dec_v3
104871 : 0x4822a9462639 : 2 : ittapi_config_apply_per_lib :  ITTAPI function not implemented: __itt_counter_dec_delta_v3
104871 : 0x4822a9462dc6 : 2 : ittapi_config_apply_per_lib :  ITTAPI function not implemented: __itt_marker
104871 : 0x4822a94634be : 2 : ittapi_config_apply_per_lib :  ITTAPI function instrumented: __itt_metadata_add
104871 : 0x4822a9463c69 : 2 : ittapi_config_apply_per_lib :  ITTAPI function not implemented: __itt_metadata_str_add
104871 : 0x4822a9464381 : 2 : ittapi_config_apply_per_lib :  ITTAPI function not implemented: __itt_relation_add_to_current
104871 : 0x4822a946571a : 2 : ittapi_config_apply_per_lib :  ITTAPI function not implemented: __itt_relation_add
104871 : 0x4822a9465e3d : 2 : ittapi_config_apply_per_lib :  ITTAPI function instrumented: __itt_event_create
104871 : 0x4822a946651b : 2 : ittapi_config_apply_per_lib :  ITTAPI function instrumented: __itt_event_start
104871 : 0x4822a9466c21 : 2 : ittapi_config_apply_per_lib :  ITTAPI function instrumented: __itt_event_end
104871 : 0x4822a9466fef : 2 : ittapi_config_apply_per_lib :  ITTAPI function NOT instrumented (not matched by --itt-config option): __itt_sync_set_name

104871 : 0x4822a94673ef : 2 : ittapi_config_apply_per_lib :  ITTAPI function NOT instrumented (not matched by --itt-config option): __itt_notify_sync_name

104871 : 0x4822a946777f : 2 : ittapi_config_apply_per_lib :  ITTAPI function NOT instrumented (not matched by --itt-config option): __itt_notify_sync_prepare

104871 : 0x4822a9467b23 : 2 : ittapi_config_apply_per_lib :  ITTAPI function NOT instrumented (not matched by --itt-config option): __itt_notify_sync_cancel

104871 : 0x4822a9467e89 : 2 : ittapi_config_apply_per_lib :  ITTAPI function NOT instrumented (not matched by --itt-config option): __itt_notify_sync_acquired

104871 : 0x4822a94681f5 : 2 : ittapi_config_apply_per_lib :  ITTAPI function NOT instrumented (not matched by --itt-config option): __itt_notify_sync_releasing

104871 : 0x4822a9469a60 : 2 : ittapi_config_apply_per_lib :  ITTAPI function not implemented: __itt_memory_read
104871 : 0x4822a946a27c : 2 : ittapi_config_apply_per_lib :  ITTAPI function not implemented: __itt_memory_write
104871 : 0x4822a946a9ba : 2 : ittapi_config_apply_per_lib :  ITTAPI function not implemented: __itt_memory_update
104871 : 0x4822a946b175 : 2 : ittapi_config_apply_per_lib :  ITTAPI function not implemented: __itt_state_get
104871 : 0x4822a946b87e : 2 : ittapi_config_apply_per_lib :  ITTAPI function not implemented: __itt_state_set
104871 : 0x4822a946c058 : 2 : ittapi_config_apply_per_lib :  ITTAPI function not implemented: __itt_obj_mode_set
104871 : 0x4822a946c7c6 : 2 : ittapi_config_apply_per_lib :  ITTAPI function not implemented: __itt_thr_mode_set
104871 : 0x4822a946ce57 : 2 : ittapi_config_apply_per_lib :  ITTAPI function instrumented: __itt_frame_create
104871 : 0x4822a946d4f0 : 2 : ittapi_config_apply_per_lib :  ITTAPI function instrumented: __itt_pt_region_create
104871 : 0x4822a946dbea : 2 : ittapi_config_apply_per_lib :  ITTAPI function instrumented: __itt_frame_begin
104871 : 0x4822a946ef8f : 2 : ittapi_config_apply_per_lib :  ITTAPI function instrumented: __itt_frame_end
104871 : 0x4822a946f7e2 : 2 : ittapi_config_apply_per_lib :  ITTAPI function not implemented: __itt_counter_destroy
104871 : 0x4822a946feef : 2 : ittapi_config_apply_per_lib :  ITTAPI function instrumented: __itt_counter_inc
104871 : 0x4822a947061b : 2 : ittapi_config_apply_per_lib :  ITTAPI function instrumented: __itt_counter_inc_delta
104871 : 0x4822a9470cca : 2 : ittapi_config_apply_per_lib :  ITTAPI function instrumented: __itt_counter_dec
104871 : 0x4822a9471399 : 2 : ittapi_config_apply_per_lib :  ITTAPI function instrumented: __itt_counter_dec_delta
104871 : 0x4822a9471aee : 2 : ittapi_config_apply_per_lib :  ITTAPI function instrumented: __itt_counter_set_value
104871 : 0x4822a947223b : 2 : ittapi_config_apply_per_lib :  ITTAPI function not implemented: __itt_counter_set_value_ex
104871 : 0x4822a9472951 : 2 : ittapi_config_apply_per_lib :  ITTAPI function not implemented: __itt_mark_create
104871 : 0x4822a94730d3 : 2 : ittapi_config_apply_per_lib :  ITTAPI function not implemented: __itt_mark
104871 : 0x4822a94744de : 2 : ittapi_config_apply_per_lib :  ITTAPI function not implemented: __itt_mark_off
104871 : 0x4822a9474c89 : 2 : ittapi_config_apply_per_lib :  ITTAPI function not implemented: __itt_mark_global
104871 : 0x4822a94753d3 : 2 : ittapi_config_apply_per_lib :  ITTAPI function not implemented: __itt_mark_global_off
104871 : 0x4822a9475bcf : 2 : ittapi_config_apply_per_lib :  ITTAPI function instrumented: __itt_stack_caller_create
104871 : 0x4822a9476323 : 2 : ittapi_config_apply_per_lib :  ITTAPI function instrumented: __itt_stack_caller_destroy
104871 : 0x4822a9476a6c : 2 : ittapi_config_apply_per_lib :  ITTAPI function instrumented: __itt_stack_callee_enter
104871 : 0x4822a94770fe : 2 : ittapi_config_apply_per_lib :  ITTAPI function instrumented: __itt_stack_callee_leave
104871 : 0x4822a9477863 : 2 : ittapi_config_apply_per_lib :  ITTAPI function not implemented: __itt_clock_domain_create
104871 : 0x4822a9477ff3 : 2 : ittapi_config_apply_per_lib :  ITTAPI function not implemented: __itt_clock_domain_reset
104871 : 0x4822a947873d : 2 : ittapi_config_apply_per_lib :  ITTAPI function not implemented: __itt_id_create_ex
104871 : 0x4822a947a1c9 : 2 : ittapi_config_apply_per_lib :  ITTAPI function not implemented: __itt_id_destroy_ex
104871 : 0x4822a947a9a3 : 2 : ittapi_config_apply_per_lib :  ITTAPI function not implemented: __itt_task_begin_ex
104871 : 0x4822a947b0fb : 2 : ittapi_config_apply_per_lib :  ITTAPI function not implemented: __itt_task_begin_fn_ex
104871 : 0x4822a947b831 : 2 : ittapi_config_apply_per_lib :  ITTAPI function not implemented: __itt_task_end_ex
104871 : 0x4822a947bf2d : 2 : ittapi_config_apply_per_lib :  ITTAPI function instrumented: __itt_task_begin_overlapped
104871 : 0x4822a947c68b : 2 : ittapi_config_apply_per_lib :  ITTAPI function not implemented: __itt_task_begin_overlapped_ex
104871 : 0x4822a947f42e : 2 : ittapi_config_apply_per_lib :  ITTAPI function instrumented: __itt_task_end_overlapped
104871 : 0x4822a947fbc3 : 2 : ittapi_config_apply_per_lib :  ITTAPI function not implemented: __itt_task_end_overlapped_ex
104871 : 0x4822a94802f4 : 2 : ittapi_config_apply_per_lib :  ITTAPI function not implemented: __itt_marker_ex
104871 : 0x4822a9480ad0 : 2 : ittapi_config_apply_per_lib :  ITTAPI function not implemented: __itt_metadata_add_with_scope
104871 : 0x4822a9482304 : 2 : ittapi_config_apply_per_lib :  ITTAPI function not implemented: __itt_metadata_str_add_with_scope
104871 : 0x4822a9482b69 : 2 : ittapi_config_apply_per_lib :  ITTAPI function not implemented: __itt_relation_add_to_current_ex
104871 : 0x4822a94832c4 : 2 : ittapi_config_apply_per_lib :  ITTAPI function not implemented: __itt_relation_add_ex
104871 : 0x4822a9483aec : 2 : ittapi_config_apply_per_lib :  ITTAPI function not implemented: __itt_track_group_create
104871 : 0x4822a94841a5 : 2 : ittapi_config_apply_per_lib :  ITTAPI function not implemented: __itt_track_create
104871 : 0x4822a948492c : 2 : ittapi_config_apply_per_lib :  ITTAPI function not implemented: __itt_set_track
104871 : 0x4822a948505d : 2 : ittapi_config_apply_per_lib :  ITTAPI function instrumented: __itt_api_version
104871 : 0x4822a94857ee : 2 : ittapi_config_apply_per_lib :  ITTAPI function not implemented: __itt_av_save
104871 : 0x4822a9485f13 : 2 : ittapi_config_apply_per_lib :  ITTAPI function instrumented: __itt_module_load
104871 : 0x4822a948668f : 2 : ittapi_config_apply_per_lib :  ITTAPI function not implemented: __itt_module_unload
104871 : 0x4822a948762c : 2 : ittapi_config_apply_per_lib :  ITTAPI function NOT instrumented (not matched by --itt-config option): __itt_histogram_submit

104871 : 0x4822a94ce66c : 2 : ittapi_config_mask_get :  --itt-config mask to be applied: 55
104871 : 0x4822a94cf106 : 2 : ittapi_config_apply_per_lib :  ITTAPI function instrumented: __itt_domain_create
104871 : 0x4822a94cf930 : 2 : ittapi_config_apply_per_lib :  ITTAPI function instrumented: __itt_module_load_with_sections
104871 : 0x4822a94d0187 : 2 : ittapi_config_apply_per_lib :  ITTAPI function not implemented: __itt_module_unload_with_sections
104871 : 0x4822a94d08fa : 2 : ittapi_config_apply_per_lib :  ITTAPI function instrumented: __itt_string_handle_create
104871 : 0x4822a94d1087 : 2 : ittapi_config_apply_per_lib :  ITTAPI function instrumented: __itt_counter_create
104871 : 0x4822a94d176c : 2 : ittapi_config_apply_per_lib :  ITTAPI function instrumented: __itt_counter_create_typed
104871 : 0x4822a94d1ea9 : 2 : ittapi_config_apply_per_lib :  ITTAPI function instrumented: __itt_pause
104871 : 0x4822a94d25b3 : 2 : ittapi_config_apply_per_lib :  ITTAPI function instrumented: __itt_resume
104871 : 0x4822a94d3eb9 : 2 : ittapi_config_apply_per_lib :  ITTAPI function instrumented: __itt_thread_set_name
104871 : 0x4822a94d45f0 : 2 : ittapi_config_apply_per_lib :  ITTAPI function instrumented: __itt_thread_ignore
104871 : 0x4822a94d4cf5 : 2 : ittapi_config_apply_per_lib :  ITTAPI function instrumented: __itt_thr_name_set
104871 : 0x4822a94d53fe : 2 : ittapi_config_apply_per_lib :  ITTAPI function instrumented: __itt_thr_ignore
104871 : 0x4822a94d5b8c : 2 : ittapi_config_apply_per_lib :  ITTAPI function instrumented: __itt_histogram_create
104871 : 0x4822a94d6394 : 2 : ittapi_config_apply_per_lib :  ITTAPI function not implemented: __itt_enable_attach
104871 : 0x4822a94d6ada : 2 : ittapi_config_apply_per_lib :  ITTAPI function instrumented: __itt_detach
104871 : 0x4822a94d6eee : 2 : ittapi_config_apply_per_lib :  ITTAPI function NOT instrumented (not matched by --itt-config option): __itt_sync_create

104871 : 0x4822a94d730f : 2 : ittapi_config_apply_per_lib :  ITTAPI function NOT instrumented (not matched by --itt-config option): __itt_sync_rename

104871 : 0x4822a94d768c : 2 : ittapi_config_apply_per_lib :  ITTAPI function NOT instrumented (not matched by --itt-config option): __itt_sync_destroy

104871 : 0x4822a94d9161 : 2 : ittapi_config_apply_per_lib :  ITTAPI function NOT instrumented (not matched by --itt-config option): __itt_sync_prepare

104871 : 0x4822a94d95d2 : 2 : ittapi_config_apply_per_lib :  ITTAPI function NOT instrumented (not matched by --itt-config option): __itt_sync_cancel

104871 : 0x4822a94d9949 : 2 : ittapi_config_apply_per_lib :  ITTAPI function NOT instrumented (not matched by --itt-config option): __itt_sync_acquired

104871 : 0x4822a94d9cd3 : 2 : ittapi_config_apply_per_lib :  ITTAPI function NOT instrumented (not matched by --itt-config option): __itt_sync_releasing

104871 : 0x4822a94da48a : 2 : ittapi_config_apply_per_lib :  ITTAPI function not implemented: __itt_suppress_push
104871 : 0x4822a94dac9b : 2 : ittapi_config_apply_per_lib :  ITTAPI function not implemented: __itt_suppress_pop
104871 : 0x4822a94db441 : 2 : ittapi_config_apply_per_lib :  ITTAPI function not implemented: __itt_suppress_mark_range
104871 : 0x4822a94dbc4c : 2 : ittapi_config_apply_per_lib :  ITTAPI function not implemented: __itt_suppress_clear_range
104871 : 0x4822a94dc04d : 2 : ittapi_config_apply_per_lib :  ITTAPI function NOT instrumented (not matched by --itt-config option): __itt_sync_prepare

104871 : 0x4822a94dc3f9 : 2 : ittapi_config_apply_per_lib :  ITTAPI function NOT instrumented (not matched by --itt-config option): __itt_sync_cancel

104871 : 0x4822a94dd463 : 2 : ittapi_config_apply_per_lib :  ITTAPI function NOT instrumented (not matched by --itt-config option): __itt_sync_acquired

104871 : 0x4822a94dd82a : 2 : ittapi_config_apply_per_lib :  ITTAPI function NOT instrumented (not matched by --itt-config option): __itt_sync_releasing

104871 : 0x4822a94ddc08 : 2 : ittapi_config_apply_per_lib :  ITTAPI function NOT instrumented (not matched by --itt-config option): __itt_model_site_begin

104871 : 0x4822a94ddfc6 : 2 : ittapi_config_apply_per_lib :  ITTAPI function NOT instrumented (not matched by --itt-config option): __itt_model_site_end

104871 : 0x4822a94de350 : 2 : ittapi_config_apply_per_lib :  ITTAPI function NOT instrumented (not matched by --itt-config option): __itt_model_task_begin

104871 : 0x4822a94de6c0 : 2 : ittapi_config_apply_per_lib :  ITTAPI function NOT instrumented (not matched by --itt-config option): __itt_model_task_end

104871 : 0x4822a94dea41 : 2 : ittapi_config_apply_per_lib :  ITTAPI function NOT instrumented (not matched by --itt-config option): __itt_model_lock_acquire

104871 : 0x4822a94dee03 : 2 : ittapi_config_apply_per_lib :  ITTAPI function NOT instrumented (not matched by --itt-config option): __itt_model_lock_release

104871 : 0x4822a94df18a : 2 : ittapi_config_apply_per_lib :  ITTAPI function NOT instrumented (not matched by --itt-config option): __itt_model_record_allocation

104871 : 0x4822a94df4e1 : 2 : ittapi_config_apply_per_lib :  ITTAPI function NOT instrumented (not matched by --itt-config option): __itt_model_record_deallocation

104871 : 0x4822a94e0407 : 2 : ittapi_config_apply_per_lib :  ITTAPI function NOT instrumented (not matched by --itt-config option): __itt_model_induction_uses

104871 : 0x4822a94e085e : 2 : ittapi_config_apply_per_lib :  ITTAPI function NOT instrumented (not matched by --itt-config option): __itt_model_reduction_uses

104871 : 0x4822a94e0bfb : 2 : ittapi_config_apply_per_lib :  ITTAPI function NOT instrumented (not matched by --itt-config option): __itt_model_observe_uses

104871 : 0x4822a94e0f99 : 2 : ittapi_config_apply_per_lib :  ITTAPI function NOT instrumented (not matched by --itt-config option): __itt_model_clear_uses

104871 : 0x4822a94e1342 : 2 : ittapi_config_apply_per_lib :  ITTAPI function NOT instrumented (not matched by --itt-config option): __itt_model_site_beginA

104871 : 0x4822a94e16e4 : 2 : ittapi_config_apply_per_lib :  ITTAPI function NOT instrumented (not matched by --itt-config option): __itt_model_site_beginAL

104871 : 0x4822a94e1a5e : 2 : ittapi_config_apply_per_lib :  ITTAPI function NOT instrumented (not matched by --itt-config option): __itt_model_task_beginA

104871 : 0x4822a94e1df2 : 2 : ittapi_config_apply_per_lib :  ITTAPI function NOT instrumented (not matched by --itt-config option): __itt_model_task_beginAL

104871 : 0x4822a94e2180 : 2 : ittapi_config_apply_per_lib :  ITTAPI function NOT instrumented (not matched by --itt-config option): __itt_model_iteration_taskA

104871 : 0x4822a94e24e6 : 2 : ittapi_config_apply_per_lib :  ITTAPI function NOT instrumented (not matched by --itt-config option): __itt_model_iteration_taskAL

104871 : 0x4822a94e3a85 : 2 : ittapi_config_apply_per_lib :  ITTAPI function NOT instrumented (not matched by --itt-config option): __itt_model_site_end_2

104871 : 0x4822a94e3e96 : 2 : ittapi_config_apply_per_lib :  ITTAPI function NOT instrumented (not matched by --itt-config option): __itt_model_task_end_2

104871 : 0x4822a94e4217 : 2 : ittapi_config_apply_per_lib :  ITTAPI function NOT instrumented (not matched by --itt-config option): __itt_model_lock_acquire_2

104871 : 0x4822a94e45b7 : 2 : ittapi_config_apply_per_lib :  ITTAPI function NOT instrumented (not matched by --itt-config option): __itt_model_lock_release_2

104871 : 0x4822a94e4956 : 2 : ittapi_config_apply_per_lib :  ITTAPI function NOT instrumented (not matched by --itt-config option): __itt_model_aggregate_task

104871 : 0x4822a94e4ce1 : 2 : ittapi_config_apply_per_lib :  ITTAPI function NOT instrumented (not matched by --itt-config option): __itt_model_disable_push

104871 : 0x4822a94e504c : 2 : ittapi_config_apply_per_lib :  ITTAPI function NOT instrumented (not matched by --itt-config option): __itt_model_disable_pop

104871 : 0x4822a94e575d : 2 : ittapi_config_apply_per_lib :  ITTAPI function instrumented: __itt_heap_function_create
104871 : 0x4822a94e5ee5 : 2 : ittapi_config_apply_per_lib :  ITTAPI function instrumented: __itt_heap_allocate_begin
104871 : 0x4822a94e65de : 2 : ittapi_config_apply_per_lib :  ITTAPI function instrumented: __itt_heap_allocate_end
104871 : 0x4822a94e7c3c : 2 : ittapi_config_apply_per_lib :  ITTAPI function instrumented: __itt_heap_free_begin
104871 : 0x4822a94e838d : 2 : ittapi_config_apply_per_lib :  ITTAPI function instrumented: __itt_heap_free_end
104871 : 0x4822a94e8a84 : 2 : ittapi_config_apply_per_lib :  ITTAPI function instrumented: __itt_heap_reallocate_begin
104871 : 0x4822a94e9134 : 2 : ittapi_config_apply_per_lib :  ITTAPI function instrumented: __itt_heap_reallocate_end
104871 : 0x4822a94e990a : 2 : ittapi_config_apply_per_lib :  ITTAPI function not implemented: __itt_heap_internal_access_begin
104871 : 0x4822a94ea0b2 : 2 : ittapi_config_apply_per_lib :  ITTAPI function not implemented: __itt_heap_internal_access_end
104871 : 0x4822a94ea8b5 : 2 : ittapi_config_apply_per_lib :  ITTAPI function not implemented: __itt_heap_record_memory_growth_begin
104871 : 0x4822a94eb09c : 2 : ittapi_config_apply_per_lib :  ITTAPI function not implemented: __itt_heap_record_memory_growth_end
104871 : 0x4822a94eb84d : 2 : ittapi_config_apply_per_lib :  ITTAPI function not implemented: __itt_heap_reset_detection
104871 : 0x4822a94ec01d : 2 : ittapi_config_apply_per_lib :  ITTAPI function not implemented: __itt_heap_record
104871 : 0x4822a94ed41e : 2 : ittapi_config_apply_per_lib :  ITTAPI function not implemented: __itt_id_create
104871 : 0x4822a94edc21 : 2 : ittapi_config_apply_per_lib :  ITTAPI function not implemented: __itt_id_destroy
104871 : 0x4822a94ee354 : 2 : ittapi_config_apply_per_lib :  ITTAPI function instrumented: __itt_get_timestamp
104871 : 0x4822a94eeb0e : 2 : ittapi_config_apply_per_lib :  ITTAPI function not implemented: __itt_region_begin
104871 : 0x4822a94ef27e : 2 : ittapi_config_apply_per_lib :  ITTAPI function not implemented: __itt_region_end
104871 : 0x4822a94ef9af : 2 : ittapi_config_apply_per_lib :  ITTAPI function instrumented: __itt_frame_begin_v3
104871 : 0x4822a94f00e4 : 2 : ittapi_config_apply_per_lib :  ITTAPI function instrumented: __itt_frame_end_v3
104871 : 0x4822a94f07f0 : 2 : ittapi_config_apply_per_lib :  ITTAPI function instrumented: __itt_frame_submit_v3
104871 : 0x4822a94f0f87 : 2 : ittapi_config_apply_per_lib :  ITTAPI function not implemented: __itt_task_group
104871 : 0x4822a94f1712 : 2 : ittapi_config_apply_per_lib :  ITTAPI function instrumented: __itt_task_begin
104871 : 0x4822a94f3145 : 2 : ittapi_config_apply_per_lib :  ITTAPI function instrumented: __itt_task_begin_fn
104871 : 0x4822a94f3879 : 2 : ittapi_config_apply_per_lib :  ITTAPI function instrumented: __itt_task_end
104871 : 0x4822a94f4077 : 2 : ittapi_config_apply_per_lib :  ITTAPI function not implemented: __itt_counter_inc_v3
104871 : 0x4822a94f48a1 : 2 : ittapi_config_apply_per_lib :  ITTAPI function not implemented: __itt_counter_inc_delta_v3
104871 : 0x4822a94f5077 : 2 : ittapi_config_apply_per_lib :  ITTAPI function not implemented: __itt_counter_dec_v3
104871 : 0x4822a94f5844 : 2 : ittapi_config_apply_per_lib :  ITTAPI function not implemented: __itt_counter_dec_delta_v3
104871 : 0x4822a94f6002 : 2 : ittapi_config_apply_per_lib :  ITTAPI function not implemented: __itt_marker
104871 : 0x4822a94f6738 : 2 : ittapi_config_apply_per_lib :  ITTAPI function instrumented: __itt_metadata_add
104871 : 0x4822a94f6f12 : 2 : ittapi_config_apply_per_lib :  ITTAPI function not implemented: __itt_metadata_str_add
104871 : 0x4822a94f7681 : 2 : ittapi_config_apply_per_lib :  ITTAPI function not implemented: __itt_relation_add_to_current
104871 : 0x4822a94f8afa : 2 : ittapi_config_apply_per_lib :  ITTAPI function not implemented: __itt_relation_add
104871 : 0x4822a94f9239 : 2 : ittapi_config_apply_per_lib :  ITTAPI function instrumented: __itt_event_create
104871 : 0x4822a94f993f : 2 : ittapi_config_apply_per_lib :  ITTAPI function instrumented: __itt_event_start
104871 : 0x4822a94fa065 : 2 : ittapi_config_apply_per_lib :  ITTAPI function instrumented: __itt_event_end
104871 : 0x4822a94fa454 : 2 : ittapi_config_apply_per_lib :  ITTAPI function NOT instrumented (not matched by --itt-config option): __itt_sync_set_name

104871 : 0x4822a94fa851 : 2 : ittapi_config_apply_per_lib :  ITTAPI function NOT instrumented (not matched by --itt-config option): __itt_notify_sync_name

104871 : 0x4822a94fabd5 : 2 : ittapi_config_apply_per_lib :  ITTAPI function NOT instrumented (not matched by --itt-config option): __itt_notify_sync_prepare

104871 : 0x4822a94faf80 : 2 : ittapi_config_apply_per_lib :  ITTAPI function NOT instrumented (not matched by --itt-config option): __itt_notify_sync_cancel

104871 : 0x4822a94fb2db : 2 : ittapi_config_apply_per_lib :  ITTAPI function NOT instrumented (not matched by --itt-config option): __itt_notify_sync_acquired

104871 : 0x4822a94fb65d : 2 : ittapi_config_apply_per_lib :  ITTAPI function NOT instrumented (not matched by --itt-config option): __itt_notify_sync_releasing

104871 : 0x4822a94fc92c : 2 : ittapi_config_apply_per_lib :  ITTAPI function not implemented: __itt_memory_read
104871 : 0x4822a94fd165 : 2 : ittapi_config_apply_per_lib :  ITTAPI function not implemented: __itt_memory_write
104871 : 0x4822a94fd8da : 2 : ittapi_config_apply_per_lib :  ITTAPI function not implemented: __itt_memory_update
104871 : 0x4822a94fe05f : 2 : ittapi_config_apply_per_lib :  ITTAPI function not implemented: __itt_state_get
104871 : 0x4822a94fe7da : 2 : ittapi_config_apply_per_lib :  ITTAPI function not implemented: __itt_state_set
104871 : 0x4822a94fefc3 : 2 : ittapi_config_apply_per_lib :  ITTAPI function not implemented: __itt_obj_mode_set
104871 : 0x4822a94ff759 : 2 : ittapi_config_apply_per_lib :  ITTAPI function not implemented: __itt_thr_mode_set
104871 : 0x4822a94ffe52 : 2 : ittapi_config_apply_per_lib :  ITTAPI function instrumented: __itt_frame_create
104871 : 0x4822a9500532 : 2 : ittapi_config_apply_per_lib :  ITTAPI function instrumented: __itt_pt_region_create
104871 : 0x4822a9500c54 : 2 : ittapi_config_apply_per_lib :  ITTAPI function instrumented: __itt_frame_begin
104871 : 0x4822a9502555 : 2 : ittapi_config_apply_per_lib :  ITTAPI function instrumented: __itt_frame_end
104871 : 0x4822a9502db6 : 2 : ittapi_config_apply_per_lib :  ITTAPI function not implemented: __itt_counter_destroy
104871 : 0x4822a95034e6 : 2 : ittapi_config_apply_per_lib :  ITTAPI function instrumented: __itt_counter_inc
104871 : 0x4822a9503bbf : 2 : ittapi_config_apply_per_lib :  ITTAPI function instrumented: __itt_counter_inc_delta
104871 : 0x4822a9504299 : 2 : ittapi_config_apply_per_lib :  ITTAPI function instrumented: __itt_counter_dec
104871 : 0x4822a95049a5 : 2 : ittapi_config_apply_per_lib :  ITTAPI function instrumented: __itt_counter_dec_delta
104871 : 0x4822a95050a2 : 2 : ittapi_config_apply_per_lib :  ITTAPI function instrumented: __itt_counter_set_value
104871 : 0x4822a9505861 : 2 : ittapi_config_apply_per_lib :  ITTAPI function not implemented: __itt_counter_set_value_ex
104871 : 0x4822a9505fcd : 2 : ittapi_config_apply_per_lib :  ITTAPI function not implemented: __itt_mark_create
104871 : 0x4822a9506766 : 2 : ittapi_config_apply_per_lib :  ITTAPI function not implemented: __itt_mark
104871 : 0x4822a9507bd9 : 2 : ittapi_config_apply_per_lib :  ITTAPI function not implemented: __itt_mark_off
104871 : 0x4822a9508393 : 2 : ittapi_config_apply_per_lib :  ITTAPI function not implemented: __itt_mark_global
104871 : 0x4822a9508b17 : 2 : ittapi_config_apply_per_lib :  ITTAPI function not implemented: __itt_mark_global_off
104871 : 0x4822a95092e2 : 2 : ittapi_config_apply_per_lib :  ITTAPI function instrumented: __itt_stack_caller_create
104871 : 0x4822a9509a46 : 2 : ittapi_config_apply_per_lib :  ITTAPI function instrumented: __itt_stack_caller_destroy
104871 : 0x4822a950a182 : 2 : ittapi_config_apply_per_lib :  ITTAPI function instrumented: __itt_stack_callee_enter
104871 : 0x4822a950a86d : 2 : ittapi_config_apply_per_lib :  ITTAPI function instrumented: __itt_stack_callee_leave
104871 : 0x4822a950b00f : 2 : ittapi_config_apply_per_lib :  ITTAPI function not implemented: __itt_clock_domain_create
104871 : 0x4822a950b7e3 : 2 : ittapi_config_apply_per_lib :  ITTAPI function not implemented: __itt_clock_domain_reset
104871 : 0x4822a950bf70 : 2 : ittapi_config_apply_per_lib :  ITTAPI function not implemented: __itt_id_create_ex
104871 : 0x4822a950d344 : 2 : ittapi_config_apply_per_lib :  ITTAPI function not implemented: __itt_id_destroy_ex
104871 : 0x4822a950db39 : 2 : ittapi_config_apply_per_lib :  ITTAPI function not implemented: __itt_task_begin_ex
104871 : 0x4822a950e2ad : 2 : ittapi_config_apply_per_lib :  ITTAPI function not implemented: __itt_task_begin_fn_ex
104871 : 0x4822a950ea35 : 2 : ittapi_config_apply_per_lib :  ITTAPI function not implemented: __itt_task_end_ex
104871 : 0x4822a950f164 : 2 : ittapi_config_apply_per_lib :  ITTAPI function instrumented: __itt_task_begin_overlapped
104871 : 0x4822a950f8ea : 2 : ittapi_config_apply_per_lib :  ITTAPI function not implemented: __itt_task_begin_overlapped_ex
104871 : 0x4822a950ffe6 : 2 : ittapi_config_apply_per_lib :  ITTAPI function instrumented: __itt_task_end_overlapped
104871 : 0x4822a9510765 : 2 : ittapi_config_apply_per_lib :  ITTAPI function not implemented: __itt_task_end_overlapped_ex
104871 : 0x4822a9510edc : 2 : ittapi_config_apply_per_lib :  ITTAPI function not implemented: __itt_marker_ex
104871 : 0x4822a951169f : 2 : ittapi_config_apply_per_lib :  ITTAPI function not implemented: __itt_metadata_add_with_scope
104871 : 0x4822a9512b14 : 2 : ittapi_config_apply_per_lib :  ITTAPI function not implemented: __itt_metadata_str_add_with_scope
104871 : 0x4822a951333b : 2 : ittapi_config_apply_per_lib :  ITTAPI function not implemented: __itt_relation_add_to_current_ex
104871 : 0x4822a9513ae0 : 2 : ittapi_config_apply_per_lib :  ITTAPI function not implemented: __itt_relation_add_ex
104871 : 0x4822a9514265 : 2 : ittapi_config_apply_per_lib :  ITTAPI function not implemented: __itt_track_group_create
104871 : 0x4822a95149a4 : 2 : ittapi_config_apply_per_lib :  ITTAPI function not implemented: __itt_track_create
104871 : 0x4822a9515124 : 2 : ittapi_config_apply_per_lib :  ITTAPI function not implemented: __itt_set_track
104871 : 0x4822a9515891 : 2 : ittapi_config_apply_per_lib :  ITTAPI function instrumented: __itt_api_version
104871 : 0x4822a951602b : 2 : ittapi_config_apply_per_lib :  ITTAPI function not implemented: __itt_av_save
104871 : 0x4822a951677d : 2 : ittapi_config_apply_per_lib :  ITTAPI function instrumented: __itt_module_load
104871 : 0x4822a9516f38 : 2 : ittapi_config_apply_per_lib :  ITTAPI function not implemented: __itt_module_unload