11 [140190985148096] INFO perfrun.launcher <> - Launcher main begin
16 [140190985148096] INFO perfrun.launcher <> - MessageCatalogInit finished
16 [140190985148096] INFO perfrun.launcher <> - Launcher instance created
16 [140190985148096] INFO perfrun.launcher <> - argc = 6; cmdline = /usr/local/software/intel/oneapi/2022.1/vtune/2022.1.0/bin64/amplxe-runss -dump-vdso -r /tmp/amplxe-tmp-xx823/amplxe-res-257161-994567576300485 --tmp-dir /tmp/amplxe-tmp-xx823 
63 [140190985148096] INFO perfrun.launcher <> - create msngr2::ICliToolContext
63 [140190985148096] INFO perfrun.launcher <> - create file finder object
78 [140190849152768] INFO perfrun.launcher <> - plugin [remoteplug] was disabled because it doesn't support the given collection type.
78 [140190849152768] INFO perfrun.launcher <> - plugin [system] was disabled because it doesn't support the given collection type.
78 [140190849152768] INFO perfrun.vdso <> - dumping [vdso] pseudomodule
78 [140190849152768] INFO perfrun.launcher <> - plugin [itt] was disabled because it doesn't support the given collection type.
79 [140190849152768] INFO perfrun.launcher <> - plugin [ptracecollector] was disabled because it doesn't support the given collection type.
79 [140190849152768] INFO perfrun.launcher <> - plugin [gpu] was disabled because it doesn't support the given collection type.
79 [140190849152768] INFO perfrun.launcher <> - plugin [] was disabled because it doesn't support the given collection type.
79 [140190849152768] INFO perfrun.launcher <> - plugin [] was disabled because it doesn't support the given collection type.
79 [140190849152768] INFO perfrun.launcher <> - plugin [] was disabled because it doesn't support the given collection type.
79 [140190849152768] INFO perfrun.launcher <> - plugin [mrte] was disabled because it doesn't support the given collection type.
79 [140190849152768] INFO perfrun.launcher <> - plugin [emon] was disabled because it doesn't support the given collection type.
79 [140190849152768] INFO perfrun.launcher <> - plugin [cuscol] was disabled because it doesn't support the given collection type.
79 [140190849152768] INFO perfrun.launcher <> - plugin [stdsrc] was disabled because it doesn't support the given collection type.
79 [140190849152768] INFO perfrun.launcher <> - plugin [sep] was disabled because it doesn't support the given collection type.
79 [140190849152768] INFO perfrun.launcher <> - plugin [vtsspp] was disabled because it doesn't support the given collection type.
79 [140190849152768] INFO perfrun.launcher <> - plugin [perf] was disabled because it doesn't support the given collection type.
79 [140190849152768] INFO perfrun.launcher <> - plugin [aoclprofile] was disabled because it doesn't support the given collection type.
79 [140190849152768] INFO perfrun.launcher <> - plugin [tpss] was disabled because it doesn't support the given collection type.
79 [140190849152768] INFO perfrun.launcher <> - plugin [media] was disabled because it doesn't support the given collection type.
79 [140190849152768] INFO perfrun.launcher <> - plugin [] was disabled because it doesn't support the given collection type.
79 [140190849152768] INFO perfrun.launcher <> - plugin [] was disabled because it doesn't support the given collection type.
79 [140190849152768] INFO perfrun.launcher <> - plugin [parallelfs] was disabled because it doesn't support the given collection type.
79 [140190849152768] INFO perfrun.launcher <> - plugin [power] was disabled because it doesn't support the given collection type.
79 [140190849152768] INFO perfrun.launcher <> - plugin [hwloc] was disabled because it doesn't support the given collection type.
79 [140190849152768] INFO perfrun.launcher <> - plugin [ipmwatch] was disabled because it doesn't support the given collection type.
79 [140190849152768] INFO perfrun.launcher <> - plugin [os_counters] was disabled because it doesn't support the given collection type.
79 [140190849152768] INFO perfrun.launcher <> - plugin [l0_metrics] was disabled because it doesn't support the given collection type.
79 [140190985148096] INFO perfrun.launcher <> - Application exit code: 0
79 [140190985148096] INFO perfrun.launcher <> - Exit code: 0
